This file contains any messages produced by compilers while
running configure, to aid debugging if configure makes a mistake.

It was created by cc-tool configure 0.26, which was
generated by GNU Autoconf 2.68.  Invocation command line was

  $ ./configure 

## --------- ##
## Platform. ##
## --------- ##

hostname = linux-9ojj
uname -m = x86_64
uname -r = 4.1.15-8-default
uname -s = Linux
uname -v = #1 SMP PREEMPT Wed Jan 20 16:41:00 UTC 2016 (0e3b3ab)

/usr/bin/uname -p = x86_64
/bin/uname -X     = unknown

/bin/arch              = x86_64
/usr/bin/arch -k       = unknown
/usr/convex/getsysinfo = unknown
/usr/bin/hostinfo      = unknown
/bin/machine           = unknown
/usr/bin/oslevel       = unknown
/bin/universe          = unknown

PATH: /home/jacky/bin
PATH: /usr/local/bin
PATH: /usr/bin
PATH: /bin
PATH: /usr/bin/X11
PATH: /usr/games


## ----------- ##
## Core tests. ##
## ----------- ##

configure:2248: loading site script /usr/share/site/x86_64-unknown-linux-gnu
| #!/bin/sh
| # Site script for configure. It is resourced via $CONFIG_SITE environment varaible.
| 
| # If user did not specify libdir, guess the correct target:
| # Use lib64 for 64 bit bi-arch targets, keep the default for the rest.
| if test "$libdir" = '${exec_prefix}/lib' ; then
| 
| 	ac_config_site_64bit_host=NONE
| 
| 	case "$host" in
| 	"" )
| 		# User did not specify host target.
| 		# The native platform x86_64 is a bi-arch platform.
| 		# Try to detect cross-compilation to inferior architecture.
| 
| 		# We are trying to guess 32-bit target compilation. It's not as easy as
| 		# it sounds, as there is possible several intermediate combinations.
| 		ac_config_site_cross_to_32bit_host=NONE
| 
| 		# User defined -m32 in CFLAGS or CXXFLAGS or CC or CXX:
| 		# (It's sufficient for 32-bit, but alone may cause mis-behavior of some checks.)
| 		case "$CFLAGS $CXXFLAGS $CC $CXX" in
| 		*-m32*)
| 			ac_config_site_cross_to_32bit_host=YES
| 			;;
| 		esac
| 
| 		# Running with linux32:
| 		# (Changes detected platform, but not the toolchain target.)
| 		case "`/bin/uname -i`" in
| 		x86_64 | ppc64 | s390x )
| 			;;
| 		* )
| 			ac_config_site_cross_to_32bit_host=YES
| 			;;
| 		esac
| 
| 		if test "x$ac_config_site_cross_to_32bit_host" = xNONE; then
| 			ac_config_site_64bit_host=YES
| 		fi
| 
| 		;;
| 	*x86_64* | *ppc64* | *s390x* )
| 		ac_config_site_64bit_host=YES
| 		;;
| 	esac
| 
| 	if test "x$ac_config_site_64bit_host" = xYES; then
| 		libdir='${exec_prefix}/lib64'
| 	fi
| fi
| 
| # If user did not specify libexecdir, set the correct target:
| # Nor FHS nor openSUSE allow prefix/libexec. Let's default to prefix/lib.
| 
| if test "$libexecdir" = '${exec_prefix}/libexec' ; then
| 	libexecdir='${exec_prefix}/lib'
| fi
| 
| # Continue with the standard behavior of configure defined in AC_SITE_LOAD:
| if test "x$prefix" != xNONE; then
| 	ac_site_file1=$prefix/share/config.site
| 	ac_site_file2=$prefix/etc/config.site
| else
| 	ac_site_file1=$ac_default_prefix/share/config.site
| 	ac_site_file2=$ac_default_prefix/etc/config.site
| fi
| for ac_site_file in "$ac_site_file1" "$ac_site_file2"
| do
| 	test "x$ac_site_file" = xNONE && continue
| 	if test /dev/null != "$ac_site_file" && test -r "$ac_site_file"; then
| 		{ $as_echo "/usr/share/site/x86_64-unknown-linux-gnu:${as_lineno-$LINENO}: loading site script $ac_site_file" >&5
| $as_echo "/usr/share/site/x86_64-unknown-linux-gnu: loading site script $ac_site_file" >&6;}
| 		sed 's/^/| /' "$ac_site_file" >&5
| 		. "$ac_site_file" \
| 			|| { { $as_echo "/usr/share/site/x86_64-unknown-linux-gnu:${as_lineno-$LINENO}: error: in \`$ac_pwd':" >&5
| $as_echo "/usr/share/site/x86_64-unknown-linux-gnu: error: in \`$ac_pwd':" >&2;}
| as_fn_error $? "failed to load site script $ac_site_file
| See \`config.log' for more details" "$LINENO" 5; }
| 	fi
| done
configure:2389: checking for a BSD-compatible install
configure:2457: result: /usr/bin/install -c
configure:2468: checking whether build environment is sane
configure:2518: result: yes
configure:2659: checking for a thread-safe mkdir -p
configure:2698: result: /usr/bin/mkdir -p
configure:2711: checking for gawk
configure:2727: found /usr/bin/gawk
configure:2738: result: gawk
configure:2749: checking whether make sets $(MAKE)
configure:2771: result: yes
configure:2862: checking whether make supports nested variables
configure:2879: result: yes
configure:2920: checking build system type
configure:2934: result: x86_64-unknown-linux-gnu
configure:2954: checking host system type
configure:2967: result: x86_64-unknown-linux-gnu
configure:3008: checking how to print strings
configure:3035: result: printf
configure:3104: checking for gcc
configure:3120: found /usr/bin/gcc
configure:3131: result: gcc
configure:3360: checking for C compiler version
configure:3369: gcc --version >&5
gcc (SUSE Linux) 4.8.5
Copyright (C) 2015 Free Software Foundation, Inc.
This is free software; see the source for copying conditions.  There is NO
warranty; not even for MERCHANTABILITY or FITNESS FOR A PARTICULAR PURPOSE.

configure:3380: $? = 0
configure:3369: gcc -v >&5
Using built-in specs.
COLLECT_GCC=gcc
COLLECT_LTO_WRAPPER=/usr/lib64/gcc/x86_64-suse-linux/4.8/lto-wrapper
Target: x86_64-suse-linux
Configured with: ../configure --prefix=/usr --infodir=/usr/share/info --mandir=/usr/share/man --libdir=/usr/lib64 --libexecdir=/usr/lib64 --enable-languages=c,c++,objc,fortran,obj-c++,java,ada --enable-checking=release --with-gxx-include-dir=/usr/include/c++/4.8 --enable-ssp --disable-libssp --disable-plugin --with-bugurl=http://bugs.opensuse.org/ --with-pkgversion='SUSE Linux' --disable-libgcj --disable-libmudflap --with-slibdir=/lib64 --with-system-zlib --enable-__cxa_atexit --enable-libstdcxx-allocator=new --disable-libstdcxx-pch --enable-version-specific-runtime-libs --enable-linker-build-id --enable-linux-futex --program-suffix=-4.8 --without-system-libunwind --with-arch-32=i586 --with-tune=generic --build=x86_64-suse-linux --host=x86_64-suse-linux
Thread model: posix
gcc version 4.8.5 (SUSE Linux) 
configure:3380: $? = 0
configure:3369: gcc -V >&5
gcc: error: unrecognized command line option '-V'
gcc: fatal error: no input files
compilation terminated.
configure:3380: $? = 1
configure:3369: gcc -qversion >&5
gcc: error: unrecognized command line option '-qversion'
gcc: fatal error: no input files
compilation terminated.
configure:3380: $? = 1
configure:3400: checking whether the C compiler works
configure:3422: gcc    conftest.c  >&5
configure:3426: $? = 0
configure:3474: result: yes
configure:3477: checking for C compiler default output file name
configure:3479: result: a.out
configure:3485: checking for suffix of executables
configure:3492: gcc -o conftest    conftest.c  >&5
configure:3496: $? = 0
configure:3518: result: 
configure:3540: checking whether we are cross compiling
configure:3548: gcc -o conftest    conftest.c  >&5
configure:3552: $? = 0
configure:3559: ./conftest
configure:3563: $? = 0
configure:3578: result: no
configure:3583: checking for suffix of object files
configure:3605: gcc -c   conftest.c >&5
configure:3609: $? = 0
configure:3630: result: o
configure:3634: checking whether we are using the GNU C compiler
configure:3653: gcc -c   conftest.c >&5
configure:3653: $? = 0
configure:3662: result: yes
configure:3671: checking whether gcc accepts -g
configure:3691: gcc -c -g  conftest.c >&5
configure:3691: $? = 0
configure:3732: result: yes
configure:3749: checking for gcc option to accept ISO C89
configure:3813: gcc  -c -g -O2  conftest.c >&5
configure:3813: $? = 0
configure:3826: result: none needed
configure:3846: checking for a sed that does not truncate output
configure:3910: result: /usr/bin/sed
configure:3928: checking for grep that handles long lines and -e
configure:3986: result: /usr/bin/grep
configure:3991: checking for egrep
configure:4053: result: /usr/bin/grep -E
configure:4058: checking for fgrep
configure:4120: result: /usr/bin/grep -F
configure:4155: checking for ld used by gcc
configure:4222: result: /usr/x86_64-suse-linux/bin/ld
configure:4229: checking if the linker (/usr/x86_64-suse-linux/bin/ld) is GNU ld
configure:4244: result: yes
configure:4256: checking for BSD- or MS-compatible name lister (nm)
configure:4305: result: /usr/bin/nm -B
configure:4435: checking the name lister (/usr/bin/nm -B) interface
configure:4442: gcc -c -g -O2  conftest.c >&5
configure:4445: /usr/bin/nm -B "conftest.o"
configure:4448: output
0000000000000000 B some_variable
configure:4455: result: BSD nm
configure:4458: checking whether ln -s works
configure:4462: result: yes
configure:4470: checking the maximum length of command line arguments
configure:4600: result: 1572864
configure:4617: checking whether the shell understands some XSI constructs
configure:4627: result: yes
configure:4631: checking whether the shell understands "+="
configure:4637: result: yes
configure:4672: checking how to convert x86_64-unknown-linux-gnu file names to x86_64-unknown-linux-gnu format
configure:4712: result: func_convert_file_noop
configure:4719: checking how to convert x86_64-unknown-linux-gnu file names to toolchain format
configure:4739: result: func_convert_file_noop
configure:4746: checking for /usr/x86_64-suse-linux/bin/ld option to reload object files
configure:4753: result: -r
configure:4827: checking for objdump
configure:4843: found /usr/bin/objdump
configure:4854: result: objdump
configure:4886: checking how to recognize dependent libraries
configure:5088: result: pass_all
configure:5173: checking for dlltool
configure:5203: result: no
configure:5233: checking how to associate runtime and link libraries
configure:5260: result: printf %s\n
configure:5321: checking for ar
configure:5337: found /usr/bin/ar
configure:5348: result: ar
configure:5385: checking for archiver @FILE support
configure:5402: gcc -c -g -O2  conftest.c >&5
configure:5402: $? = 0
configure:5405: ar cru libconftest.a @conftest.lst >&5
configure:5408: $? = 0
configure:5413: ar cru libconftest.a @conftest.lst >&5
ar: conftest.o: No such file or directory
configure:5416: $? = 1
configure:5428: result: @
configure:5486: checking for strip
configure:5502: found /usr/bin/strip
configure:5513: result: strip
configure:5585: checking for ranlib
configure:5601: found /usr/bin/ranlib
configure:5612: result: ranlib
configure:5714: checking command to parse /usr/bin/nm -B output from gcc object
configure:5834: gcc -c -g -O2  conftest.c >&5
configure:5837: $? = 0
configure:5841: /usr/bin/nm -B conftest.o \| sed -n -e 's/^.*[ ]\([ABCDGIRSTW][ABCDGIRSTW]*\)[ ][ ]*\([_A-Za-z][_A-Za-z0-9]*\)$/\1 \2 \2/p' | sed '/ __gnu_lto/d' \> conftest.nm
configure:5844: $? = 0
configure:5910: gcc -o conftest -g -O2   conftest.c conftstm.o >&5
configure:5913: $? = 0
configure:5951: result: ok
configure:5988: checking for sysroot
configure:6018: result: no
configure:6095: gcc -c -g -O2  conftest.c >&5
configure:6098: $? = 0
configure:6274: checking for mt
configure:6290: found /usr/bin/mt
configure:6301: result: mt
configure:6324: checking if mt is a manifest tool
configure:6330: mt '-?'
configure:6338: result: no
configure:6980: checking how to run the C preprocessor
configure:7011: gcc -E  conftest.c
configure:7011: $? = 0
configure:7025: gcc -E  conftest.c
conftest.c:11:28: fatal error: ac_nonexistent.h: No such file or directory
 #include <ac_nonexistent.h>
                            ^
compilation terminated.
configure:7025: $? = 1
configure: failed program was:
| /* confdefs.h */
| #define PACKAGE_NAME "cc-tool"
| #define PACKAGE_TARNAME "cc-tool"
| #define PACKAGE_VERSION "0.26"
| #define PACKAGE_STRING "cc-tool 0.26"
| #define PACKAGE_BUGREPORT "george-u@yandex.com"
| #define PACKAGE_URL ""
| #define PACKAGE "cc-tool"
| #define VERSION "0.26"
| /* end confdefs.h.  */
| #include <ac_nonexistent.h>
configure:7050: result: gcc -E
configure:7070: gcc -E  conftest.c
configure:7070: $? = 0
configure:7084: gcc -E  conftest.c
conftest.c:11:28: fatal error: ac_nonexistent.h: No such file or directory
 #include <ac_nonexistent.h>
                            ^
compilation terminated.
configure:7084: $? = 1
configure: failed program was:
| /* confdefs.h */
| #define PACKAGE_NAME "cc-tool"
| #define PACKAGE_TARNAME "cc-tool"
| #define PACKAGE_VERSION "0.26"
| #define PACKAGE_STRING "cc-tool 0.26"
| #define PACKAGE_BUGREPORT "george-u@yandex.com"
| #define PACKAGE_URL ""
| #define PACKAGE "cc-tool"
| #define VERSION "0.26"
| /* end confdefs.h.  */
| #include <ac_nonexistent.h>
configure:7113: checking for ANSI C header files
configure:7133: gcc -c -g -O2  conftest.c >&5
configure:7133: $? = 0
configure:7206: gcc -o conftest -g -O2   conftest.c  >&5
configure:7206: $? = 0
configure:7206: ./conftest
configure:7206: $? = 0
configure:7217: result: yes
configure:7230: checking for sys/types.h
configure:7230: gcc -c -g -O2  conftest.c >&5
configure:7230: $? = 0
configure:7230: result: yes
configure:7230: checking for sys/stat.h
configure:7230: gcc -c -g -O2  conftest.c >&5
configure:7230: $? = 0
configure:7230: result: yes
configure:7230: checking for stdlib.h
configure:7230: gcc -c -g -O2  conftest.c >&5
configure:7230: $? = 0
configure:7230: result: yes
configure:7230: checking for string.h
configure:7230: gcc -c -g -O2  conftest.c >&5
configure:7230: $? = 0
configure:7230: result: yes
configure:7230: checking for memory.h
configure:7230: gcc -c -g -O2  conftest.c >&5
configure:7230: $? = 0
configure:7230: result: yes
configure:7230: checking for strings.h
configure:7230: gcc -c -g -O2  conftest.c >&5
configure:7230: $? = 0
configure:7230: result: yes
configure:7230: checking for inttypes.h
configure:7230: gcc -c -g -O2  conftest.c >&5
configure:7230: $? = 0
configure:7230: result: yes
configure:7230: checking for stdint.h
configure:7230: gcc -c -g -O2  conftest.c >&5
configure:7230: $? = 0
configure:7230: result: yes
configure:7230: checking for unistd.h
configure:7230: gcc -c -g -O2  conftest.c >&5
configure:7230: $? = 0
configure:7230: result: yes
configure:7244: checking for dlfcn.h
configure:7244: gcc -c -g -O2  conftest.c >&5
configure:7244: $? = 0
configure:7244: result: yes
configure:7450: checking for objdir
configure:7465: result: .libs
configure:7736: checking if gcc supports -fno-rtti -fno-exceptions
configure:7754: gcc -c -g -O2  -fno-rtti -fno-exceptions conftest.c >&5
cc1: warning: command line option '-fno-rtti' is valid for C++/ObjC++ but not for C [enabled by default]
configure:7758: $? = 0
configure:7771: result: no
configure:8098: checking for gcc option to produce PIC
configure:8105: result: -fPIC -DPIC
configure:8113: checking if gcc PIC flag -fPIC -DPIC works
configure:8131: gcc -c -g -O2  -fPIC -DPIC -DPIC conftest.c >&5
configure:8135: $? = 0
configure:8148: result: yes
configure:8177: checking if gcc static flag -static works
configure:8205: result: no
configure:8220: checking if gcc supports -c -o file.o
configure:8241: gcc -c -g -O2  -o out/conftest2.o conftest.c >&5
configure:8245: $? = 0
configure:8267: result: yes
configure:8275: checking if gcc supports -c -o file.o
configure:8322: result: yes
configure:8355: checking whether the gcc linker (/usr/x86_64-suse-linux/bin/ld -m elf_x86_64) supports shared libraries
configure:9508: result: yes
configure:9545: checking whether -lc should be explicitly linked in
configure:9553: gcc -c -g -O2  conftest.c >&5
configure:9556: $? = 0
configure:9571: gcc -shared  -fPIC -DPIC conftest.o  -v -Wl,-soname -Wl,conftest -o conftest 2\>\&1 \| /usr/bin/grep  -lc  \>/dev/null 2\>\&1
configure:9574: $? = 0
configure:9588: result: no
configure:9748: checking dynamic linker characteristics
configure:10259: gcc -o conftest -g -O2   -Wl,-rpath -Wl,/foo conftest.c  >&5
configure:10259: $? = 0
configure:10485: result: GNU/Linux ld.so
configure:10592: checking how to hardcode library paths into programs
configure:10617: result: immediate
configure:11157: checking whether stripping libraries is possible
configure:11162: result: yes
configure:11197: checking if libtool supports shared libraries
configure:11199: result: yes
configure:11202: checking whether to build shared libraries
configure:11223: result: yes
configure:11226: checking whether to build static libraries
configure:11230: result: yes
configure:11325: checking for g++
configure:11341: found /usr/bin/g++
configure:11352: result: g++
configure:11379: checking for C++ compiler version
configure:11388: g++ --version >&5
g++ (SUSE Linux) 4.8.5
Copyright (C) 2015 Free Software Foundation, Inc.
This is free software; see the source for copying conditions.  There is NO
warranty; not even for MERCHANTABILITY or FITNESS FOR A PARTICULAR PURPOSE.

configure:11399: $? = 0
configure:11388: g++ -v >&5
Using built-in specs.
COLLECT_GCC=g++
COLLECT_LTO_WRAPPER=/usr/lib64/gcc/x86_64-suse-linux/4.8/lto-wrapper
Target: x86_64-suse-linux
Configured with: ../configure --prefix=/usr --infodir=/usr/share/info --mandir=/usr/share/man --libdir=/usr/lib64 --libexecdir=/usr/lib64 --enable-languages=c,c++,objc,fortran,obj-c++,java,ada --enable-checking=release --with-gxx-include-dir=/usr/include/c++/4.8 --enable-ssp --disable-libssp --disable-plugin --with-bugurl=http://bugs.opensuse.org/ --with-pkgversion='SUSE Linux' --disable-libgcj --disable-libmudflap --with-slibdir=/lib64 --with-system-zlib --enable-__cxa_atexit --enable-libstdcxx-allocator=new --disable-libstdcxx-pch --enable-version-specific-runtime-libs --enable-linker-build-id --enable-linux-futex --program-suffix=-4.8 --without-system-libunwind --with-arch-32=i586 --with-tune=generic --build=x86_64-suse-linux --host=x86_64-suse-linux
Thread model: posix
gcc version 4.8.5 (SUSE Linux) 
configure:11399: $? = 0
configure:11388: g++ -V >&5
g++: error: unrecognized command line option '-V'
g++: fatal error: no input files
compilation terminated.
configure:11399: $? = 1
configure:11388: g++ -qversion >&5
g++: error: unrecognized command line option '-qversion'
g++: fatal error: no input files
compilation terminated.
configure:11399: $? = 1
configure:11403: checking whether we are using the GNU C++ compiler
configure:11422: g++ -c   conftest.cpp >&5
configure:11422: $? = 0
configure:11431: result: yes
configure:11440: checking whether g++ accepts -g
configure:11460: g++ -c -g  conftest.cpp >&5
configure:11460: $? = 0
configure:11501: result: yes
configure:11542: checking how to run the C++ preprocessor
configure:11569: g++ -E  conftest.cpp
configure:11569: $? = 0
configure:11583: g++ -E  conftest.cpp
conftest.cpp:23:28: fatal error: ac_nonexistent.h: No such file or directory
 #include <ac_nonexistent.h>
                            ^
compilation terminated.
configure:11583: $? = 1
configure: failed program was:
| /* confdefs.h */
| #define PACKAGE_NAME "cc-tool"
| #define PACKAGE_TARNAME "cc-tool"
| #define PACKAGE_VERSION "0.26"
| #define PACKAGE_STRING "cc-tool 0.26"
| #define PACKAGE_BUGREPORT "george-u@yandex.com"
| #define PACKAGE_URL ""
| #define PACKAGE "cc-tool"
| #define VERSION "0.26"
| #define STDC_HEADERS 1
| #define HAVE_SYS_TYPES_H 1
| #define HAVE_SYS_STAT_H 1
| #define HAVE_STDLIB_H 1
| #define HAVE_STRING_H 1
| #define HAVE_MEMORY_H 1
| #define HAVE_STRINGS_H 1
| #define HAVE_INTTYPES_H 1
| #define HAVE_STDINT_H 1
| #define HAVE_UNISTD_H 1
| #define HAVE_DLFCN_H 1
| #define LT_OBJDIR ".libs/"
| /* end confdefs.h.  */
| #include <ac_nonexistent.h>
configure:11608: result: g++ -E
configure:11628: g++ -E  conftest.cpp
configure:11628: $? = 0
configure:11642: g++ -E  conftest.cpp
conftest.cpp:23:28: fatal error: ac_nonexistent.h: No such file or directory
 #include <ac_nonexistent.h>
                            ^
compilation terminated.
configure:11642: $? = 1
configure: failed program was:
| /* confdefs.h */
| #define PACKAGE_NAME "cc-tool"
| #define PACKAGE_TARNAME "cc-tool"
| #define PACKAGE_VERSION "0.26"
| #define PACKAGE_STRING "cc-tool 0.26"
| #define PACKAGE_BUGREPORT "george-u@yandex.com"
| #define PACKAGE_URL ""
| #define PACKAGE "cc-tool"
| #define VERSION "0.26"
| #define STDC_HEADERS 1
| #define HAVE_SYS_TYPES_H 1
| #define HAVE_SYS_STAT_H 1
| #define HAVE_STDLIB_H 1
| #define HAVE_STRING_H 1
| #define HAVE_MEMORY_H 1
| #define HAVE_STRINGS_H 1
| #define HAVE_INTTYPES_H 1
| #define HAVE_STDINT_H 1
| #define HAVE_UNISTD_H 1
| #define HAVE_DLFCN_H 1
| #define LT_OBJDIR ".libs/"
| /* end confdefs.h.  */
| #include <ac_nonexistent.h>
configure:11811: checking for ld used by g++
configure:11878: result: /usr/x86_64-suse-linux/bin/ld -m elf_x86_64
configure:11885: checking if the linker (/usr/x86_64-suse-linux/bin/ld -m elf_x86_64) is GNU ld
configure:11900: result: yes
configure:11955: checking whether the g++ linker (/usr/x86_64-suse-linux/bin/ld -m elf_x86_64) supports shared libraries
configure:12960: result: yes
configure:12996: g++ -c -g -O2  conftest.cpp >&5
configure:12999: $? = 0
configure:13519: checking for g++ option to produce PIC
configure:13526: result: -fPIC -DPIC
configure:13534: checking if g++ PIC flag -fPIC -DPIC works
configure:13552: g++ -c -g -O2  -fPIC -DPIC -DPIC conftest.cpp >&5
configure:13556: $? = 0
configure:13569: result: yes
configure:13592: checking if g++ static flag -static works
configure:13620: result: no
configure:13632: checking if g++ supports -c -o file.o
configure:13653: g++ -c -g -O2  -o out/conftest2.o conftest.cpp >&5
configure:13657: $? = 0
configure:13679: result: yes
configure:13684: checking if g++ supports -c -o file.o
configure:13731: result: yes
configure:13761: checking whether the g++ linker (/usr/x86_64-suse-linux/bin/ld -m elf_x86_64) supports shared libraries
configure:13797: result: yes
configure:13938: checking dynamic linker characteristics
configure:14609: result: GNU/Linux ld.so
configure:14662: checking how to hardcode library paths into programs
configure:14687: result: immediate
configure: this is boost.m4 serial 16
configure:14756: checking for Boost headers version >= 1.39.0
configure:14827: g++ -c -g -O2  conftest.cpp >&5
configure:14827: $? = 0
configure:14848: result: yes
configure:14867: checking for Boost's header version
configure:14885: result: 1_54
configure:14897: checking for the toolset name used by Boost for g++
configure:14972: g++ -c -g -O2  conftest.cpp >&5
configure:14972: $? = 0
configure:15007: result: gcc48 -gcc
configure:15034: gcc -c -g -O2  conftest.c >&5
conftest.c:28:3: error: #error MT not needed
 # error MT not needed
   ^
configure:15034: $? = 1
configure: failed program was:
| /* confdefs.h */
| #define PACKAGE_NAME "cc-tool"
| #define PACKAGE_TARNAME "cc-tool"
| #define PACKAGE_VERSION "0.26"
| #define PACKAGE_STRING "cc-tool 0.26"
| #define PACKAGE_BUGREPORT "george-u@yandex.com"
| #define PACKAGE_URL ""
| #define PACKAGE "cc-tool"
| #define VERSION "0.26"
| #define STDC_HEADERS 1
| #define HAVE_SYS_TYPES_H 1
| #define HAVE_SYS_STAT_H 1
| #define HAVE_STDLIB_H 1
| #define HAVE_STRING_H 1
| #define HAVE_MEMORY_H 1
| #define HAVE_STRINGS_H 1
| #define HAVE_INTTYPES_H 1
| #define HAVE_STDINT_H 1
| #define HAVE_UNISTD_H 1
| #define HAVE_DLFCN_H 1
| #define LT_OBJDIR ".libs/"
| #define HAVE_BOOST 1
| /* end confdefs.h.  */
| 
| #if defined _REENTRANT || defined _MT || defined __MT__
| /* use -mt */
| #else
| # error MT not needed
| #endif
| 
| int
| main ()
| {
| 
|   ;
|   return 0;
| }
configure:15062: checking boost/program_options.hpp usability
configure:15062: g++ -c -g -O2   conftest.cpp >&5
configure:15062: $? = 0
configure:15062: result: yes
configure:15062: checking boost/program_options.hpp presence
configure:15062: g++ -E   conftest.cpp
configure:15062: $? = 0
configure:15062: result: yes
configure:15062: checking for boost/program_options.hpp
configure:15062: result: yes
configure:15089: checking for the Boost program_options library
configure:15131: g++ -c -g -O2   conftest.cpp >&5
configure:15131: $? = 0
configure:15182: re-using the existing conftest.o
configure:15188: g++ -o conftest -g -O2    -L/usr/local/lib conftest.o -lboost_program_options-gcc48-mt-1_54  >&5
/usr/lib64/gcc/x86_64-suse-linux/4.8/../../../../x86_64-suse-linux/bin/ld: cannot find -lboost_program_options-gcc48-mt-1_54
collect2: error: ld returned 1 exit status
configure:15197: $? = 1
configure:15182: re-using the existing conftest.o
configure:15188: g++ -o conftest -g -O2    -L/usr/local/lib64 conftest.o -lboost_program_options-gcc48-mt-1_54  >&5
/usr/lib64/gcc/x86_64-suse-linux/4.8/../../../../x86_64-suse-linux/bin/ld: cannot find -lboost_program_options-gcc48-mt-1_54
collect2: error: ld returned 1 exit status
configure:15197: $? = 1
configure:15182: re-using the existing conftest.o
configure:15188: g++ -o conftest -g -O2    -L/usr/lib conftest.o -lboost_program_options-gcc48-mt-1_54  >&5
/usr/lib64/gcc/x86_64-suse-linux/4.8/../../../../x86_64-suse-linux/bin/ld: cannot find -lboost_program_options-gcc48-mt-1_54
collect2: error: ld returned 1 exit status
configure:15197: $? = 1
configure:15182: re-using the existing conftest.o
configure:15188: g++ -o conftest -g -O2    -L/usr/lib64 conftest.o -lboost_program_options-gcc48-mt-1_54  >&5
/usr/lib64/gcc/x86_64-suse-linux/4.8/../../../../x86_64-suse-linux/bin/ld: cannot find -lboost_program_options-gcc48-mt-1_54
collect2: error: ld returned 1 exit status
configure:15197: $? = 1
configure:15182: re-using the existing conftest.o
configure:15188: g++ -o conftest -g -O2    -L/lib conftest.o -lboost_program_options-gcc48-mt-1_54  >&5
/usr/lib64/gcc/x86_64-suse-linux/4.8/../../../../x86_64-suse-linux/bin/ld: cannot find -lboost_program_options-gcc48-mt-1_54
collect2: error: ld returned 1 exit status
configure:15197: $? = 1
configure:15182: re-using the existing conftest.o
configure:15188: g++ -o conftest -g -O2    -L/lib64 conftest.o -lboost_program_options-gcc48-mt-1_54  >&5
/usr/lib64/gcc/x86_64-suse-linux/4.8/../../../../x86_64-suse-linux/bin/ld: cannot find -lboost_program_options-gcc48-mt-1_54
collect2: error: ld returned 1 exit status
configure:15197: $? = 1
configure:15182: re-using the existing conftest.o
configure:15188: g++ -o conftest -g -O2    -L/usr/local/lib conftest.o -lboost_program_options-gcc48-1_54  >&5
/usr/lib64/gcc/x86_64-suse-linux/4.8/../../../../x86_64-suse-linux/bin/ld: cannot find -lboost_program_options-gcc48-1_54
collect2: error: ld returned 1 exit status
configure:15197: $? = 1
configure:15182: re-using the existing conftest.o
configure:15188: g++ -o conftest -g -O2    -L/usr/local/lib64 conftest.o -lboost_program_options-gcc48-1_54  >&5
/usr/lib64/gcc/x86_64-suse-linux/4.8/../../../../x86_64-suse-linux/bin/ld: cannot find -lboost_program_options-gcc48-1_54
collect2: error: ld returned 1 exit status
configure:15197: $? = 1
configure:15182: re-using the existing conftest.o
configure:15188: g++ -o conftest -g -O2    -L/usr/lib conftest.o -lboost_program_options-gcc48-1_54  >&5
/usr/lib64/gcc/x86_64-suse-linux/4.8/../../../../x86_64-suse-linux/bin/ld: cannot find -lboost_program_options-gcc48-1_54
collect2: error: ld returned 1 exit status
configure:15197: $? = 1
configure:15182: re-using the existing conftest.o
configure:15188: g++ -o conftest -g -O2    -L/usr/lib64 conftest.o -lboost_program_options-gcc48-1_54  >&5
/usr/lib64/gcc/x86_64-suse-linux/4.8/../../../../x86_64-suse-linux/bin/ld: cannot find -lboost_program_options-gcc48-1_54
collect2: error: ld returned 1 exit status
configure:15197: $? = 1
configure:15182: re-using the existing conftest.o
configure:15188: g++ -o conftest -g -O2    -L/lib conftest.o -lboost_program_options-gcc48-1_54  >&5
/usr/lib64/gcc/x86_64-suse-linux/4.8/../../../../x86_64-suse-linux/bin/ld: cannot find -lboost_program_options-gcc48-1_54
collect2: error: ld returned 1 exit status
configure:15197: $? = 1
configure:15182: re-using the existing conftest.o
configure:15188: g++ -o conftest -g -O2    -L/lib64 conftest.o -lboost_program_options-gcc48-1_54  >&5
/usr/lib64/gcc/x86_64-suse-linux/4.8/../../../../x86_64-suse-linux/bin/ld: cannot find -lboost_program_options-gcc48-1_54
collect2: error: ld returned 1 exit status
configure:15197: $? = 1
configure:15182: re-using the existing conftest.o
configure:15188: g++ -o conftest -g -O2    -L/usr/local/lib conftest.o -lboost_program_options-gcc48-mt-d-1_54  >&5
/usr/lib64/gcc/x86_64-suse-linux/4.8/../../../../x86_64-suse-linux/bin/ld: cannot find -lboost_program_options-gcc48-mt-d-1_54
collect2: error: ld returned 1 exit status
configure:15197: $? = 1
configure:15182: re-using the existing conftest.o
configure:15188: g++ -o conftest -g -O2    -L/usr/local/lib64 conftest.o -lboost_program_options-gcc48-mt-d-1_54  >&5
/usr/lib64/gcc/x86_64-suse-linux/4.8/../../../../x86_64-suse-linux/bin/ld: cannot find -lboost_program_options-gcc48-mt-d-1_54
collect2: error: ld returned 1 exit status
configure:15197: $? = 1
configure:15182: re-using the existing conftest.o
configure:15188: g++ -o conftest -g -O2    -L/usr/lib conftest.o -lboost_program_options-gcc48-mt-d-1_54  >&5
/usr/lib64/gcc/x86_64-suse-linux/4.8/../../../../x86_64-suse-linux/bin/ld: cannot find -lboost_program_options-gcc48-mt-d-1_54
collect2: error: ld returned 1 exit status
configure:15197: $? = 1
configure:15182: re-using the existing conftest.o
configure:15188: g++ -o conftest -g -O2    -L/usr/lib64 conftest.o -lboost_program_options-gcc48-mt-d-1_54  >&5
/usr/lib64/gcc/x86_64-suse-linux/4.8/../../../../x86_64-suse-linux/bin/ld: cannot find -lboost_program_options-gcc48-mt-d-1_54
collect2: error: ld returned 1 exit status
configure:15197: $? = 1
configure:15182: re-using the existing conftest.o
configure:15188: g++ -o conftest -g -O2    -L/lib conftest.o -lboost_program_options-gcc48-mt-d-1_54  >&5
/usr/lib64/gcc/x86_64-suse-linux/4.8/../../../../x86_64-suse-linux/bin/ld: cannot find -lboost_program_options-gcc48-mt-d-1_54
collect2: error: ld returned 1 exit status
configure:15197: $? = 1
configure:15182: re-using the existing conftest.o
configure:15188: g++ -o conftest -g -O2    -L/lib64 conftest.o -lboost_program_options-gcc48-mt-d-1_54  >&5
/usr/lib64/gcc/x86_64-suse-linux/4.8/../../../../x86_64-suse-linux/bin/ld: cannot find -lboost_program_options-gcc48-mt-d-1_54
collect2: error: ld returned 1 exit status
configure:15197: $? = 1
configure:15182: re-using the existing conftest.o
configure:15188: g++ -o conftest -g -O2    -L/usr/local/lib conftest.o -lboost_program_options-gcc48-d-1_54  >&5
/usr/lib64/gcc/x86_64-suse-linux/4.8/../../../../x86_64-suse-linux/bin/ld: cannot find -lboost_program_options-gcc48-d-1_54
collect2: error: ld returned 1 exit status
configure:15197: $? = 1
configure:15182: re-using the existing conftest.o
configure:15188: g++ -o conftest -g -O2    -L/usr/local/lib64 conftest.o -lboost_program_options-gcc48-d-1_54  >&5
/usr/lib64/gcc/x86_64-suse-linux/4.8/../../../../x86_64-suse-linux/bin/ld: cannot find -lboost_program_options-gcc48-d-1_54
collect2: error: ld returned 1 exit status
configure:15197: $? = 1
configure:15182: re-using the existing conftest.o
configure:15188: g++ -o conftest -g -O2    -L/usr/lib conftest.o -lboost_program_options-gcc48-d-1_54  >&5
/usr/lib64/gcc/x86_64-suse-linux/4.8/../../../../x86_64-suse-linux/bin/ld: cannot find -lboost_program_options-gcc48-d-1_54
collect2: error: ld returned 1 exit status
configure:15197: $? = 1
configure:15182: re-using the existing conftest.o
configure:15188: g++ -o conftest -g -O2    -L/usr/lib64 conftest.o -lboost_program_options-gcc48-d-1_54  >&5
/usr/lib64/gcc/x86_64-suse-linux/4.8/../../../../x86_64-suse-linux/bin/ld: cannot find -lboost_program_options-gcc48-d-1_54
collect2: error: ld returned 1 exit status
configure:15197: $? = 1
configure:15182: re-using the existing conftest.o
configure:15188: g++ -o conftest -g -O2    -L/lib conftest.o -lboost_program_options-gcc48-d-1_54  >&5
/usr/lib64/gcc/x86_64-suse-linux/4.8/../../../../x86_64-suse-linux/bin/ld: cannot find -lboost_program_options-gcc48-d-1_54
collect2: error: ld returned 1 exit status
configure:15197: $? = 1
configure:15182: re-using the existing conftest.o
configure:15188: g++ -o conftest -g -O2    -L/lib64 conftest.o -lboost_program_options-gcc48-d-1_54  >&5
/usr/lib64/gcc/x86_64-suse-linux/4.8/../../../../x86_64-suse-linux/bin/ld: cannot find -lboost_program_options-gcc48-d-1_54
collect2: error: ld returned 1 exit status
configure:15197: $? = 1
configure:15182: re-using the existing conftest.o
configure:15188: g++ -o conftest -g -O2    -L/usr/local/lib conftest.o -lboost_program_options-gcc48-mt  >&5
/usr/lib64/gcc/x86_64-suse-linux/4.8/../../../../x86_64-suse-linux/bin/ld: cannot find -lboost_program_options-gcc48-mt
collect2: error: ld returned 1 exit status
configure:15197: $? = 1
configure:15182: re-using the existing conftest.o
configure:15188: g++ -o conftest -g -O2    -L/usr/local/lib64 conftest.o -lboost_program_options-gcc48-mt  >&5
/usr/lib64/gcc/x86_64-suse-linux/4.8/../../../../x86_64-suse-linux/bin/ld: cannot find -lboost_program_options-gcc48-mt
collect2: error: ld returned 1 exit status
configure:15197: $? = 1
configure:15182: re-using the existing conftest.o
configure:15188: g++ -o conftest -g -O2    -L/usr/lib conftest.o -lboost_program_options-gcc48-mt  >&5
/usr/lib64/gcc/x86_64-suse-linux/4.8/../../../../x86_64-suse-linux/bin/ld: cannot find -lboost_program_options-gcc48-mt
collect2: error: ld returned 1 exit status
configure:15197: $? = 1
configure:15182: re-using the existing conftest.o
configure:15188: g++ -o conftest -g -O2    -L/usr/lib64 conftest.o -lboost_program_options-gcc48-mt  >&5
/usr/lib64/gcc/x86_64-suse-linux/4.8/../../../../x86_64-suse-linux/bin/ld: cannot find -lboost_program_options-gcc48-mt
collect2: error: ld returned 1 exit status
configure:15197: $? = 1
configure:15182: re-using the existing conftest.o
configure:15188: g++ -o conftest -g -O2    -L/lib conftest.o -lboost_program_options-gcc48-mt  >&5
/usr/lib64/gcc/x86_64-suse-linux/4.8/../../../../x86_64-suse-linux/bin/ld: cannot find -lboost_program_options-gcc48-mt
collect2: error: ld returned 1 exit status
configure:15197: $? = 1
configure:15182: re-using the existing conftest.o
configure:15188: g++ -o conftest -g -O2    -L/lib64 conftest.o -lboost_program_options-gcc48-mt  >&5
/usr/lib64/gcc/x86_64-suse-linux/4.8/../../../../x86_64-suse-linux/bin/ld: cannot find -lboost_program_options-gcc48-mt
collect2: error: ld returned 1 exit status
configure:15197: $? = 1
configure:15182: re-using the existing conftest.o
configure:15188: g++ -o conftest -g -O2    -L/usr/local/lib conftest.o -lboost_program_options-gcc48  >&5
/usr/lib64/gcc/x86_64-suse-linux/4.8/../../../../x86_64-suse-linux/bin/ld: cannot find -lboost_program_options-gcc48
collect2: error: ld returned 1 exit status
configure:15197: $? = 1
configure:15182: re-using the existing conftest.o
configure:15188: g++ -o conftest -g -O2    -L/usr/local/lib64 conftest.o -lboost_program_options-gcc48  >&5
/usr/lib64/gcc/x86_64-suse-linux/4.8/../../../../x86_64-suse-linux/bin/ld: cannot find -lboost_program_options-gcc48
collect2: error: ld returned 1 exit status
configure:15197: $? = 1
configure:15182: re-using the existing conftest.o
configure:15188: g++ -o conftest -g -O2    -L/usr/lib conftest.o -lboost_program_options-gcc48  >&5
/usr/lib64/gcc/x86_64-suse-linux/4.8/../../../../x86_64-suse-linux/bin/ld: cannot find -lboost_program_options-gcc48
collect2: error: ld returned 1 exit status
configure:15197: $? = 1
configure:15182: re-using the existing conftest.o
configure:15188: g++ -o conftest -g -O2    -L/usr/lib64 conftest.o -lboost_program_options-gcc48  >&5
/usr/lib64/gcc/x86_64-suse-linux/4.8/../../../../x86_64-suse-linux/bin/ld: cannot find -lboost_program_options-gcc48
collect2: error: ld returned 1 exit status
configure:15197: $? = 1
configure:15182: re-using the existing conftest.o
configure:15188: g++ -o conftest -g -O2    -L/lib conftest.o -lboost_program_options-gcc48  >&5
/usr/lib64/gcc/x86_64-suse-linux/4.8/../../../../x86_64-suse-linux/bin/ld: cannot find -lboost_program_options-gcc48
collect2: error: ld returned 1 exit status
configure:15197: $? = 1
configure:15182: re-using the existing conftest.o
configure:15188: g++ -o conftest -g -O2    -L/lib64 conftest.o -lboost_program_options-gcc48  >&5
/usr/lib64/gcc/x86_64-suse-linux/4.8/../../../../x86_64-suse-linux/bin/ld: cannot find -lboost_program_options-gcc48
collect2: error: ld returned 1 exit status
configure:15197: $? = 1
configure:15182: re-using the existing conftest.o
configure:15188: g++ -o conftest -g -O2    -L/usr/local/lib conftest.o -lboost_program_options-gcc48-mt-d  >&5
/usr/lib64/gcc/x86_64-suse-linux/4.8/../../../../x86_64-suse-linux/bin/ld: cannot find -lboost_program_options-gcc48-mt-d
collect2: error: ld returned 1 exit status
configure:15197: $? = 1
configure:15182: re-using the existing conftest.o
configure:15188: g++ -o conftest -g -O2    -L/usr/local/lib64 conftest.o -lboost_program_options-gcc48-mt-d  >&5
/usr/lib64/gcc/x86_64-suse-linux/4.8/../../../../x86_64-suse-linux/bin/ld: cannot find -lboost_program_options-gcc48-mt-d
collect2: error: ld returned 1 exit status
configure:15197: $? = 1
configure:15182: re-using the existing conftest.o
configure:15188: g++ -o conftest -g -O2    -L/usr/lib conftest.o -lboost_program_options-gcc48-mt-d  >&5
/usr/lib64/gcc/x86_64-suse-linux/4.8/../../../../x86_64-suse-linux/bin/ld: cannot find -lboost_program_options-gcc48-mt-d
collect2: error: ld returned 1 exit status
configure:15197: $? = 1
configure:15182: re-using the existing conftest.o
configure:15188: g++ -o conftest -g -O2    -L/usr/lib64 conftest.o -lboost_program_options-gcc48-mt-d  >&5
/usr/lib64/gcc/x86_64-suse-linux/4.8/../../../../x86_64-suse-linux/bin/ld: cannot find -lboost_program_options-gcc48-mt-d
collect2: error: ld returned 1 exit status
configure:15197: $? = 1
configure:15182: re-using the existing conftest.o
configure:15188: g++ -o conftest -g -O2    -L/lib conftest.o -lboost_program_options-gcc48-mt-d  >&5
/usr/lib64/gcc/x86_64-suse-linux/4.8/../../../../x86_64-suse-linux/bin/ld: cannot find -lboost_program_options-gcc48-mt-d
collect2: error: ld returned 1 exit status
configure:15197: $? = 1
configure:15182: re-using the existing conftest.o
configure:15188: g++ -o conftest -g -O2    -L/lib64 conftest.o -lboost_program_options-gcc48-mt-d  >&5
/usr/lib64/gcc/x86_64-suse-linux/4.8/../../../../x86_64-suse-linux/bin/ld: cannot find -lboost_program_options-gcc48-mt-d
collect2: error: ld returned 1 exit status
configure:15197: $? = 1
configure:15182: re-using the existing conftest.o
configure:15188: g++ -o conftest -g -O2    -L/usr/local/lib conftest.o -lboost_program_options-gcc48-d  >&5
/usr/lib64/gcc/x86_64-suse-linux/4.8/../../../../x86_64-suse-linux/bin/ld: cannot find -lboost_program_options-gcc48-d
collect2: error: ld returned 1 exit status
configure:15197: $? = 1
configure:15182: re-using the existing conftest.o
configure:15188: g++ -o conftest -g -O2    -L/usr/local/lib64 conftest.o -lboost_program_options-gcc48-d  >&5
/usr/lib64/gcc/x86_64-suse-linux/4.8/../../../../x86_64-suse-linux/bin/ld: cannot find -lboost_program_options-gcc48-d
collect2: error: ld returned 1 exit status
configure:15197: $? = 1
configure:15182: re-using the existing conftest.o
configure:15188: g++ -o conftest -g -O2    -L/usr/lib conftest.o -lboost_program_options-gcc48-d  >&5
/usr/lib64/gcc/x86_64-suse-linux/4.8/../../../../x86_64-suse-linux/bin/ld: cannot find -lboost_program_options-gcc48-d
collect2: error: ld returned 1 exit status
configure:15197: $? = 1
configure:15182: re-using the existing conftest.o
configure:15188: g++ -o conftest -g -O2    -L/usr/lib64 conftest.o -lboost_program_options-gcc48-d  >&5
/usr/lib64/gcc/x86_64-suse-linux/4.8/../../../../x86_64-suse-linux/bin/ld: cannot find -lboost_program_options-gcc48-d
collect2: error: ld returned 1 exit status
configure:15197: $? = 1
configure:15182: re-using the existing conftest.o
configure:15188: g++ -o conftest -g -O2    -L/lib conftest.o -lboost_program_options-gcc48-d  >&5
/usr/lib64/gcc/x86_64-suse-linux/4.8/../../../../x86_64-suse-linux/bin/ld: cannot find -lboost_program_options-gcc48-d
collect2: error: ld returned 1 exit status
configure:15197: $? = 1
configure:15182: re-using the existing conftest.o
configure:15188: g++ -o conftest -g -O2    -L/lib64 conftest.o -lboost_program_options-gcc48-d  >&5
/usr/lib64/gcc/x86_64-suse-linux/4.8/../../../../x86_64-suse-linux/bin/ld: cannot find -lboost_program_options-gcc48-d
collect2: error: ld returned 1 exit status
configure:15197: $? = 1
configure:15182: re-using the existing conftest.o
configure:15188: g++ -o conftest -g -O2    -L/usr/local/lib conftest.o -lboost_program_options-gcc-mt-1_54  >&5
/usr/lib64/gcc/x86_64-suse-linux/4.8/../../../../x86_64-suse-linux/bin/ld: cannot find -lboost_program_options-gcc-mt-1_54
collect2: error: ld returned 1 exit status
configure:15197: $? = 1
configure:15182: re-using the existing conftest.o
configure:15188: g++ -o conftest -g -O2    -L/usr/local/lib64 conftest.o -lboost_program_options-gcc-mt-1_54  >&5
/usr/lib64/gcc/x86_64-suse-linux/4.8/../../../../x86_64-suse-linux/bin/ld: cannot find -lboost_program_options-gcc-mt-1_54
collect2: error: ld returned 1 exit status
configure:15197: $? = 1
configure:15182: re-using the existing conftest.o
configure:15188: g++ -o conftest -g -O2    -L/usr/lib conftest.o -lboost_program_options-gcc-mt-1_54  >&5
/usr/lib64/gcc/x86_64-suse-linux/4.8/../../../../x86_64-suse-linux/bin/ld: cannot find -lboost_program_options-gcc-mt-1_54
collect2: error: ld returned 1 exit status
configure:15197: $? = 1
configure:15182: re-using the existing conftest.o
configure:15188: g++ -o conftest -g -O2    -L/usr/lib64 conftest.o -lboost_program_options-gcc-mt-1_54  >&5
/usr/lib64/gcc/x86_64-suse-linux/4.8/../../../../x86_64-suse-linux/bin/ld: cannot find -lboost_program_options-gcc-mt-1_54
collect2: error: ld returned 1 exit status
configure:15197: $? = 1
configure:15182: re-using the existing conftest.o
configure:15188: g++ -o conftest -g -O2    -L/lib conftest.o -lboost_program_options-gcc-mt-1_54  >&5
/usr/lib64/gcc/x86_64-suse-linux/4.8/../../../../x86_64-suse-linux/bin/ld: cannot find -lboost_program_options-gcc-mt-1_54
collect2: error: ld returned 1 exit status
configure:15197: $? = 1
configure:15182: re-using the existing conftest.o
configure:15188: g++ -o conftest -g -O2    -L/lib64 conftest.o -lboost_program_options-gcc-mt-1_54  >&5
/usr/lib64/gcc/x86_64-suse-linux/4.8/../../../../x86_64-suse-linux/bin/ld: cannot find -lboost_program_options-gcc-mt-1_54
collect2: error: ld returned 1 exit status
configure:15197: $? = 1
configure:15182: re-using the existing conftest.o
configure:15188: g++ -o conftest -g -O2    -L/usr/local/lib conftest.o -lboost_program_options-gcc-1_54  >&5
/usr/lib64/gcc/x86_64-suse-linux/4.8/../../../../x86_64-suse-linux/bin/ld: cannot find -lboost_program_options-gcc-1_54
collect2: error: ld returned 1 exit status
configure:15197: $? = 1
configure:15182: re-using the existing conftest.o
configure:15188: g++ -o conftest -g -O2    -L/usr/local/lib64 conftest.o -lboost_program_options-gcc-1_54  >&5
/usr/lib64/gcc/x86_64-suse-linux/4.8/../../../../x86_64-suse-linux/bin/ld: cannot find -lboost_program_options-gcc-1_54
collect2: error: ld returned 1 exit status
configure:15197: $? = 1
configure:15182: re-using the existing conftest.o
configure:15188: g++ -o conftest -g -O2    -L/usr/lib conftest.o -lboost_program_options-gcc-1_54  >&5
/usr/lib64/gcc/x86_64-suse-linux/4.8/../../../../x86_64-suse-linux/bin/ld: cannot find -lboost_program_options-gcc-1_54
collect2: error: ld returned 1 exit status
configure:15197: $? = 1
configure:15182: re-using the existing conftest.o
configure:15188: g++ -o conftest -g -O2    -L/usr/lib64 conftest.o -lboost_program_options-gcc-1_54  >&5
/usr/lib64/gcc/x86_64-suse-linux/4.8/../../../../x86_64-suse-linux/bin/ld: cannot find -lboost_program_options-gcc-1_54
collect2: error: ld returned 1 exit status
configure:15197: $? = 1
configure:15182: re-using the existing conftest.o
configure:15188: g++ -o conftest -g -O2    -L/lib conftest.o -lboost_program_options-gcc-1_54  >&5
/usr/lib64/gcc/x86_64-suse-linux/4.8/../../../../x86_64-suse-linux/bin/ld: cannot find -lboost_program_options-gcc-1_54
collect2: error: ld returned 1 exit status
configure:15197: $? = 1
configure:15182: re-using the existing conftest.o
configure:15188: g++ -o conftest -g -O2    -L/lib64 conftest.o -lboost_program_options-gcc-1_54  >&5
/usr/lib64/gcc/x86_64-suse-linux/4.8/../../../../x86_64-suse-linux/bin/ld: cannot find -lboost_program_options-gcc-1_54
collect2: error: ld returned 1 exit status
configure:15197: $? = 1
configure:15182: re-using the existing conftest.o
configure:15188: g++ -o conftest -g -O2    -L/usr/local/lib conftest.o -lboost_program_options-gcc-mt-d-1_54  >&5
/usr/lib64/gcc/x86_64-suse-linux/4.8/../../../../x86_64-suse-linux/bin/ld: cannot find -lboost_program_options-gcc-mt-d-1_54
collect2: error: ld returned 1 exit status
configure:15197: $? = 1
configure:15182: re-using the existing conftest.o
configure:15188: g++ -o conftest -g -O2    -L/usr/local/lib64 conftest.o -lboost_program_options-gcc-mt-d-1_54  >&5
/usr/lib64/gcc/x86_64-suse-linux/4.8/../../../../x86_64-suse-linux/bin/ld: cannot find -lboost_program_options-gcc-mt-d-1_54
collect2: error: ld returned 1 exit status
configure:15197: $? = 1
configure:15182: re-using the existing conftest.o
configure:15188: g++ -o conftest -g -O2    -L/usr/lib conftest.o -lboost_program_options-gcc-mt-d-1_54  >&5
/usr/lib64/gcc/x86_64-suse-linux/4.8/../../../../x86_64-suse-linux/bin/ld: cannot find -lboost_program_options-gcc-mt-d-1_54
collect2: error: ld returned 1 exit status
configure:15197: $? = 1
configure:15182: re-using the existing conftest.o
configure:15188: g++ -o conftest -g -O2    -L/usr/lib64 conftest.o -lboost_program_options-gcc-mt-d-1_54  >&5
/usr/lib64/gcc/x86_64-suse-linux/4.8/../../../../x86_64-suse-linux/bin/ld: cannot find -lboost_program_options-gcc-mt-d-1_54
collect2: error: ld returned 1 exit status
configure:15197: $? = 1
configure:15182: re-using the existing conftest.o
configure:15188: g++ -o conftest -g -O2    -L/lib conftest.o -lboost_program_options-gcc-mt-d-1_54  >&5
/usr/lib64/gcc/x86_64-suse-linux/4.8/../../../../x86_64-suse-linux/bin/ld: cannot find -lboost_program_options-gcc-mt-d-1_54
collect2: error: ld returned 1 exit status
configure:15197: $? = 1
configure:15182: re-using the existing conftest.o
configure:15188: g++ -o conftest -g -O2    -L/lib64 conftest.o -lboost_program_options-gcc-mt-d-1_54  >&5
/usr/lib64/gcc/x86_64-suse-linux/4.8/../../../../x86_64-suse-linux/bin/ld: cannot find -lboost_program_options-gcc-mt-d-1_54
collect2: error: ld returned 1 exit status
configure:15197: $? = 1
configure:15182: re-using the existing conftest.o
configure:15188: g++ -o conftest -g -O2    -L/usr/local/lib conftest.o -lboost_program_options-gcc-d-1_54  >&5
/usr/lib64/gcc/x86_64-suse-linux/4.8/../../../../x86_64-suse-linux/bin/ld: cannot find -lboost_program_options-gcc-d-1_54
collect2: error: ld returned 1 exit status
configure:15197: $? = 1
configure:15182: re-using the existing conftest.o
configure:15188: g++ -o conftest -g -O2    -L/usr/local/lib64 conftest.o -lboost_program_options-gcc-d-1_54  >&5
/usr/lib64/gcc/x86_64-suse-linux/4.8/../../../../x86_64-suse-linux/bin/ld: cannot find -lboost_program_options-gcc-d-1_54
collect2: error: ld returned 1 exit status
configure:15197: $? = 1
configure:15182: re-using the existing conftest.o
configure:15188: g++ -o conftest -g -O2    -L/usr/lib conftest.o -lboost_program_options-gcc-d-1_54  >&5
/usr/lib64/gcc/x86_64-suse-linux/4.8/../../../../x86_64-suse-linux/bin/ld: cannot find -lboost_program_options-gcc-d-1_54
collect2: error: ld returned 1 exit status
configure:15197: $? = 1
configure:15182: re-using the existing conftest.o
configure:15188: g++ -o conftest -g -O2    -L/usr/lib64 conftest.o -lboost_program_options-gcc-d-1_54  >&5
/usr/lib64/gcc/x86_64-suse-linux/4.8/../../../../x86_64-suse-linux/bin/ld: cannot find -lboost_program_options-gcc-d-1_54
collect2: error: ld returned 1 exit status
configure:15197: $? = 1
configure:15182: re-using the existing conftest.o
configure:15188: g++ -o conftest -g -O2    -L/lib conftest.o -lboost_program_options-gcc-d-1_54  >&5
/usr/lib64/gcc/x86_64-suse-linux/4.8/../../../../x86_64-suse-linux/bin/ld: cannot find -lboost_program_options-gcc-d-1_54
collect2: error: ld returned 1 exit status
configure:15197: $? = 1
configure:15182: re-using the existing conftest.o
configure:15188: g++ -o conftest -g -O2    -L/lib64 conftest.o -lboost_program_options-gcc-d-1_54  >&5
/usr/lib64/gcc/x86_64-suse-linux/4.8/../../../../x86_64-suse-linux/bin/ld: cannot find -lboost_program_options-gcc-d-1_54
collect2: error: ld returned 1 exit status
configure:15197: $? = 1
configure:15182: re-using the existing conftest.o
configure:15188: g++ -o conftest -g -O2    -L/usr/local/lib conftest.o -lboost_program_options-gcc-mt  >&5
/usr/lib64/gcc/x86_64-suse-linux/4.8/../../../../x86_64-suse-linux/bin/ld: cannot find -lboost_program_options-gcc-mt
collect2: error: ld returned 1 exit status
configure:15197: $? = 1
configure:15182: re-using the existing conftest.o
configure:15188: g++ -o conftest -g -O2    -L/usr/local/lib64 conftest.o -lboost_program_options-gcc-mt  >&5
/usr/lib64/gcc/x86_64-suse-linux/4.8/../../../../x86_64-suse-linux/bin/ld: cannot find -lboost_program_options-gcc-mt
collect2: error: ld returned 1 exit status
configure:15197: $? = 1
configure:15182: re-using the existing conftest.o
configure:15188: g++ -o conftest -g -O2    -L/usr/lib conftest.o -lboost_program_options-gcc-mt  >&5
/usr/lib64/gcc/x86_64-suse-linux/4.8/../../../../x86_64-suse-linux/bin/ld: cannot find -lboost_program_options-gcc-mt
collect2: error: ld returned 1 exit status
configure:15197: $? = 1
configure:15182: re-using the existing conftest.o
configure:15188: g++ -o conftest -g -O2    -L/usr/lib64 conftest.o -lboost_program_options-gcc-mt  >&5
/usr/lib64/gcc/x86_64-suse-linux/4.8/../../../../x86_64-suse-linux/bin/ld: cannot find -lboost_program_options-gcc-mt
collect2: error: ld returned 1 exit status
configure:15197: $? = 1
configure:15182: re-using the existing conftest.o
configure:15188: g++ -o conftest -g -O2    -L/lib conftest.o -lboost_program_options-gcc-mt  >&5
/usr/lib64/gcc/x86_64-suse-linux/4.8/../../../../x86_64-suse-linux/bin/ld: cannot find -lboost_program_options-gcc-mt
collect2: error: ld returned 1 exit status
configure:15197: $? = 1
configure:15182: re-using the existing conftest.o
configure:15188: g++ -o conftest -g -O2    -L/lib64 conftest.o -lboost_program_options-gcc-mt  >&5
/usr/lib64/gcc/x86_64-suse-linux/4.8/../../../../x86_64-suse-linux/bin/ld: cannot find -lboost_program_options-gcc-mt
collect2: error: ld returned 1 exit status
configure:15197: $? = 1
configure:15182: re-using the existing conftest.o
configure:15188: g++ -o conftest -g -O2    -L/usr/local/lib conftest.o -lboost_program_options-gcc  >&5
/usr/lib64/gcc/x86_64-suse-linux/4.8/../../../../x86_64-suse-linux/bin/ld: cannot find -lboost_program_options-gcc
collect2: error: ld returned 1 exit status
configure:15197: $? = 1
configure:15182: re-using the existing conftest.o
configure:15188: g++ -o conftest -g -O2    -L/usr/local/lib64 conftest.o -lboost_program_options-gcc  >&5
/usr/lib64/gcc/x86_64-suse-linux/4.8/../../../../x86_64-suse-linux/bin/ld: cannot find -lboost_program_options-gcc
collect2: error: ld returned 1 exit status
configure:15197: $? = 1
configure:15182: re-using the existing conftest.o
configure:15188: g++ -o conftest -g -O2    -L/usr/lib conftest.o -lboost_program_options-gcc  >&5
/usr/lib64/gcc/x86_64-suse-linux/4.8/../../../../x86_64-suse-linux/bin/ld: cannot find -lboost_program_options-gcc
collect2: error: ld returned 1 exit status
configure:15197: $? = 1
configure:15182: re-using the existing conftest.o
configure:15188: g++ -o conftest -g -O2    -L/usr/lib64 conftest.o -lboost_program_options-gcc  >&5
/usr/lib64/gcc/x86_64-suse-linux/4.8/../../../../x86_64-suse-linux/bin/ld: cannot find -lboost_program_options-gcc
collect2: error: ld returned 1 exit status
configure:15197: $? = 1
configure:15182: re-using the existing conftest.o
configure:15188: g++ -o conftest -g -O2    -L/lib conftest.o -lboost_program_options-gcc  >&5
/usr/lib64/gcc/x86_64-suse-linux/4.8/../../../../x86_64-suse-linux/bin/ld: cannot find -lboost_program_options-gcc
collect2: error: ld returned 1 exit status
configure:15197: $? = 1
configure:15182: re-using the existing conftest.o
configure:15188: g++ -o conftest -g -O2    -L/lib64 conftest.o -lboost_program_options-gcc  >&5
/usr/lib64/gcc/x86_64-suse-linux/4.8/../../../../x86_64-suse-linux/bin/ld: cannot find -lboost_program_options-gcc
collect2: error: ld returned 1 exit status
configure:15197: $? = 1
configure:15182: re-using the existing conftest.o
configure:15188: g++ -o conftest -g -O2    -L/usr/local/lib conftest.o -lboost_program_options-gcc-mt-d  >&5
/usr/lib64/gcc/x86_64-suse-linux/4.8/../../../../x86_64-suse-linux/bin/ld: cannot find -lboost_program_options-gcc-mt-d
collect2: error: ld returned 1 exit status
configure:15197: $? = 1
configure:15182: re-using the existing conftest.o
configure:15188: g++ -o conftest -g -O2    -L/usr/local/lib64 conftest.o -lboost_program_options-gcc-mt-d  >&5
/usr/lib64/gcc/x86_64-suse-linux/4.8/../../../../x86_64-suse-linux/bin/ld: cannot find -lboost_program_options-gcc-mt-d
collect2: error: ld returned 1 exit status
configure:15197: $? = 1
configure:15182: re-using the existing conftest.o
configure:15188: g++ -o conftest -g -O2    -L/usr/lib conftest.o -lboost_program_options-gcc-mt-d  >&5
/usr/lib64/gcc/x86_64-suse-linux/4.8/../../../../x86_64-suse-linux/bin/ld: cannot find -lboost_program_options-gcc-mt-d
collect2: error: ld returned 1 exit status
configure:15197: $? = 1
configure:15182: re-using the existing conftest.o
configure:15188: g++ -o conftest -g -O2    -L/usr/lib64 conftest.o -lboost_program_options-gcc-mt-d  >&5
/usr/lib64/gcc/x86_64-suse-linux/4.8/../../../../x86_64-suse-linux/bin/ld: cannot find -lboost_program_options-gcc-mt-d
collect2: error: ld returned 1 exit status
configure:15197: $? = 1
configure:15182: re-using the existing conftest.o
configure:15188: g++ -o conftest -g -O2    -L/lib conftest.o -lboost_program_options-gcc-mt-d  >&5
/usr/lib64/gcc/x86_64-suse-linux/4.8/../../../../x86_64-suse-linux/bin/ld: cannot find -lboost_program_options-gcc-mt-d
collect2: error: ld returned 1 exit status
configure:15197: $? = 1
configure:15182: re-using the existing conftest.o
configure:15188: g++ -o conftest -g -O2    -L/lib64 conftest.o -lboost_program_options-gcc-mt-d  >&5
/usr/lib64/gcc/x86_64-suse-linux/4.8/../../../../x86_64-suse-linux/bin/ld: cannot find -lboost_program_options-gcc-mt-d
collect2: error: ld returned 1 exit status
configure:15197: $? = 1
configure:15182: re-using the existing conftest.o
configure:15188: g++ -o conftest -g -O2    -L/usr/local/lib conftest.o -lboost_program_options-gcc-d  >&5
/usr/lib64/gcc/x86_64-suse-linux/4.8/../../../../x86_64-suse-linux/bin/ld: cannot find -lboost_program_options-gcc-d
collect2: error: ld returned 1 exit status
configure:15197: $? = 1
configure:15182: re-using the existing conftest.o
configure:15188: g++ -o conftest -g -O2    -L/usr/local/lib64 conftest.o -lboost_program_options-gcc-d  >&5
/usr/lib64/gcc/x86_64-suse-linux/4.8/../../../../x86_64-suse-linux/bin/ld: cannot find -lboost_program_options-gcc-d
collect2: error: ld returned 1 exit status
configure:15197: $? = 1
configure:15182: re-using the existing conftest.o
configure:15188: g++ -o conftest -g -O2    -L/usr/lib conftest.o -lboost_program_options-gcc-d  >&5
/usr/lib64/gcc/x86_64-suse-linux/4.8/../../../../x86_64-suse-linux/bin/ld: cannot find -lboost_program_options-gcc-d
collect2: error: ld returned 1 exit status
configure:15197: $? = 1
configure:15182: re-using the existing conftest.o
configure:15188: g++ -o conftest -g -O2    -L/usr/lib64 conftest.o -lboost_program_options-gcc-d  >&5
/usr/lib64/gcc/x86_64-suse-linux/4.8/../../../../x86_64-suse-linux/bin/ld: cannot find -lboost_program_options-gcc-d
collect2: error: ld returned 1 exit status
configure:15197: $? = 1
configure:15182: re-using the existing conftest.o
configure:15188: g++ -o conftest -g -O2    -L/lib conftest.o -lboost_program_options-gcc-d  >&5
/usr/lib64/gcc/x86_64-suse-linux/4.8/../../../../x86_64-suse-linux/bin/ld: cannot find -lboost_program_options-gcc-d
collect2: error: ld returned 1 exit status
configure:15197: $? = 1
configure:15182: re-using the existing conftest.o
configure:15188: g++ -o conftest -g -O2    -L/lib64 conftest.o -lboost_program_options-gcc-d  >&5
/usr/lib64/gcc/x86_64-suse-linux/4.8/../../../../x86_64-suse-linux/bin/ld: cannot find -lboost_program_options-gcc-d
collect2: error: ld returned 1 exit status
configure:15197: $? = 1
configure:15182: re-using the existing conftest.o
configure:15188: g++ -o conftest -g -O2    -L/usr/local/lib conftest.o -lboost_program_options-mt-1_54  >&5
/usr/lib64/gcc/x86_64-suse-linux/4.8/../../../../x86_64-suse-linux/bin/ld: cannot find -lboost_program_options-mt-1_54
collect2: error: ld returned 1 exit status
configure:15197: $? = 1
configure:15182: re-using the existing conftest.o
configure:15188: g++ -o conftest -g -O2    -L/usr/local/lib64 conftest.o -lboost_program_options-mt-1_54  >&5
/usr/lib64/gcc/x86_64-suse-linux/4.8/../../../../x86_64-suse-linux/bin/ld: cannot find -lboost_program_options-mt-1_54
collect2: error: ld returned 1 exit status
configure:15197: $? = 1
configure:15182: re-using the existing conftest.o
configure:15188: g++ -o conftest -g -O2    -L/usr/lib conftest.o -lboost_program_options-mt-1_54  >&5
/usr/lib64/gcc/x86_64-suse-linux/4.8/../../../../x86_64-suse-linux/bin/ld: cannot find -lboost_program_options-mt-1_54
collect2: error: ld returned 1 exit status
configure:15197: $? = 1
configure:15182: re-using the existing conftest.o
configure:15188: g++ -o conftest -g -O2    -L/usr/lib64 conftest.o -lboost_program_options-mt-1_54  >&5
/usr/lib64/gcc/x86_64-suse-linux/4.8/../../../../x86_64-suse-linux/bin/ld: cannot find -lboost_program_options-mt-1_54
collect2: error: ld returned 1 exit status
configure:15197: $? = 1
configure:15182: re-using the existing conftest.o
configure:15188: g++ -o conftest -g -O2    -L/lib conftest.o -lboost_program_options-mt-1_54  >&5
/usr/lib64/gcc/x86_64-suse-linux/4.8/../../../../x86_64-suse-linux/bin/ld: cannot find -lboost_program_options-mt-1_54
collect2: error: ld returned 1 exit status
configure:15197: $? = 1
configure:15182: re-using the existing conftest.o
configure:15188: g++ -o conftest -g -O2    -L/lib64 conftest.o -lboost_program_options-mt-1_54  >&5
/usr/lib64/gcc/x86_64-suse-linux/4.8/../../../../x86_64-suse-linux/bin/ld: cannot find -lboost_program_options-mt-1_54
collect2: error: ld returned 1 exit status
configure:15197: $? = 1
configure:15182: re-using the existing conftest.o
configure:15188: g++ -o conftest -g -O2    -L/usr/local/lib conftest.o -lboost_program_options-1_54  >&5
/usr/lib64/gcc/x86_64-suse-linux/4.8/../../../../x86_64-suse-linux/bin/ld: cannot find -lboost_program_options-1_54
collect2: error: ld returned 1 exit status
configure:15197: $? = 1
configure:15182: re-using the existing conftest.o
configure:15188: g++ -o conftest -g -O2    -L/usr/local/lib64 conftest.o -lboost_program_options-1_54  >&5
/usr/lib64/gcc/x86_64-suse-linux/4.8/../../../../x86_64-suse-linux/bin/ld: cannot find -lboost_program_options-1_54
collect2: error: ld returned 1 exit status
configure:15197: $? = 1
configure:15182: re-using the existing conftest.o
configure:15188: g++ -o conftest -g -O2    -L/usr/lib conftest.o -lboost_program_options-1_54  >&5
/usr/lib64/gcc/x86_64-suse-linux/4.8/../../../../x86_64-suse-linux/bin/ld: cannot find -lboost_program_options-1_54
collect2: error: ld returned 1 exit status
configure:15197: $? = 1
configure:15182: re-using the existing conftest.o
configure:15188: g++ -o conftest -g -O2    -L/usr/lib64 conftest.o -lboost_program_options-1_54  >&5
/usr/lib64/gcc/x86_64-suse-linux/4.8/../../../../x86_64-suse-linux/bin/ld: cannot find -lboost_program_options-1_54
collect2: error: ld returned 1 exit status
configure:15197: $? = 1
configure:15182: re-using the existing conftest.o
configure:15188: g++ -o conftest -g -O2    -L/lib conftest.o -lboost_program_options-1_54  >&5
/usr/lib64/gcc/x86_64-suse-linux/4.8/../../../../x86_64-suse-linux/bin/ld: cannot find -lboost_program_options-1_54
collect2: error: ld returned 1 exit status
configure:15197: $? = 1
configure:15182: re-using the existing conftest.o
configure:15188: g++ -o conftest -g -O2    -L/lib64 conftest.o -lboost_program_options-1_54  >&5
/usr/lib64/gcc/x86_64-suse-linux/4.8/../../../../x86_64-suse-linux/bin/ld: cannot find -lboost_program_options-1_54
collect2: error: ld returned 1 exit status
configure:15197: $? = 1
configure:15182: re-using the existing conftest.o
configure:15188: g++ -o conftest -g -O2    -L/usr/local/lib conftest.o -lboost_program_options-mt-d-1_54  >&5
/usr/lib64/gcc/x86_64-suse-linux/4.8/../../../../x86_64-suse-linux/bin/ld: cannot find -lboost_program_options-mt-d-1_54
collect2: error: ld returned 1 exit status
configure:15197: $? = 1
configure:15182: re-using the existing conftest.o
configure:15188: g++ -o conftest -g -O2    -L/usr/local/lib64 conftest.o -lboost_program_options-mt-d-1_54  >&5
/usr/lib64/gcc/x86_64-suse-linux/4.8/../../../../x86_64-suse-linux/bin/ld: cannot find -lboost_program_options-mt-d-1_54
collect2: error: ld returned 1 exit status
configure:15197: $? = 1
configure:15182: re-using the existing conftest.o
configure:15188: g++ -o conftest -g -O2    -L/usr/lib conftest.o -lboost_program_options-mt-d-1_54  >&5
/usr/lib64/gcc/x86_64-suse-linux/4.8/../../../../x86_64-suse-linux/bin/ld: cannot find -lboost_program_options-mt-d-1_54
collect2: error: ld returned 1 exit status
configure:15197: $? = 1
configure:15182: re-using the existing conftest.o
configure:15188: g++ -o conftest -g -O2    -L/usr/lib64 conftest.o -lboost_program_options-mt-d-1_54  >&5
/usr/lib64/gcc/x86_64-suse-linux/4.8/../../../../x86_64-suse-linux/bin/ld: cannot find -lboost_program_options-mt-d-1_54
collect2: error: ld returned 1 exit status
configure:15197: $? = 1
configure:15182: re-using the existing conftest.o
configure:15188: g++ -o conftest -g -O2    -L/lib conftest.o -lboost_program_options-mt-d-1_54  >&5
/usr/lib64/gcc/x86_64-suse-linux/4.8/../../../../x86_64-suse-linux/bin/ld: cannot find -lboost_program_options-mt-d-1_54
collect2: error: ld returned 1 exit status
configure:15197: $? = 1
configure:15182: re-using the existing conftest.o
configure:15188: g++ -o conftest -g -O2    -L/lib64 conftest.o -lboost_program_options-mt-d-1_54  >&5
/usr/lib64/gcc/x86_64-suse-linux/4.8/../../../../x86_64-suse-linux/bin/ld: cannot find -lboost_program_options-mt-d-1_54
collect2: error: ld returned 1 exit status
configure:15197: $? = 1
configure:15182: re-using the existing conftest.o
configure:15188: g++ -o conftest -g -O2    -L/usr/local/lib conftest.o -lboost_program_options-d-1_54  >&5
/usr/lib64/gcc/x86_64-suse-linux/4.8/../../../../x86_64-suse-linux/bin/ld: cannot find -lboost_program_options-d-1_54
collect2: error: ld returned 1 exit status
configure:15197: $? = 1
configure:15182: re-using the existing conftest.o
configure:15188: g++ -o conftest -g -O2    -L/usr/local/lib64 conftest.o -lboost_program_options-d-1_54  >&5
/usr/lib64/gcc/x86_64-suse-linux/4.8/../../../../x86_64-suse-linux/bin/ld: cannot find -lboost_program_options-d-1_54
collect2: error: ld returned 1 exit status
configure:15197: $? = 1
configure:15182: re-using the existing conftest.o
configure:15188: g++ -o conftest -g -O2    -L/usr/lib conftest.o -lboost_program_options-d-1_54  >&5
/usr/lib64/gcc/x86_64-suse-linux/4.8/../../../../x86_64-suse-linux/bin/ld: cannot find -lboost_program_options-d-1_54
collect2: error: ld returned 1 exit status
configure:15197: $? = 1
configure:15182: re-using the existing conftest.o
configure:15188: g++ -o conftest -g -O2    -L/usr/lib64 conftest.o -lboost_program_options-d-1_54  >&5
/usr/lib64/gcc/x86_64-suse-linux/4.8/../../../../x86_64-suse-linux/bin/ld: cannot find -lboost_program_options-d-1_54
collect2: error: ld returned 1 exit status
configure:15197: $? = 1
configure:15182: re-using the existing conftest.o
configure:15188: g++ -o conftest -g -O2    -L/lib conftest.o -lboost_program_options-d-1_54  >&5
/usr/lib64/gcc/x86_64-suse-linux/4.8/../../../../x86_64-suse-linux/bin/ld: cannot find -lboost_program_options-d-1_54
collect2: error: ld returned 1 exit status
configure:15197: $? = 1
configure:15182: re-using the existing conftest.o
configure:15188: g++ -o conftest -g -O2    -L/lib64 conftest.o -lboost_program_options-d-1_54  >&5
/usr/lib64/gcc/x86_64-suse-linux/4.8/../../../../x86_64-suse-linux/bin/ld: cannot find -lboost_program_options-d-1_54
collect2: error: ld returned 1 exit status
configure:15197: $? = 1
configure:15182: re-using the existing conftest.o
configure:15188: g++ -o conftest -g -O2    -L/usr/local/lib conftest.o -lboost_program_options-mt  >&5
configure:15197: $? = 0
configure:15237: result: yes
configure:15280: checking boost/system/error_code.hpp usability
configure:15280: g++ -c -g -O2   conftest.cpp >&5
configure:15280: $? = 0
configure:15280: result: yes
configure:15280: checking boost/system/error_code.hpp presence
configure:15280: g++ -E   conftest.cpp
configure:15280: $? = 0
configure:15280: result: yes
configure:15280: checking for boost/system/error_code.hpp
configure:15280: result: yes
configure:15307: checking for the Boost system library
configure:15349: g++ -c -g -O2   conftest.cpp >&5
configure:15349: $? = 0
configure:15400: re-using the existing conftest.o
configure:15406: g++ -o conftest -g -O2    -L/usr/local/lib conftest.o -lboost_system-gcc48-mt-1_54  >&5
/usr/lib64/gcc/x86_64-suse-linux/4.8/../../../../x86_64-suse-linux/bin/ld: cannot find -lboost_system-gcc48-mt-1_54
collect2: error: ld returned 1 exit status
configure:15415: $? = 1
configure:15400: re-using the existing conftest.o
configure:15406: g++ -o conftest -g -O2    -L/usr/local/lib64 conftest.o -lboost_system-gcc48-mt-1_54  >&5
/usr/lib64/gcc/x86_64-suse-linux/4.8/../../../../x86_64-suse-linux/bin/ld: cannot find -lboost_system-gcc48-mt-1_54
collect2: error: ld returned 1 exit status
configure:15415: $? = 1
configure:15400: re-using the existing conftest.o
configure:15406: g++ -o conftest -g -O2    -L/usr/lib conftest.o -lboost_system-gcc48-mt-1_54  >&5
/usr/lib64/gcc/x86_64-suse-linux/4.8/../../../../x86_64-suse-linux/bin/ld: cannot find -lboost_system-gcc48-mt-1_54
collect2: error: ld returned 1 exit status
configure:15415: $? = 1
configure:15400: re-using the existing conftest.o
configure:15406: g++ -o conftest -g -O2    -L/usr/lib64 conftest.o -lboost_system-gcc48-mt-1_54  >&5
/usr/lib64/gcc/x86_64-suse-linux/4.8/../../../../x86_64-suse-linux/bin/ld: cannot find -lboost_system-gcc48-mt-1_54
collect2: error: ld returned 1 exit status
configure:15415: $? = 1
configure:15400: re-using the existing conftest.o
configure:15406: g++ -o conftest -g -O2    -L/lib conftest.o -lboost_system-gcc48-mt-1_54  >&5
/usr/lib64/gcc/x86_64-suse-linux/4.8/../../../../x86_64-suse-linux/bin/ld: cannot find -lboost_system-gcc48-mt-1_54
collect2: error: ld returned 1 exit status
configure:15415: $? = 1
configure:15400: re-using the existing conftest.o
configure:15406: g++ -o conftest -g -O2    -L/lib64 conftest.o -lboost_system-gcc48-mt-1_54  >&5
/usr/lib64/gcc/x86_64-suse-linux/4.8/../../../../x86_64-suse-linux/bin/ld: cannot find -lboost_system-gcc48-mt-1_54
collect2: error: ld returned 1 exit status
configure:15415: $? = 1
configure:15400: re-using the existing conftest.o
configure:15406: g++ -o conftest -g -O2    -L/usr/local/lib conftest.o -lboost_system-gcc48-1_54  >&5
/usr/lib64/gcc/x86_64-suse-linux/4.8/../../../../x86_64-suse-linux/bin/ld: cannot find -lboost_system-gcc48-1_54
collect2: error: ld returned 1 exit status
configure:15415: $? = 1
configure:15400: re-using the existing conftest.o
configure:15406: g++ -o conftest -g -O2    -L/usr/local/lib64 conftest.o -lboost_system-gcc48-1_54  >&5
/usr/lib64/gcc/x86_64-suse-linux/4.8/../../../../x86_64-suse-linux/bin/ld: cannot find -lboost_system-gcc48-1_54
collect2: error: ld returned 1 exit status
configure:15415: $? = 1
configure:15400: re-using the existing conftest.o
configure:15406: g++ -o conftest -g -O2    -L/usr/lib conftest.o -lboost_system-gcc48-1_54  >&5
/usr/lib64/gcc/x86_64-suse-linux/4.8/../../../../x86_64-suse-linux/bin/ld: cannot find -lboost_system-gcc48-1_54
collect2: error: ld returned 1 exit status
configure:15415: $? = 1
configure:15400: re-using the existing conftest.o
configure:15406: g++ -o conftest -g -O2    -L/usr/lib64 conftest.o -lboost_system-gcc48-1_54  >&5
/usr/lib64/gcc/x86_64-suse-linux/4.8/../../../../x86_64-suse-linux/bin/ld: cannot find -lboost_system-gcc48-1_54
collect2: error: ld returned 1 exit status
configure:15415: $? = 1
configure:15400: re-using the existing conftest.o
configure:15406: g++ -o conftest -g -O2    -L/lib conftest.o -lboost_system-gcc48-1_54  >&5
/usr/lib64/gcc/x86_64-suse-linux/4.8/../../../../x86_64-suse-linux/bin/ld: cannot find -lboost_system-gcc48-1_54
collect2: error: ld returned 1 exit status
configure:15415: $? = 1
configure:15400: re-using the existing conftest.o
configure:15406: g++ -o conftest -g -O2    -L/lib64 conftest.o -lboost_system-gcc48-1_54  >&5
/usr/lib64/gcc/x86_64-suse-linux/4.8/../../../../x86_64-suse-linux/bin/ld: cannot find -lboost_system-gcc48-1_54
collect2: error: ld returned 1 exit status
configure:15415: $? = 1
configure:15400: re-using the existing conftest.o
configure:15406: g++ -o conftest -g -O2    -L/usr/local/lib conftest.o -lboost_system-gcc48-mt-d-1_54  >&5
/usr/lib64/gcc/x86_64-suse-linux/4.8/../../../../x86_64-suse-linux/bin/ld: cannot find -lboost_system-gcc48-mt-d-1_54
collect2: error: ld returned 1 exit status
configure:15415: $? = 1
configure:15400: re-using the existing conftest.o
configure:15406: g++ -o conftest -g -O2    -L/usr/local/lib64 conftest.o -lboost_system-gcc48-mt-d-1_54  >&5
/usr/lib64/gcc/x86_64-suse-linux/4.8/../../../../x86_64-suse-linux/bin/ld: cannot find -lboost_system-gcc48-mt-d-1_54
collect2: error: ld returned 1 exit status
configure:15415: $? = 1
configure:15400: re-using the existing conftest.o
configure:15406: g++ -o conftest -g -O2    -L/usr/lib conftest.o -lboost_system-gcc48-mt-d-1_54  >&5
/usr/lib64/gcc/x86_64-suse-linux/4.8/../../../../x86_64-suse-linux/bin/ld: cannot find -lboost_system-gcc48-mt-d-1_54
collect2: error: ld returned 1 exit status
configure:15415: $? = 1
configure:15400: re-using the existing conftest.o
configure:15406: g++ -o conftest -g -O2    -L/usr/lib64 conftest.o -lboost_system-gcc48-mt-d-1_54  >&5
/usr/lib64/gcc/x86_64-suse-linux/4.8/../../../../x86_64-suse-linux/bin/ld: cannot find -lboost_system-gcc48-mt-d-1_54
collect2: error: ld returned 1 exit status
configure:15415: $? = 1
configure:15400: re-using the existing conftest.o
configure:15406: g++ -o conftest -g -O2    -L/lib conftest.o -lboost_system-gcc48-mt-d-1_54  >&5
/usr/lib64/gcc/x86_64-suse-linux/4.8/../../../../x86_64-suse-linux/bin/ld: cannot find -lboost_system-gcc48-mt-d-1_54
collect2: error: ld returned 1 exit status
configure:15415: $? = 1
configure:15400: re-using the existing conftest.o
configure:15406: g++ -o conftest -g -O2    -L/lib64 conftest.o -lboost_system-gcc48-mt-d-1_54  >&5
/usr/lib64/gcc/x86_64-suse-linux/4.8/../../../../x86_64-suse-linux/bin/ld: cannot find -lboost_system-gcc48-mt-d-1_54
collect2: error: ld returned 1 exit status
configure:15415: $? = 1
configure:15400: re-using the existing conftest.o
configure:15406: g++ -o conftest -g -O2    -L/usr/local/lib conftest.o -lboost_system-gcc48-d-1_54  >&5
/usr/lib64/gcc/x86_64-suse-linux/4.8/../../../../x86_64-suse-linux/bin/ld: cannot find -lboost_system-gcc48-d-1_54
collect2: error: ld returned 1 exit status
configure:15415: $? = 1
configure:15400: re-using the existing conftest.o
configure:15406: g++ -o conftest -g -O2    -L/usr/local/lib64 conftest.o -lboost_system-gcc48-d-1_54  >&5
/usr/lib64/gcc/x86_64-suse-linux/4.8/../../../../x86_64-suse-linux/bin/ld: cannot find -lboost_system-gcc48-d-1_54
collect2: error: ld returned 1 exit status
configure:15415: $? = 1
configure:15400: re-using the existing conftest.o
configure:15406: g++ -o conftest -g -O2    -L/usr/lib conftest.o -lboost_system-gcc48-d-1_54  >&5
/usr/lib64/gcc/x86_64-suse-linux/4.8/../../../../x86_64-suse-linux/bin/ld: cannot find -lboost_system-gcc48-d-1_54
collect2: error: ld returned 1 exit status
configure:15415: $? = 1
configure:15400: re-using the existing conftest.o
configure:15406: g++ -o conftest -g -O2    -L/usr/lib64 conftest.o -lboost_system-gcc48-d-1_54  >&5
/usr/lib64/gcc/x86_64-suse-linux/4.8/../../../../x86_64-suse-linux/bin/ld: cannot find -lboost_system-gcc48-d-1_54
collect2: error: ld returned 1 exit status
configure:15415: $? = 1
configure:15400: re-using the existing conftest.o
configure:15406: g++ -o conftest -g -O2    -L/lib conftest.o -lboost_system-gcc48-d-1_54  >&5
/usr/lib64/gcc/x86_64-suse-linux/4.8/../../../../x86_64-suse-linux/bin/ld: cannot find -lboost_system-gcc48-d-1_54
collect2: error: ld returned 1 exit status
configure:15415: $? = 1
configure:15400: re-using the existing conftest.o
configure:15406: g++ -o conftest -g -O2    -L/lib64 conftest.o -lboost_system-gcc48-d-1_54  >&5
/usr/lib64/gcc/x86_64-suse-linux/4.8/../../../../x86_64-suse-linux/bin/ld: cannot find -lboost_system-gcc48-d-1_54
collect2: error: ld returned 1 exit status
configure:15415: $? = 1
configure:15400: re-using the existing conftest.o
configure:15406: g++ -o conftest -g -O2    -L/usr/local/lib conftest.o -lboost_system-gcc48-mt  >&5
/usr/lib64/gcc/x86_64-suse-linux/4.8/../../../../x86_64-suse-linux/bin/ld: cannot find -lboost_system-gcc48-mt
collect2: error: ld returned 1 exit status
configure:15415: $? = 1
configure:15400: re-using the existing conftest.o
configure:15406: g++ -o conftest -g -O2    -L/usr/local/lib64 conftest.o -lboost_system-gcc48-mt  >&5
/usr/lib64/gcc/x86_64-suse-linux/4.8/../../../../x86_64-suse-linux/bin/ld: cannot find -lboost_system-gcc48-mt
collect2: error: ld returned 1 exit status
configure:15415: $? = 1
configure:15400: re-using the existing conftest.o
configure:15406: g++ -o conftest -g -O2    -L/usr/lib conftest.o -lboost_system-gcc48-mt  >&5
/usr/lib64/gcc/x86_64-suse-linux/4.8/../../../../x86_64-suse-linux/bin/ld: cannot find -lboost_system-gcc48-mt
collect2: error: ld returned 1 exit status
configure:15415: $? = 1
configure:15400: re-using the existing conftest.o
configure:15406: g++ -o conftest -g -O2    -L/usr/lib64 conftest.o -lboost_system-gcc48-mt  >&5
/usr/lib64/gcc/x86_64-suse-linux/4.8/../../../../x86_64-suse-linux/bin/ld: cannot find -lboost_system-gcc48-mt
collect2: error: ld returned 1 exit status
configure:15415: $? = 1
configure:15400: re-using the existing conftest.o
configure:15406: g++ -o conftest -g -O2    -L/lib conftest.o -lboost_system-gcc48-mt  >&5
/usr/lib64/gcc/x86_64-suse-linux/4.8/../../../../x86_64-suse-linux/bin/ld: cannot find -lboost_system-gcc48-mt
collect2: error: ld returned 1 exit status
configure:15415: $? = 1
configure:15400: re-using the existing conftest.o
configure:15406: g++ -o conftest -g -O2    -L/lib64 conftest.o -lboost_system-gcc48-mt  >&5
/usr/lib64/gcc/x86_64-suse-linux/4.8/../../../../x86_64-suse-linux/bin/ld: cannot find -lboost_system-gcc48-mt
collect2: error: ld returned 1 exit status
configure:15415: $? = 1
configure:15400: re-using the existing conftest.o
configure:15406: g++ -o conftest -g -O2    -L/usr/local/lib conftest.o -lboost_system-gcc48  >&5
/usr/lib64/gcc/x86_64-suse-linux/4.8/../../../../x86_64-suse-linux/bin/ld: cannot find -lboost_system-gcc48
collect2: error: ld returned 1 exit status
configure:15415: $? = 1
configure:15400: re-using the existing conftest.o
configure:15406: g++ -o conftest -g -O2    -L/usr/local/lib64 conftest.o -lboost_system-gcc48  >&5
/usr/lib64/gcc/x86_64-suse-linux/4.8/../../../../x86_64-suse-linux/bin/ld: cannot find -lboost_system-gcc48
collect2: error: ld returned 1 exit status
configure:15415: $? = 1
configure:15400: re-using the existing conftest.o
configure:15406: g++ -o conftest -g -O2    -L/usr/lib conftest.o -lboost_system-gcc48  >&5
/usr/lib64/gcc/x86_64-suse-linux/4.8/../../../../x86_64-suse-linux/bin/ld: cannot find -lboost_system-gcc48
collect2: error: ld returned 1 exit status
configure:15415: $? = 1
configure:15400: re-using the existing conftest.o
configure:15406: g++ -o conftest -g -O2    -L/usr/lib64 conftest.o -lboost_system-gcc48  >&5
/usr/lib64/gcc/x86_64-suse-linux/4.8/../../../../x86_64-suse-linux/bin/ld: cannot find -lboost_system-gcc48
collect2: error: ld returned 1 exit status
configure:15415: $? = 1
configure:15400: re-using the existing conftest.o
configure:15406: g++ -o conftest -g -O2    -L/lib conftest.o -lboost_system-gcc48  >&5
/usr/lib64/gcc/x86_64-suse-linux/4.8/../../../../x86_64-suse-linux/bin/ld: cannot find -lboost_system-gcc48
collect2: error: ld returned 1 exit status
configure:15415: $? = 1
configure:15400: re-using the existing conftest.o
configure:15406: g++ -o conftest -g -O2    -L/lib64 conftest.o -lboost_system-gcc48  >&5
/usr/lib64/gcc/x86_64-suse-linux/4.8/../../../../x86_64-suse-linux/bin/ld: cannot find -lboost_system-gcc48
collect2: error: ld returned 1 exit status
configure:15415: $? = 1
configure:15400: re-using the existing conftest.o
configure:15406: g++ -o conftest -g -O2    -L/usr/local/lib conftest.o -lboost_system-gcc48-mt-d  >&5
/usr/lib64/gcc/x86_64-suse-linux/4.8/../../../../x86_64-suse-linux/bin/ld: cannot find -lboost_system-gcc48-mt-d
collect2: error: ld returned 1 exit status
configure:15415: $? = 1
configure:15400: re-using the existing conftest.o
configure:15406: g++ -o conftest -g -O2    -L/usr/local/lib64 conftest.o -lboost_system-gcc48-mt-d  >&5
/usr/lib64/gcc/x86_64-suse-linux/4.8/../../../../x86_64-suse-linux/bin/ld: cannot find -lboost_system-gcc48-mt-d
collect2: error: ld returned 1 exit status
configure:15415: $? = 1
configure:15400: re-using the existing conftest.o
configure:15406: g++ -o conftest -g -O2    -L/usr/lib conftest.o -lboost_system-gcc48-mt-d  >&5
/usr/lib64/gcc/x86_64-suse-linux/4.8/../../../../x86_64-suse-linux/bin/ld: cannot find -lboost_system-gcc48-mt-d
collect2: error: ld returned 1 exit status
configure:15415: $? = 1
configure:15400: re-using the existing conftest.o
configure:15406: g++ -o conftest -g -O2    -L/usr/lib64 conftest.o -lboost_system-gcc48-mt-d  >&5
/usr/lib64/gcc/x86_64-suse-linux/4.8/../../../../x86_64-suse-linux/bin/ld: cannot find -lboost_system-gcc48-mt-d
collect2: error: ld returned 1 exit status
configure:15415: $? = 1
configure:15400: re-using the existing conftest.o
configure:15406: g++ -o conftest -g -O2    -L/lib conftest.o -lboost_system-gcc48-mt-d  >&5
/usr/lib64/gcc/x86_64-suse-linux/4.8/../../../../x86_64-suse-linux/bin/ld: cannot find -lboost_system-gcc48-mt-d
collect2: error: ld returned 1 exit status
configure:15415: $? = 1
configure:15400: re-using the existing conftest.o
configure:15406: g++ -o conftest -g -O2    -L/lib64 conftest.o -lboost_system-gcc48-mt-d  >&5
/usr/lib64/gcc/x86_64-suse-linux/4.8/../../../../x86_64-suse-linux/bin/ld: cannot find -lboost_system-gcc48-mt-d
collect2: error: ld returned 1 exit status
configure:15415: $? = 1
configure:15400: re-using the existing conftest.o
configure:15406: g++ -o conftest -g -O2    -L/usr/local/lib conftest.o -lboost_system-gcc48-d  >&5
/usr/lib64/gcc/x86_64-suse-linux/4.8/../../../../x86_64-suse-linux/bin/ld: cannot find -lboost_system-gcc48-d
collect2: error: ld returned 1 exit status
configure:15415: $? = 1
configure:15400: re-using the existing conftest.o
configure:15406: g++ -o conftest -g -O2    -L/usr/local/lib64 conftest.o -lboost_system-gcc48-d  >&5
/usr/lib64/gcc/x86_64-suse-linux/4.8/../../../../x86_64-suse-linux/bin/ld: cannot find -lboost_system-gcc48-d
collect2: error: ld returned 1 exit status
configure:15415: $? = 1
configure:15400: re-using the existing conftest.o
configure:15406: g++ -o conftest -g -O2    -L/usr/lib conftest.o -lboost_system-gcc48-d  >&5
/usr/lib64/gcc/x86_64-suse-linux/4.8/../../../../x86_64-suse-linux/bin/ld: cannot find -lboost_system-gcc48-d
collect2: error: ld returned 1 exit status
configure:15415: $? = 1
configure:15400: re-using the existing conftest.o
configure:15406: g++ -o conftest -g -O2    -L/usr/lib64 conftest.o -lboost_system-gcc48-d  >&5
/usr/lib64/gcc/x86_64-suse-linux/4.8/../../../../x86_64-suse-linux/bin/ld: cannot find -lboost_system-gcc48-d
collect2: error: ld returned 1 exit status
configure:15415: $? = 1
configure:15400: re-using the existing conftest.o
configure:15406: g++ -o conftest -g -O2    -L/lib conftest.o -lboost_system-gcc48-d  >&5
/usr/lib64/gcc/x86_64-suse-linux/4.8/../../../../x86_64-suse-linux/bin/ld: cannot find -lboost_system-gcc48-d
collect2: error: ld returned 1 exit status
configure:15415: $? = 1
configure:15400: re-using the existing conftest.o
configure:15406: g++ -o conftest -g -O2    -L/lib64 conftest.o -lboost_system-gcc48-d  >&5
/usr/lib64/gcc/x86_64-suse-linux/4.8/../../../../x86_64-suse-linux/bin/ld: cannot find -lboost_system-gcc48-d
collect2: error: ld returned 1 exit status
configure:15415: $? = 1
configure:15400: re-using the existing conftest.o
configure:15406: g++ -o conftest -g -O2    -L/usr/local/lib conftest.o -lboost_system-gcc-mt-1_54  >&5
/usr/lib64/gcc/x86_64-suse-linux/4.8/../../../../x86_64-suse-linux/bin/ld: cannot find -lboost_system-gcc-mt-1_54
collect2: error: ld returned 1 exit status
configure:15415: $? = 1
configure:15400: re-using the existing conftest.o
configure:15406: g++ -o conftest -g -O2    -L/usr/local/lib64 conftest.o -lboost_system-gcc-mt-1_54  >&5
/usr/lib64/gcc/x86_64-suse-linux/4.8/../../../../x86_64-suse-linux/bin/ld: cannot find -lboost_system-gcc-mt-1_54
collect2: error: ld returned 1 exit status
configure:15415: $? = 1
configure:15400: re-using the existing conftest.o
configure:15406: g++ -o conftest -g -O2    -L/usr/lib conftest.o -lboost_system-gcc-mt-1_54  >&5
/usr/lib64/gcc/x86_64-suse-linux/4.8/../../../../x86_64-suse-linux/bin/ld: cannot find -lboost_system-gcc-mt-1_54
collect2: error: ld returned 1 exit status
configure:15415: $? = 1
configure:15400: re-using the existing conftest.o
configure:15406: g++ -o conftest -g -O2    -L/usr/lib64 conftest.o -lboost_system-gcc-mt-1_54  >&5
/usr/lib64/gcc/x86_64-suse-linux/4.8/../../../../x86_64-suse-linux/bin/ld: cannot find -lboost_system-gcc-mt-1_54
collect2: error: ld returned 1 exit status
configure:15415: $? = 1
configure:15400: re-using the existing conftest.o
configure:15406: g++ -o conftest -g -O2    -L/lib conftest.o -lboost_system-gcc-mt-1_54  >&5
/usr/lib64/gcc/x86_64-suse-linux/4.8/../../../../x86_64-suse-linux/bin/ld: cannot find -lboost_system-gcc-mt-1_54
collect2: error: ld returned 1 exit status
configure:15415: $? = 1
configure:15400: re-using the existing conftest.o
configure:15406: g++ -o conftest -g -O2    -L/lib64 conftest.o -lboost_system-gcc-mt-1_54  >&5
/usr/lib64/gcc/x86_64-suse-linux/4.8/../../../../x86_64-suse-linux/bin/ld: cannot find -lboost_system-gcc-mt-1_54
collect2: error: ld returned 1 exit status
configure:15415: $? = 1
configure:15400: re-using the existing conftest.o
configure:15406: g++ -o conftest -g -O2    -L/usr/local/lib conftest.o -lboost_system-gcc-1_54  >&5
/usr/lib64/gcc/x86_64-suse-linux/4.8/../../../../x86_64-suse-linux/bin/ld: cannot find -lboost_system-gcc-1_54
collect2: error: ld returned 1 exit status
configure:15415: $? = 1
configure:15400: re-using the existing conftest.o
configure:15406: g++ -o conftest -g -O2    -L/usr/local/lib64 conftest.o -lboost_system-gcc-1_54  >&5
/usr/lib64/gcc/x86_64-suse-linux/4.8/../../../../x86_64-suse-linux/bin/ld: cannot find -lboost_system-gcc-1_54
collect2: error: ld returned 1 exit status
configure:15415: $? = 1
configure:15400: re-using the existing conftest.o
configure:15406: g++ -o conftest -g -O2    -L/usr/lib conftest.o -lboost_system-gcc-1_54  >&5
/usr/lib64/gcc/x86_64-suse-linux/4.8/../../../../x86_64-suse-linux/bin/ld: cannot find -lboost_system-gcc-1_54
collect2: error: ld returned 1 exit status
configure:15415: $? = 1
configure:15400: re-using the existing conftest.o
configure:15406: g++ -o conftest -g -O2    -L/usr/lib64 conftest.o -lboost_system-gcc-1_54  >&5
/usr/lib64/gcc/x86_64-suse-linux/4.8/../../../../x86_64-suse-linux/bin/ld: cannot find -lboost_system-gcc-1_54
collect2: error: ld returned 1 exit status
configure:15415: $? = 1
configure:15400: re-using the existing conftest.o
configure:15406: g++ -o conftest -g -O2    -L/lib conftest.o -lboost_system-gcc-1_54  >&5
/usr/lib64/gcc/x86_64-suse-linux/4.8/../../../../x86_64-suse-linux/bin/ld: cannot find -lboost_system-gcc-1_54
collect2: error: ld returned 1 exit status
configure:15415: $? = 1
configure:15400: re-using the existing conftest.o
configure:15406: g++ -o conftest -g -O2    -L/lib64 conftest.o -lboost_system-gcc-1_54  >&5
/usr/lib64/gcc/x86_64-suse-linux/4.8/../../../../x86_64-suse-linux/bin/ld: cannot find -lboost_system-gcc-1_54
collect2: error: ld returned 1 exit status
configure:15415: $? = 1
configure:15400: re-using the existing conftest.o
configure:15406: g++ -o conftest -g -O2    -L/usr/local/lib conftest.o -lboost_system-gcc-mt-d-1_54  >&5
/usr/lib64/gcc/x86_64-suse-linux/4.8/../../../../x86_64-suse-linux/bin/ld: cannot find -lboost_system-gcc-mt-d-1_54
collect2: error: ld returned 1 exit status
configure:15415: $? = 1
configure:15400: re-using the existing conftest.o
configure:15406: g++ -o conftest -g -O2    -L/usr/local/lib64 conftest.o -lboost_system-gcc-mt-d-1_54  >&5
/usr/lib64/gcc/x86_64-suse-linux/4.8/../../../../x86_64-suse-linux/bin/ld: cannot find -lboost_system-gcc-mt-d-1_54
collect2: error: ld returned 1 exit status
configure:15415: $? = 1
configure:15400: re-using the existing conftest.o
configure:15406: g++ -o conftest -g -O2    -L/usr/lib conftest.o -lboost_system-gcc-mt-d-1_54  >&5
/usr/lib64/gcc/x86_64-suse-linux/4.8/../../../../x86_64-suse-linux/bin/ld: cannot find -lboost_system-gcc-mt-d-1_54
collect2: error: ld returned 1 exit status
configure:15415: $? = 1
configure:15400: re-using the existing conftest.o
configure:15406: g++ -o conftest -g -O2    -L/usr/lib64 conftest.o -lboost_system-gcc-mt-d-1_54  >&5
/usr/lib64/gcc/x86_64-suse-linux/4.8/../../../../x86_64-suse-linux/bin/ld: cannot find -lboost_system-gcc-mt-d-1_54
collect2: error: ld returned 1 exit status
configure:15415: $? = 1
configure:15400: re-using the existing conftest.o
configure:15406: g++ -o conftest -g -O2    -L/lib conftest.o -lboost_system-gcc-mt-d-1_54  >&5
/usr/lib64/gcc/x86_64-suse-linux/4.8/../../../../x86_64-suse-linux/bin/ld: cannot find -lboost_system-gcc-mt-d-1_54
collect2: error: ld returned 1 exit status
configure:15415: $? = 1
configure:15400: re-using the existing conftest.o
configure:15406: g++ -o conftest -g -O2    -L/lib64 conftest.o -lboost_system-gcc-mt-d-1_54  >&5
/usr/lib64/gcc/x86_64-suse-linux/4.8/../../../../x86_64-suse-linux/bin/ld: cannot find -lboost_system-gcc-mt-d-1_54
collect2: error: ld returned 1 exit status
configure:15415: $? = 1
configure:15400: re-using the existing conftest.o
configure:15406: g++ -o conftest -g -O2    -L/usr/local/lib conftest.o -lboost_system-gcc-d-1_54  >&5
/usr/lib64/gcc/x86_64-suse-linux/4.8/../../../../x86_64-suse-linux/bin/ld: cannot find -lboost_system-gcc-d-1_54
collect2: error: ld returned 1 exit status
configure:15415: $? = 1
configure:15400: re-using the existing conftest.o
configure:15406: g++ -o conftest -g -O2    -L/usr/local/lib64 conftest.o -lboost_system-gcc-d-1_54  >&5
/usr/lib64/gcc/x86_64-suse-linux/4.8/../../../../x86_64-suse-linux/bin/ld: cannot find -lboost_system-gcc-d-1_54
collect2: error: ld returned 1 exit status
configure:15415: $? = 1
configure:15400: re-using the existing conftest.o
configure:15406: g++ -o conftest -g -O2    -L/usr/lib conftest.o -lboost_system-gcc-d-1_54  >&5
/usr/lib64/gcc/x86_64-suse-linux/4.8/../../../../x86_64-suse-linux/bin/ld: cannot find -lboost_system-gcc-d-1_54
collect2: error: ld returned 1 exit status
configure:15415: $? = 1
configure:15400: re-using the existing conftest.o
configure:15406: g++ -o conftest -g -O2    -L/usr/lib64 conftest.o -lboost_system-gcc-d-1_54  >&5
/usr/lib64/gcc/x86_64-suse-linux/4.8/../../../../x86_64-suse-linux/bin/ld: cannot find -lboost_system-gcc-d-1_54
collect2: error: ld returned 1 exit status
configure:15415: $? = 1
configure:15400: re-using the existing conftest.o
configure:15406: g++ -o conftest -g -O2    -L/lib conftest.o -lboost_system-gcc-d-1_54  >&5
/usr/lib64/gcc/x86_64-suse-linux/4.8/../../../../x86_64-suse-linux/bin/ld: cannot find -lboost_system-gcc-d-1_54
collect2: error: ld returned 1 exit status
configure:15415: $? = 1
configure:15400: re-using the existing conftest.o
configure:15406: g++ -o conftest -g -O2    -L/lib64 conftest.o -lboost_system-gcc-d-1_54  >&5
/usr/lib64/gcc/x86_64-suse-linux/4.8/../../../../x86_64-suse-linux/bin/ld: cannot find -lboost_system-gcc-d-1_54
collect2: error: ld returned 1 exit status
configure:15415: $? = 1
configure:15400: re-using the existing conftest.o
configure:15406: g++ -o conftest -g -O2    -L/usr/local/lib conftest.o -lboost_system-gcc-mt  >&5
/usr/lib64/gcc/x86_64-suse-linux/4.8/../../../../x86_64-suse-linux/bin/ld: cannot find -lboost_system-gcc-mt
collect2: error: ld returned 1 exit status
configure:15415: $? = 1
configure:15400: re-using the existing conftest.o
configure:15406: g++ -o conftest -g -O2    -L/usr/local/lib64 conftest.o -lboost_system-gcc-mt  >&5
/usr/lib64/gcc/x86_64-suse-linux/4.8/../../../../x86_64-suse-linux/bin/ld: cannot find -lboost_system-gcc-mt
collect2: error: ld returned 1 exit status
configure:15415: $? = 1
configure:15400: re-using the existing conftest.o
configure:15406: g++ -o conftest -g -O2    -L/usr/lib conftest.o -lboost_system-gcc-mt  >&5
/usr/lib64/gcc/x86_64-suse-linux/4.8/../../../../x86_64-suse-linux/bin/ld: cannot find -lboost_system-gcc-mt
collect2: error: ld returned 1 exit status
configure:15415: $? = 1
configure:15400: re-using the existing conftest.o
configure:15406: g++ -o conftest -g -O2    -L/usr/lib64 conftest.o -lboost_system-gcc-mt  >&5
/usr/lib64/gcc/x86_64-suse-linux/4.8/../../../../x86_64-suse-linux/bin/ld: cannot find -lboost_system-gcc-mt
collect2: error: ld returned 1 exit status
configure:15415: $? = 1
configure:15400: re-using the existing conftest.o
configure:15406: g++ -o conftest -g -O2    -L/lib conftest.o -lboost_system-gcc-mt  >&5
/usr/lib64/gcc/x86_64-suse-linux/4.8/../../../../x86_64-suse-linux/bin/ld: cannot find -lboost_system-gcc-mt
collect2: error: ld returned 1 exit status
configure:15415: $? = 1
configure:15400: re-using the existing conftest.o
configure:15406: g++ -o conftest -g -O2    -L/lib64 conftest.o -lboost_system-gcc-mt  >&5
/usr/lib64/gcc/x86_64-suse-linux/4.8/../../../../x86_64-suse-linux/bin/ld: cannot find -lboost_system-gcc-mt
collect2: error: ld returned 1 exit status
configure:15415: $? = 1
configure:15400: re-using the existing conftest.o
configure:15406: g++ -o conftest -g -O2    -L/usr/local/lib conftest.o -lboost_system-gcc  >&5
/usr/lib64/gcc/x86_64-suse-linux/4.8/../../../../x86_64-suse-linux/bin/ld: cannot find -lboost_system-gcc
collect2: error: ld returned 1 exit status
configure:15415: $? = 1
configure:15400: re-using the existing conftest.o
configure:15406: g++ -o conftest -g -O2    -L/usr/local/lib64 conftest.o -lboost_system-gcc  >&5
/usr/lib64/gcc/x86_64-suse-linux/4.8/../../../../x86_64-suse-linux/bin/ld: cannot find -lboost_system-gcc
collect2: error: ld returned 1 exit status
configure:15415: $? = 1
configure:15400: re-using the existing conftest.o
configure:15406: g++ -o conftest -g -O2    -L/usr/lib conftest.o -lboost_system-gcc  >&5
/usr/lib64/gcc/x86_64-suse-linux/4.8/../../../../x86_64-suse-linux/bin/ld: cannot find -lboost_system-gcc
collect2: error: ld returned 1 exit status
configure:15415: $? = 1
configure:15400: re-using the existing conftest.o
configure:15406: g++ -o conftest -g -O2    -L/usr/lib64 conftest.o -lboost_system-gcc  >&5
/usr/lib64/gcc/x86_64-suse-linux/4.8/../../../../x86_64-suse-linux/bin/ld: cannot find -lboost_system-gcc
collect2: error: ld returned 1 exit status
configure:15415: $? = 1
configure:15400: re-using the existing conftest.o
configure:15406: g++ -o conftest -g -O2    -L/lib conftest.o -lboost_system-gcc  >&5
/usr/lib64/gcc/x86_64-suse-linux/4.8/../../../../x86_64-suse-linux/bin/ld: cannot find -lboost_system-gcc
collect2: error: ld returned 1 exit status
configure:15415: $? = 1
configure:15400: re-using the existing conftest.o
configure:15406: g++ -o conftest -g -O2    -L/lib64 conftest.o -lboost_system-gcc  >&5
/usr/lib64/gcc/x86_64-suse-linux/4.8/../../../../x86_64-suse-linux/bin/ld: cannot find -lboost_system-gcc
collect2: error: ld returned 1 exit status
configure:15415: $? = 1
configure:15400: re-using the existing conftest.o
configure:15406: g++ -o conftest -g -O2    -L/usr/local/lib conftest.o -lboost_system-gcc-mt-d  >&5
/usr/lib64/gcc/x86_64-suse-linux/4.8/../../../../x86_64-suse-linux/bin/ld: cannot find -lboost_system-gcc-mt-d
collect2: error: ld returned 1 exit status
configure:15415: $? = 1
configure:15400: re-using the existing conftest.o
configure:15406: g++ -o conftest -g -O2    -L/usr/local/lib64 conftest.o -lboost_system-gcc-mt-d  >&5
/usr/lib64/gcc/x86_64-suse-linux/4.8/../../../../x86_64-suse-linux/bin/ld: cannot find -lboost_system-gcc-mt-d
collect2: error: ld returned 1 exit status
configure:15415: $? = 1
configure:15400: re-using the existing conftest.o
configure:15406: g++ -o conftest -g -O2    -L/usr/lib conftest.o -lboost_system-gcc-mt-d  >&5
/usr/lib64/gcc/x86_64-suse-linux/4.8/../../../../x86_64-suse-linux/bin/ld: cannot find -lboost_system-gcc-mt-d
collect2: error: ld returned 1 exit status
configure:15415: $? = 1
configure:15400: re-using the existing conftest.o
configure:15406: g++ -o conftest -g -O2    -L/usr/lib64 conftest.o -lboost_system-gcc-mt-d  >&5
/usr/lib64/gcc/x86_64-suse-linux/4.8/../../../../x86_64-suse-linux/bin/ld: cannot find -lboost_system-gcc-mt-d
collect2: error: ld returned 1 exit status
configure:15415: $? = 1
configure:15400: re-using the existing conftest.o
configure:15406: g++ -o conftest -g -O2    -L/lib conftest.o -lboost_system-gcc-mt-d  >&5
/usr/lib64/gcc/x86_64-suse-linux/4.8/../../../../x86_64-suse-linux/bin/ld: cannot find -lboost_system-gcc-mt-d
collect2: error: ld returned 1 exit status
configure:15415: $? = 1
configure:15400: re-using the existing conftest.o
configure:15406: g++ -o conftest -g -O2    -L/lib64 conftest.o -lboost_system-gcc-mt-d  >&5
/usr/lib64/gcc/x86_64-suse-linux/4.8/../../../../x86_64-suse-linux/bin/ld: cannot find -lboost_system-gcc-mt-d
collect2: error: ld returned 1 exit status
configure:15415: $? = 1
configure:15400: re-using the existing conftest.o
configure:15406: g++ -o conftest -g -O2    -L/usr/local/lib conftest.o -lboost_system-gcc-d  >&5
/usr/lib64/gcc/x86_64-suse-linux/4.8/../../../../x86_64-suse-linux/bin/ld: cannot find -lboost_system-gcc-d
collect2: error: ld returned 1 exit status
configure:15415: $? = 1
configure:15400: re-using the existing conftest.o
configure:15406: g++ -o conftest -g -O2    -L/usr/local/lib64 conftest.o -lboost_system-gcc-d  >&5
/usr/lib64/gcc/x86_64-suse-linux/4.8/../../../../x86_64-suse-linux/bin/ld: cannot find -lboost_system-gcc-d
collect2: error: ld returned 1 exit status
configure:15415: $? = 1
configure:15400: re-using the existing conftest.o
configure:15406: g++ -o conftest -g -O2    -L/usr/lib conftest.o -lboost_system-gcc-d  >&5
/usr/lib64/gcc/x86_64-suse-linux/4.8/../../../../x86_64-suse-linux/bin/ld: cannot find -lboost_system-gcc-d
collect2: error: ld returned 1 exit status
configure:15415: $? = 1
configure:15400: re-using the existing conftest.o
configure:15406: g++ -o conftest -g -O2    -L/usr/lib64 conftest.o -lboost_system-gcc-d  >&5
/usr/lib64/gcc/x86_64-suse-linux/4.8/../../../../x86_64-suse-linux/bin/ld: cannot find -lboost_system-gcc-d
collect2: error: ld returned 1 exit status
configure:15415: $? = 1
configure:15400: re-using the existing conftest.o
configure:15406: g++ -o conftest -g -O2    -L/lib conftest.o -lboost_system-gcc-d  >&5
/usr/lib64/gcc/x86_64-suse-linux/4.8/../../../../x86_64-suse-linux/bin/ld: cannot find -lboost_system-gcc-d
collect2: error: ld returned 1 exit status
configure:15415: $? = 1
configure:15400: re-using the existing conftest.o
configure:15406: g++ -o conftest -g -O2    -L/lib64 conftest.o -lboost_system-gcc-d  >&5
/usr/lib64/gcc/x86_64-suse-linux/4.8/../../../../x86_64-suse-linux/bin/ld: cannot find -lboost_system-gcc-d
collect2: error: ld returned 1 exit status
configure:15415: $? = 1
configure:15400: re-using the existing conftest.o
configure:15406: g++ -o conftest -g -O2    -L/usr/local/lib conftest.o -lboost_system-mt-1_54  >&5
/usr/lib64/gcc/x86_64-suse-linux/4.8/../../../../x86_64-suse-linux/bin/ld: cannot find -lboost_system-mt-1_54
collect2: error: ld returned 1 exit status
configure:15415: $? = 1
configure:15400: re-using the existing conftest.o
configure:15406: g++ -o conftest -g -O2    -L/usr/local/lib64 conftest.o -lboost_system-mt-1_54  >&5
/usr/lib64/gcc/x86_64-suse-linux/4.8/../../../../x86_64-suse-linux/bin/ld: cannot find -lboost_system-mt-1_54
collect2: error: ld returned 1 exit status
configure:15415: $? = 1
configure:15400: re-using the existing conftest.o
configure:15406: g++ -o conftest -g -O2    -L/usr/lib conftest.o -lboost_system-mt-1_54  >&5
/usr/lib64/gcc/x86_64-suse-linux/4.8/../../../../x86_64-suse-linux/bin/ld: cannot find -lboost_system-mt-1_54
collect2: error: ld returned 1 exit status
configure:15415: $? = 1
configure:15400: re-using the existing conftest.o
configure:15406: g++ -o conftest -g -O2    -L/usr/lib64 conftest.o -lboost_system-mt-1_54  >&5
/usr/lib64/gcc/x86_64-suse-linux/4.8/../../../../x86_64-suse-linux/bin/ld: cannot find -lboost_system-mt-1_54
collect2: error: ld returned 1 exit status
configure:15415: $? = 1
configure:15400: re-using the existing conftest.o
configure:15406: g++ -o conftest -g -O2    -L/lib conftest.o -lboost_system-mt-1_54  >&5
/usr/lib64/gcc/x86_64-suse-linux/4.8/../../../../x86_64-suse-linux/bin/ld: cannot find -lboost_system-mt-1_54
collect2: error: ld returned 1 exit status
configure:15415: $? = 1
configure:15400: re-using the existing conftest.o
configure:15406: g++ -o conftest -g -O2    -L/lib64 conftest.o -lboost_system-mt-1_54  >&5
/usr/lib64/gcc/x86_64-suse-linux/4.8/../../../../x86_64-suse-linux/bin/ld: cannot find -lboost_system-mt-1_54
collect2: error: ld returned 1 exit status
configure:15415: $? = 1
configure:15400: re-using the existing conftest.o
configure:15406: g++ -o conftest -g -O2    -L/usr/local/lib conftest.o -lboost_system-1_54  >&5
/usr/lib64/gcc/x86_64-suse-linux/4.8/../../../../x86_64-suse-linux/bin/ld: cannot find -lboost_system-1_54
collect2: error: ld returned 1 exit status
configure:15415: $? = 1
configure:15400: re-using the existing conftest.o
configure:15406: g++ -o conftest -g -O2    -L/usr/local/lib64 conftest.o -lboost_system-1_54  >&5
/usr/lib64/gcc/x86_64-suse-linux/4.8/../../../../x86_64-suse-linux/bin/ld: cannot find -lboost_system-1_54
collect2: error: ld returned 1 exit status
configure:15415: $? = 1
configure:15400: re-using the existing conftest.o
configure:15406: g++ -o conftest -g -O2    -L/usr/lib conftest.o -lboost_system-1_54  >&5
/usr/lib64/gcc/x86_64-suse-linux/4.8/../../../../x86_64-suse-linux/bin/ld: cannot find -lboost_system-1_54
collect2: error: ld returned 1 exit status
configure:15415: $? = 1
configure:15400: re-using the existing conftest.o
configure:15406: g++ -o conftest -g -O2    -L/usr/lib64 conftest.o -lboost_system-1_54  >&5
/usr/lib64/gcc/x86_64-suse-linux/4.8/../../../../x86_64-suse-linux/bin/ld: cannot find -lboost_system-1_54
collect2: error: ld returned 1 exit status
configure:15415: $? = 1
configure:15400: re-using the existing conftest.o
configure:15406: g++ -o conftest -g -O2    -L/lib conftest.o -lboost_system-1_54  >&5
/usr/lib64/gcc/x86_64-suse-linux/4.8/../../../../x86_64-suse-linux/bin/ld: cannot find -lboost_system-1_54
collect2: error: ld returned 1 exit status
configure:15415: $? = 1
configure:15400: re-using the existing conftest.o
configure:15406: g++ -o conftest -g -O2    -L/lib64 conftest.o -lboost_system-1_54  >&5
/usr/lib64/gcc/x86_64-suse-linux/4.8/../../../../x86_64-suse-linux/bin/ld: cannot find -lboost_system-1_54
collect2: error: ld returned 1 exit status
configure:15415: $? = 1
configure:15400: re-using the existing conftest.o
configure:15406: g++ -o conftest -g -O2    -L/usr/local/lib conftest.o -lboost_system-mt-d-1_54  >&5
/usr/lib64/gcc/x86_64-suse-linux/4.8/../../../../x86_64-suse-linux/bin/ld: cannot find -lboost_system-mt-d-1_54
collect2: error: ld returned 1 exit status
configure:15415: $? = 1
configure:15400: re-using the existing conftest.o
configure:15406: g++ -o conftest -g -O2    -L/usr/local/lib64 conftest.o -lboost_system-mt-d-1_54  >&5
/usr/lib64/gcc/x86_64-suse-linux/4.8/../../../../x86_64-suse-linux/bin/ld: cannot find -lboost_system-mt-d-1_54
collect2: error: ld returned 1 exit status
configure:15415: $? = 1
configure:15400: re-using the existing conftest.o
configure:15406: g++ -o conftest -g -O2    -L/usr/lib conftest.o -lboost_system-mt-d-1_54  >&5
/usr/lib64/gcc/x86_64-suse-linux/4.8/../../../../x86_64-suse-linux/bin/ld: cannot find -lboost_system-mt-d-1_54
collect2: error: ld returned 1 exit status
configure:15415: $? = 1
configure:15400: re-using the existing conftest.o
configure:15406: g++ -o conftest -g -O2    -L/usr/lib64 conftest.o -lboost_system-mt-d-1_54  >&5
/usr/lib64/gcc/x86_64-suse-linux/4.8/../../../../x86_64-suse-linux/bin/ld: cannot find -lboost_system-mt-d-1_54
collect2: error: ld returned 1 exit status
configure:15415: $? = 1
configure:15400: re-using the existing conftest.o
configure:15406: g++ -o conftest -g -O2    -L/lib conftest.o -lboost_system-mt-d-1_54  >&5
/usr/lib64/gcc/x86_64-suse-linux/4.8/../../../../x86_64-suse-linux/bin/ld: cannot find -lboost_system-mt-d-1_54
collect2: error: ld returned 1 exit status
configure:15415: $? = 1
configure:15400: re-using the existing conftest.o
configure:15406: g++ -o conftest -g -O2    -L/lib64 conftest.o -lboost_system-mt-d-1_54  >&5
/usr/lib64/gcc/x86_64-suse-linux/4.8/../../../../x86_64-suse-linux/bin/ld: cannot find -lboost_system-mt-d-1_54
collect2: error: ld returned 1 exit status
configure:15415: $? = 1
configure:15400: re-using the existing conftest.o
configure:15406: g++ -o conftest -g -O2    -L/usr/local/lib conftest.o -lboost_system-d-1_54  >&5
/usr/lib64/gcc/x86_64-suse-linux/4.8/../../../../x86_64-suse-linux/bin/ld: cannot find -lboost_system-d-1_54
collect2: error: ld returned 1 exit status
configure:15415: $? = 1
configure:15400: re-using the existing conftest.o
configure:15406: g++ -o conftest -g -O2    -L/usr/local/lib64 conftest.o -lboost_system-d-1_54  >&5
/usr/lib64/gcc/x86_64-suse-linux/4.8/../../../../x86_64-suse-linux/bin/ld: cannot find -lboost_system-d-1_54
collect2: error: ld returned 1 exit status
configure:15415: $? = 1
configure:15400: re-using the existing conftest.o
configure:15406: g++ -o conftest -g -O2    -L/usr/lib conftest.o -lboost_system-d-1_54  >&5
/usr/lib64/gcc/x86_64-suse-linux/4.8/../../../../x86_64-suse-linux/bin/ld: cannot find -lboost_system-d-1_54
collect2: error: ld returned 1 exit status
configure:15415: $? = 1
configure:15400: re-using the existing conftest.o
configure:15406: g++ -o conftest -g -O2    -L/usr/lib64 conftest.o -lboost_system-d-1_54  >&5
/usr/lib64/gcc/x86_64-suse-linux/4.8/../../../../x86_64-suse-linux/bin/ld: cannot find -lboost_system-d-1_54
collect2: error: ld returned 1 exit status
configure:15415: $? = 1
configure:15400: re-using the existing conftest.o
configure:15406: g++ -o conftest -g -O2    -L/lib conftest.o -lboost_system-d-1_54  >&5
/usr/lib64/gcc/x86_64-suse-linux/4.8/../../../../x86_64-suse-linux/bin/ld: cannot find -lboost_system-d-1_54
collect2: error: ld returned 1 exit status
configure:15415: $? = 1
configure:15400: re-using the existing conftest.o
configure:15406: g++ -o conftest -g -O2    -L/lib64 conftest.o -lboost_system-d-1_54  >&5
/usr/lib64/gcc/x86_64-suse-linux/4.8/../../../../x86_64-suse-linux/bin/ld: cannot find -lboost_system-d-1_54
collect2: error: ld returned 1 exit status
configure:15415: $? = 1
configure:15400: re-using the existing conftest.o
configure:15406: g++ -o conftest -g -O2    -L/usr/local/lib conftest.o -lboost_system-mt  >&5
configure:15415: $? = 0
configure:15455: result: yes
configure:15498: checking boost/regex.hpp usability
configure:15498: g++ -c -g -O2   conftest.cpp >&5
configure:15498: $? = 0
configure:15498: result: yes
configure:15498: checking boost/regex.hpp presence
configure:15498: g++ -E   conftest.cpp
configure:15498: $? = 0
configure:15498: result: yes
configure:15498: checking for boost/regex.hpp
configure:15498: result: yes
configure:15525: checking for the Boost regex library
configure:15567: g++ -c -g -O2   conftest.cpp >&5
configure:15567: $? = 0
configure:15618: re-using the existing conftest.o
configure:15624: g++ -o conftest -g -O2    -L/usr/local/lib conftest.o -lboost_regex-gcc48-mt-1_54  >&5
/usr/lib64/gcc/x86_64-suse-linux/4.8/../../../../x86_64-suse-linux/bin/ld: cannot find -lboost_regex-gcc48-mt-1_54
collect2: error: ld returned 1 exit status
configure:15633: $? = 1
configure:15618: re-using the existing conftest.o
configure:15624: g++ -o conftest -g -O2    -L/usr/local/lib64 conftest.o -lboost_regex-gcc48-mt-1_54  >&5
/usr/lib64/gcc/x86_64-suse-linux/4.8/../../../../x86_64-suse-linux/bin/ld: cannot find -lboost_regex-gcc48-mt-1_54
collect2: error: ld returned 1 exit status
configure:15633: $? = 1
configure:15618: re-using the existing conftest.o
configure:15624: g++ -o conftest -g -O2    -L/usr/lib conftest.o -lboost_regex-gcc48-mt-1_54  >&5
/usr/lib64/gcc/x86_64-suse-linux/4.8/../../../../x86_64-suse-linux/bin/ld: cannot find -lboost_regex-gcc48-mt-1_54
collect2: error: ld returned 1 exit status
configure:15633: $? = 1
configure:15618: re-using the existing conftest.o
configure:15624: g++ -o conftest -g -O2    -L/usr/lib64 conftest.o -lboost_regex-gcc48-mt-1_54  >&5
/usr/lib64/gcc/x86_64-suse-linux/4.8/../../../../x86_64-suse-linux/bin/ld: cannot find -lboost_regex-gcc48-mt-1_54
collect2: error: ld returned 1 exit status
configure:15633: $? = 1
configure:15618: re-using the existing conftest.o
configure:15624: g++ -o conftest -g -O2    -L/lib conftest.o -lboost_regex-gcc48-mt-1_54  >&5
/usr/lib64/gcc/x86_64-suse-linux/4.8/../../../../x86_64-suse-linux/bin/ld: cannot find -lboost_regex-gcc48-mt-1_54
collect2: error: ld returned 1 exit status
configure:15633: $? = 1
configure:15618: re-using the existing conftest.o
configure:15624: g++ -o conftest -g -O2    -L/lib64 conftest.o -lboost_regex-gcc48-mt-1_54  >&5
/usr/lib64/gcc/x86_64-suse-linux/4.8/../../../../x86_64-suse-linux/bin/ld: cannot find -lboost_regex-gcc48-mt-1_54
collect2: error: ld returned 1 exit status
configure:15633: $? = 1
configure:15618: re-using the existing conftest.o
configure:15624: g++ -o conftest -g -O2    -L/usr/local/lib conftest.o -lboost_regex-gcc48-1_54  >&5
/usr/lib64/gcc/x86_64-suse-linux/4.8/../../../../x86_64-suse-linux/bin/ld: cannot find -lboost_regex-gcc48-1_54
collect2: error: ld returned 1 exit status
configure:15633: $? = 1
configure:15618: re-using the existing conftest.o
configure:15624: g++ -o conftest -g -O2    -L/usr/local/lib64 conftest.o -lboost_regex-gcc48-1_54  >&5
/usr/lib64/gcc/x86_64-suse-linux/4.8/../../../../x86_64-suse-linux/bin/ld: cannot find -lboost_regex-gcc48-1_54
collect2: error: ld returned 1 exit status
configure:15633: $? = 1
configure:15618: re-using the existing conftest.o
configure:15624: g++ -o conftest -g -O2    -L/usr/lib conftest.o -lboost_regex-gcc48-1_54  >&5
/usr/lib64/gcc/x86_64-suse-linux/4.8/../../../../x86_64-suse-linux/bin/ld: cannot find -lboost_regex-gcc48-1_54
collect2: error: ld returned 1 exit status
configure:15633: $? = 1
configure:15618: re-using the existing conftest.o
configure:15624: g++ -o conftest -g -O2    -L/usr/lib64 conftest.o -lboost_regex-gcc48-1_54  >&5
/usr/lib64/gcc/x86_64-suse-linux/4.8/../../../../x86_64-suse-linux/bin/ld: cannot find -lboost_regex-gcc48-1_54
collect2: error: ld returned 1 exit status
configure:15633: $? = 1
configure:15618: re-using the existing conftest.o
configure:15624: g++ -o conftest -g -O2    -L/lib conftest.o -lboost_regex-gcc48-1_54  >&5
/usr/lib64/gcc/x86_64-suse-linux/4.8/../../../../x86_64-suse-linux/bin/ld: cannot find -lboost_regex-gcc48-1_54
collect2: error: ld returned 1 exit status
configure:15633: $? = 1
configure:15618: re-using the existing conftest.o
configure:15624: g++ -o conftest -g -O2    -L/lib64 conftest.o -lboost_regex-gcc48-1_54  >&5
/usr/lib64/gcc/x86_64-suse-linux/4.8/../../../../x86_64-suse-linux/bin/ld: cannot find -lboost_regex-gcc48-1_54
collect2: error: ld returned 1 exit status
configure:15633: $? = 1
configure:15618: re-using the existing conftest.o
configure:15624: g++ -o conftest -g -O2    -L/usr/local/lib conftest.o -lboost_regex-gcc48-mt-d-1_54  >&5
/usr/lib64/gcc/x86_64-suse-linux/4.8/../../../../x86_64-suse-linux/bin/ld: cannot find -lboost_regex-gcc48-mt-d-1_54
collect2: error: ld returned 1 exit status
configure:15633: $? = 1
configure:15618: re-using the existing conftest.o
configure:15624: g++ -o conftest -g -O2    -L/usr/local/lib64 conftest.o -lboost_regex-gcc48-mt-d-1_54  >&5
/usr/lib64/gcc/x86_64-suse-linux/4.8/../../../../x86_64-suse-linux/bin/ld: cannot find -lboost_regex-gcc48-mt-d-1_54
collect2: error: ld returned 1 exit status
configure:15633: $? = 1
configure:15618: re-using the existing conftest.o
configure:15624: g++ -o conftest -g -O2    -L/usr/lib conftest.o -lboost_regex-gcc48-mt-d-1_54  >&5
/usr/lib64/gcc/x86_64-suse-linux/4.8/../../../../x86_64-suse-linux/bin/ld: cannot find -lboost_regex-gcc48-mt-d-1_54
collect2: error: ld returned 1 exit status
configure:15633: $? = 1
configure:15618: re-using the existing conftest.o
configure:15624: g++ -o conftest -g -O2    -L/usr/lib64 conftest.o -lboost_regex-gcc48-mt-d-1_54  >&5
/usr/lib64/gcc/x86_64-suse-linux/4.8/../../../../x86_64-suse-linux/bin/ld: cannot find -lboost_regex-gcc48-mt-d-1_54
collect2: error: ld returned 1 exit status
configure:15633: $? = 1
configure:15618: re-using the existing conftest.o
configure:15624: g++ -o conftest -g -O2    -L/lib conftest.o -lboost_regex-gcc48-mt-d-1_54  >&5
/usr/lib64/gcc/x86_64-suse-linux/4.8/../../../../x86_64-suse-linux/bin/ld: cannot find -lboost_regex-gcc48-mt-d-1_54
collect2: error: ld returned 1 exit status
configure:15633: $? = 1
configure:15618: re-using the existing conftest.o
configure:15624: g++ -o conftest -g -O2    -L/lib64 conftest.o -lboost_regex-gcc48-mt-d-1_54  >&5
/usr/lib64/gcc/x86_64-suse-linux/4.8/../../../../x86_64-suse-linux/bin/ld: cannot find -lboost_regex-gcc48-mt-d-1_54
collect2: error: ld returned 1 exit status
configure:15633: $? = 1
configure:15618: re-using the existing conftest.o
configure:15624: g++ -o conftest -g -O2    -L/usr/local/lib conftest.o -lboost_regex-gcc48-d-1_54  >&5
/usr/lib64/gcc/x86_64-suse-linux/4.8/../../../../x86_64-suse-linux/bin/ld: cannot find -lboost_regex-gcc48-d-1_54
collect2: error: ld returned 1 exit status
configure:15633: $? = 1
configure:15618: re-using the existing conftest.o
configure:15624: g++ -o conftest -g -O2    -L/usr/local/lib64 conftest.o -lboost_regex-gcc48-d-1_54  >&5
/usr/lib64/gcc/x86_64-suse-linux/4.8/../../../../x86_64-suse-linux/bin/ld: cannot find -lboost_regex-gcc48-d-1_54
collect2: error: ld returned 1 exit status
configure:15633: $? = 1
configure:15618: re-using the existing conftest.o
configure:15624: g++ -o conftest -g -O2    -L/usr/lib conftest.o -lboost_regex-gcc48-d-1_54  >&5
/usr/lib64/gcc/x86_64-suse-linux/4.8/../../../../x86_64-suse-linux/bin/ld: cannot find -lboost_regex-gcc48-d-1_54
collect2: error: ld returned 1 exit status
configure:15633: $? = 1
configure:15618: re-using the existing conftest.o
configure:15624: g++ -o conftest -g -O2    -L/usr/lib64 conftest.o -lboost_regex-gcc48-d-1_54  >&5
/usr/lib64/gcc/x86_64-suse-linux/4.8/../../../../x86_64-suse-linux/bin/ld: cannot find -lboost_regex-gcc48-d-1_54
collect2: error: ld returned 1 exit status
configure:15633: $? = 1
configure:15618: re-using the existing conftest.o
configure:15624: g++ -o conftest -g -O2    -L/lib conftest.o -lboost_regex-gcc48-d-1_54  >&5
/usr/lib64/gcc/x86_64-suse-linux/4.8/../../../../x86_64-suse-linux/bin/ld: cannot find -lboost_regex-gcc48-d-1_54
collect2: error: ld returned 1 exit status
configure:15633: $? = 1
configure:15618: re-using the existing conftest.o
configure:15624: g++ -o conftest -g -O2    -L/lib64 conftest.o -lboost_regex-gcc48-d-1_54  >&5
/usr/lib64/gcc/x86_64-suse-linux/4.8/../../../../x86_64-suse-linux/bin/ld: cannot find -lboost_regex-gcc48-d-1_54
collect2: error: ld returned 1 exit status
configure:15633: $? = 1
configure:15618: re-using the existing conftest.o
configure:15624: g++ -o conftest -g -O2    -L/usr/local/lib conftest.o -lboost_regex-gcc48-mt  >&5
/usr/lib64/gcc/x86_64-suse-linux/4.8/../../../../x86_64-suse-linux/bin/ld: cannot find -lboost_regex-gcc48-mt
collect2: error: ld returned 1 exit status
configure:15633: $? = 1
configure:15618: re-using the existing conftest.o
configure:15624: g++ -o conftest -g -O2    -L/usr/local/lib64 conftest.o -lboost_regex-gcc48-mt  >&5
/usr/lib64/gcc/x86_64-suse-linux/4.8/../../../../x86_64-suse-linux/bin/ld: cannot find -lboost_regex-gcc48-mt
collect2: error: ld returned 1 exit status
configure:15633: $? = 1
configure:15618: re-using the existing conftest.o
configure:15624: g++ -o conftest -g -O2    -L/usr/lib conftest.o -lboost_regex-gcc48-mt  >&5
/usr/lib64/gcc/x86_64-suse-linux/4.8/../../../../x86_64-suse-linux/bin/ld: cannot find -lboost_regex-gcc48-mt
collect2: error: ld returned 1 exit status
configure:15633: $? = 1
configure:15618: re-using the existing conftest.o
configure:15624: g++ -o conftest -g -O2    -L/usr/lib64 conftest.o -lboost_regex-gcc48-mt  >&5
/usr/lib64/gcc/x86_64-suse-linux/4.8/../../../../x86_64-suse-linux/bin/ld: cannot find -lboost_regex-gcc48-mt
collect2: error: ld returned 1 exit status
configure:15633: $? = 1
configure:15618: re-using the existing conftest.o
configure:15624: g++ -o conftest -g -O2    -L/lib conftest.o -lboost_regex-gcc48-mt  >&5
/usr/lib64/gcc/x86_64-suse-linux/4.8/../../../../x86_64-suse-linux/bin/ld: cannot find -lboost_regex-gcc48-mt
collect2: error: ld returned 1 exit status
configure:15633: $? = 1
configure:15618: re-using the existing conftest.o
configure:15624: g++ -o conftest -g -O2    -L/lib64 conftest.o -lboost_regex-gcc48-mt  >&5
/usr/lib64/gcc/x86_64-suse-linux/4.8/../../../../x86_64-suse-linux/bin/ld: cannot find -lboost_regex-gcc48-mt
collect2: error: ld returned 1 exit status
configure:15633: $? = 1
configure:15618: re-using the existing conftest.o
configure:15624: g++ -o conftest -g -O2    -L/usr/local/lib conftest.o -lboost_regex-gcc48  >&5
/usr/lib64/gcc/x86_64-suse-linux/4.8/../../../../x86_64-suse-linux/bin/ld: cannot find -lboost_regex-gcc48
collect2: error: ld returned 1 exit status
configure:15633: $? = 1
configure:15618: re-using the existing conftest.o
configure:15624: g++ -o conftest -g -O2    -L/usr/local/lib64 conftest.o -lboost_regex-gcc48  >&5
/usr/lib64/gcc/x86_64-suse-linux/4.8/../../../../x86_64-suse-linux/bin/ld: cannot find -lboost_regex-gcc48
collect2: error: ld returned 1 exit status
configure:15633: $? = 1
configure:15618: re-using the existing conftest.o
configure:15624: g++ -o conftest -g -O2    -L/usr/lib conftest.o -lboost_regex-gcc48  >&5
/usr/lib64/gcc/x86_64-suse-linux/4.8/../../../../x86_64-suse-linux/bin/ld: cannot find -lboost_regex-gcc48
collect2: error: ld returned 1 exit status
configure:15633: $? = 1
configure:15618: re-using the existing conftest.o
configure:15624: g++ -o conftest -g -O2    -L/usr/lib64 conftest.o -lboost_regex-gcc48  >&5
/usr/lib64/gcc/x86_64-suse-linux/4.8/../../../../x86_64-suse-linux/bin/ld: cannot find -lboost_regex-gcc48
collect2: error: ld returned 1 exit status
configure:15633: $? = 1
configure:15618: re-using the existing conftest.o
configure:15624: g++ -o conftest -g -O2    -L/lib conftest.o -lboost_regex-gcc48  >&5
/usr/lib64/gcc/x86_64-suse-linux/4.8/../../../../x86_64-suse-linux/bin/ld: cannot find -lboost_regex-gcc48
collect2: error: ld returned 1 exit status
configure:15633: $? = 1
configure:15618: re-using the existing conftest.o
configure:15624: g++ -o conftest -g -O2    -L/lib64 conftest.o -lboost_regex-gcc48  >&5
/usr/lib64/gcc/x86_64-suse-linux/4.8/../../../../x86_64-suse-linux/bin/ld: cannot find -lboost_regex-gcc48
collect2: error: ld returned 1 exit status
configure:15633: $? = 1
configure:15618: re-using the existing conftest.o
configure:15624: g++ -o conftest -g -O2    -L/usr/local/lib conftest.o -lboost_regex-gcc48-mt-d  >&5
/usr/lib64/gcc/x86_64-suse-linux/4.8/../../../../x86_64-suse-linux/bin/ld: cannot find -lboost_regex-gcc48-mt-d
collect2: error: ld returned 1 exit status
configure:15633: $? = 1
configure:15618: re-using the existing conftest.o
configure:15624: g++ -o conftest -g -O2    -L/usr/local/lib64 conftest.o -lboost_regex-gcc48-mt-d  >&5
/usr/lib64/gcc/x86_64-suse-linux/4.8/../../../../x86_64-suse-linux/bin/ld: cannot find -lboost_regex-gcc48-mt-d
collect2: error: ld returned 1 exit status
configure:15633: $? = 1
configure:15618: re-using the existing conftest.o
configure:15624: g++ -o conftest -g -O2    -L/usr/lib conftest.o -lboost_regex-gcc48-mt-d  >&5
/usr/lib64/gcc/x86_64-suse-linux/4.8/../../../../x86_64-suse-linux/bin/ld: cannot find -lboost_regex-gcc48-mt-d
collect2: error: ld returned 1 exit status
configure:15633: $? = 1
configure:15618: re-using the existing conftest.o
configure:15624: g++ -o conftest -g -O2    -L/usr/lib64 conftest.o -lboost_regex-gcc48-mt-d  >&5
/usr/lib64/gcc/x86_64-suse-linux/4.8/../../../../x86_64-suse-linux/bin/ld: cannot find -lboost_regex-gcc48-mt-d
collect2: error: ld returned 1 exit status
configure:15633: $? = 1
configure:15618: re-using the existing conftest.o
configure:15624: g++ -o conftest -g -O2    -L/lib conftest.o -lboost_regex-gcc48-mt-d  >&5
/usr/lib64/gcc/x86_64-suse-linux/4.8/../../../../x86_64-suse-linux/bin/ld: cannot find -lboost_regex-gcc48-mt-d
collect2: error: ld returned 1 exit status
configure:15633: $? = 1
configure:15618: re-using the existing conftest.o
configure:15624: g++ -o conftest -g -O2    -L/lib64 conftest.o -lboost_regex-gcc48-mt-d  >&5
/usr/lib64/gcc/x86_64-suse-linux/4.8/../../../../x86_64-suse-linux/bin/ld: cannot find -lboost_regex-gcc48-mt-d
collect2: error: ld returned 1 exit status
configure:15633: $? = 1
configure:15618: re-using the existing conftest.o
configure:15624: g++ -o conftest -g -O2    -L/usr/local/lib conftest.o -lboost_regex-gcc48-d  >&5
/usr/lib64/gcc/x86_64-suse-linux/4.8/../../../../x86_64-suse-linux/bin/ld: cannot find -lboost_regex-gcc48-d
collect2: error: ld returned 1 exit status
configure:15633: $? = 1
configure:15618: re-using the existing conftest.o
configure:15624: g++ -o conftest -g -O2    -L/usr/local/lib64 conftest.o -lboost_regex-gcc48-d  >&5
/usr/lib64/gcc/x86_64-suse-linux/4.8/../../../../x86_64-suse-linux/bin/ld: cannot find -lboost_regex-gcc48-d
collect2: error: ld returned 1 exit status
configure:15633: $? = 1
configure:15618: re-using the existing conftest.o
configure:15624: g++ -o conftest -g -O2    -L/usr/lib conftest.o -lboost_regex-gcc48-d  >&5
/usr/lib64/gcc/x86_64-suse-linux/4.8/../../../../x86_64-suse-linux/bin/ld: cannot find -lboost_regex-gcc48-d
collect2: error: ld returned 1 exit status
configure:15633: $? = 1
configure:15618: re-using the existing conftest.o
configure:15624: g++ -o conftest -g -O2    -L/usr/lib64 conftest.o -lboost_regex-gcc48-d  >&5
/usr/lib64/gcc/x86_64-suse-linux/4.8/../../../../x86_64-suse-linux/bin/ld: cannot find -lboost_regex-gcc48-d
collect2: error: ld returned 1 exit status
configure:15633: $? = 1
configure:15618: re-using the existing conftest.o
configure:15624: g++ -o conftest -g -O2    -L/lib conftest.o -lboost_regex-gcc48-d  >&5
/usr/lib64/gcc/x86_64-suse-linux/4.8/../../../../x86_64-suse-linux/bin/ld: cannot find -lboost_regex-gcc48-d
collect2: error: ld returned 1 exit status
configure:15633: $? = 1
configure:15618: re-using the existing conftest.o
configure:15624: g++ -o conftest -g -O2    -L/lib64 conftest.o -lboost_regex-gcc48-d  >&5
/usr/lib64/gcc/x86_64-suse-linux/4.8/../../../../x86_64-suse-linux/bin/ld: cannot find -lboost_regex-gcc48-d
collect2: error: ld returned 1 exit status
configure:15633: $? = 1
configure:15618: re-using the existing conftest.o
configure:15624: g++ -o conftest -g -O2    -L/usr/local/lib conftest.o -lboost_regex-gcc-mt-1_54  >&5
/usr/lib64/gcc/x86_64-suse-linux/4.8/../../../../x86_64-suse-linux/bin/ld: cannot find -lboost_regex-gcc-mt-1_54
collect2: error: ld returned 1 exit status
configure:15633: $? = 1
configure:15618: re-using the existing conftest.o
configure:15624: g++ -o conftest -g -O2    -L/usr/local/lib64 conftest.o -lboost_regex-gcc-mt-1_54  >&5
/usr/lib64/gcc/x86_64-suse-linux/4.8/../../../../x86_64-suse-linux/bin/ld: cannot find -lboost_regex-gcc-mt-1_54
collect2: error: ld returned 1 exit status
configure:15633: $? = 1
configure:15618: re-using the existing conftest.o
configure:15624: g++ -o conftest -g -O2    -L/usr/lib conftest.o -lboost_regex-gcc-mt-1_54  >&5
/usr/lib64/gcc/x86_64-suse-linux/4.8/../../../../x86_64-suse-linux/bin/ld: cannot find -lboost_regex-gcc-mt-1_54
collect2: error: ld returned 1 exit status
configure:15633: $? = 1
configure:15618: re-using the existing conftest.o
configure:15624: g++ -o conftest -g -O2    -L/usr/lib64 conftest.o -lboost_regex-gcc-mt-1_54  >&5
/usr/lib64/gcc/x86_64-suse-linux/4.8/../../../../x86_64-suse-linux/bin/ld: cannot find -lboost_regex-gcc-mt-1_54
collect2: error: ld returned 1 exit status
configure:15633: $? = 1
configure:15618: re-using the existing conftest.o
configure:15624: g++ -o conftest -g -O2    -L/lib conftest.o -lboost_regex-gcc-mt-1_54  >&5
/usr/lib64/gcc/x86_64-suse-linux/4.8/../../../../x86_64-suse-linux/bin/ld: cannot find -lboost_regex-gcc-mt-1_54
collect2: error: ld returned 1 exit status
configure:15633: $? = 1
configure:15618: re-using the existing conftest.o
configure:15624: g++ -o conftest -g -O2    -L/lib64 conftest.o -lboost_regex-gcc-mt-1_54  >&5
/usr/lib64/gcc/x86_64-suse-linux/4.8/../../../../x86_64-suse-linux/bin/ld: cannot find -lboost_regex-gcc-mt-1_54
collect2: error: ld returned 1 exit status
configure:15633: $? = 1
configure:15618: re-using the existing conftest.o
configure:15624: g++ -o conftest -g -O2    -L/usr/local/lib conftest.o -lboost_regex-gcc-1_54  >&5
/usr/lib64/gcc/x86_64-suse-linux/4.8/../../../../x86_64-suse-linux/bin/ld: cannot find -lboost_regex-gcc-1_54
collect2: error: ld returned 1 exit status
configure:15633: $? = 1
configure:15618: re-using the existing conftest.o
configure:15624: g++ -o conftest -g -O2    -L/usr/local/lib64 conftest.o -lboost_regex-gcc-1_54  >&5
/usr/lib64/gcc/x86_64-suse-linux/4.8/../../../../x86_64-suse-linux/bin/ld: cannot find -lboost_regex-gcc-1_54
collect2: error: ld returned 1 exit status
configure:15633: $? = 1
configure:15618: re-using the existing conftest.o
configure:15624: g++ -o conftest -g -O2    -L/usr/lib conftest.o -lboost_regex-gcc-1_54  >&5
/usr/lib64/gcc/x86_64-suse-linux/4.8/../../../../x86_64-suse-linux/bin/ld: cannot find -lboost_regex-gcc-1_54
collect2: error: ld returned 1 exit status
configure:15633: $? = 1
configure:15618: re-using the existing conftest.o
configure:15624: g++ -o conftest -g -O2    -L/usr/lib64 conftest.o -lboost_regex-gcc-1_54  >&5
/usr/lib64/gcc/x86_64-suse-linux/4.8/../../../../x86_64-suse-linux/bin/ld: cannot find -lboost_regex-gcc-1_54
collect2: error: ld returned 1 exit status
configure:15633: $? = 1
configure:15618: re-using the existing conftest.o
configure:15624: g++ -o conftest -g -O2    -L/lib conftest.o -lboost_regex-gcc-1_54  >&5
/usr/lib64/gcc/x86_64-suse-linux/4.8/../../../../x86_64-suse-linux/bin/ld: cannot find -lboost_regex-gcc-1_54
collect2: error: ld returned 1 exit status
configure:15633: $? = 1
configure:15618: re-using the existing conftest.o
configure:15624: g++ -o conftest -g -O2    -L/lib64 conftest.o -lboost_regex-gcc-1_54  >&5
/usr/lib64/gcc/x86_64-suse-linux/4.8/../../../../x86_64-suse-linux/bin/ld: cannot find -lboost_regex-gcc-1_54
collect2: error: ld returned 1 exit status
configure:15633: $? = 1
configure:15618: re-using the existing conftest.o
configure:15624: g++ -o conftest -g -O2    -L/usr/local/lib conftest.o -lboost_regex-gcc-mt-d-1_54  >&5
/usr/lib64/gcc/x86_64-suse-linux/4.8/../../../../x86_64-suse-linux/bin/ld: cannot find -lboost_regex-gcc-mt-d-1_54
collect2: error: ld returned 1 exit status
configure:15633: $? = 1
configure:15618: re-using the existing conftest.o
configure:15624: g++ -o conftest -g -O2    -L/usr/local/lib64 conftest.o -lboost_regex-gcc-mt-d-1_54  >&5
/usr/lib64/gcc/x86_64-suse-linux/4.8/../../../../x86_64-suse-linux/bin/ld: cannot find -lboost_regex-gcc-mt-d-1_54
collect2: error: ld returned 1 exit status
configure:15633: $? = 1
configure:15618: re-using the existing conftest.o
configure:15624: g++ -o conftest -g -O2    -L/usr/lib conftest.o -lboost_regex-gcc-mt-d-1_54  >&5
/usr/lib64/gcc/x86_64-suse-linux/4.8/../../../../x86_64-suse-linux/bin/ld: cannot find -lboost_regex-gcc-mt-d-1_54
collect2: error: ld returned 1 exit status
configure:15633: $? = 1
configure:15618: re-using the existing conftest.o
configure:15624: g++ -o conftest -g -O2    -L/usr/lib64 conftest.o -lboost_regex-gcc-mt-d-1_54  >&5
/usr/lib64/gcc/x86_64-suse-linux/4.8/../../../../x86_64-suse-linux/bin/ld: cannot find -lboost_regex-gcc-mt-d-1_54
collect2: error: ld returned 1 exit status
configure:15633: $? = 1
configure:15618: re-using the existing conftest.o
configure:15624: g++ -o conftest -g -O2    -L/lib conftest.o -lboost_regex-gcc-mt-d-1_54  >&5
/usr/lib64/gcc/x86_64-suse-linux/4.8/../../../../x86_64-suse-linux/bin/ld: cannot find -lboost_regex-gcc-mt-d-1_54
collect2: error: ld returned 1 exit status
configure:15633: $? = 1
configure:15618: re-using the existing conftest.o
configure:15624: g++ -o conftest -g -O2    -L/lib64 conftest.o -lboost_regex-gcc-mt-d-1_54  >&5
/usr/lib64/gcc/x86_64-suse-linux/4.8/../../../../x86_64-suse-linux/bin/ld: cannot find -lboost_regex-gcc-mt-d-1_54
collect2: error: ld returned 1 exit status
configure:15633: $? = 1
configure:15618: re-using the existing conftest.o
configure:15624: g++ -o conftest -g -O2    -L/usr/local/lib conftest.o -lboost_regex-gcc-d-1_54  >&5
/usr/lib64/gcc/x86_64-suse-linux/4.8/../../../../x86_64-suse-linux/bin/ld: cannot find -lboost_regex-gcc-d-1_54
collect2: error: ld returned 1 exit status
configure:15633: $? = 1
configure:15618: re-using the existing conftest.o
configure:15624: g++ -o conftest -g -O2    -L/usr/local/lib64 conftest.o -lboost_regex-gcc-d-1_54  >&5
/usr/lib64/gcc/x86_64-suse-linux/4.8/../../../../x86_64-suse-linux/bin/ld: cannot find -lboost_regex-gcc-d-1_54
collect2: error: ld returned 1 exit status
configure:15633: $? = 1
configure:15618: re-using the existing conftest.o
configure:15624: g++ -o conftest -g -O2    -L/usr/lib conftest.o -lboost_regex-gcc-d-1_54  >&5
/usr/lib64/gcc/x86_64-suse-linux/4.8/../../../../x86_64-suse-linux/bin/ld: cannot find -lboost_regex-gcc-d-1_54
collect2: error: ld returned 1 exit status
configure:15633: $? = 1
configure:15618: re-using the existing conftest.o
configure:15624: g++ -o conftest -g -O2    -L/usr/lib64 conftest.o -lboost_regex-gcc-d-1_54  >&5
/usr/lib64/gcc/x86_64-suse-linux/4.8/../../../../x86_64-suse-linux/bin/ld: cannot find -lboost_regex-gcc-d-1_54
collect2: error: ld returned 1 exit status
configure:15633: $? = 1
configure:15618: re-using the existing conftest.o
configure:15624: g++ -o conftest -g -O2    -L/lib conftest.o -lboost_regex-gcc-d-1_54  >&5
/usr/lib64/gcc/x86_64-suse-linux/4.8/../../../../x86_64-suse-linux/bin/ld: cannot find -lboost_regex-gcc-d-1_54
collect2: error: ld returned 1 exit status
configure:15633: $? = 1
configure:15618: re-using the existing conftest.o
configure:15624: g++ -o conftest -g -O2    -L/lib64 conftest.o -lboost_regex-gcc-d-1_54  >&5
/usr/lib64/gcc/x86_64-suse-linux/4.8/../../../../x86_64-suse-linux/bin/ld: cannot find -lboost_regex-gcc-d-1_54
collect2: error: ld returned 1 exit status
configure:15633: $? = 1
configure:15618: re-using the existing conftest.o
configure:15624: g++ -o conftest -g -O2    -L/usr/local/lib conftest.o -lboost_regex-gcc-mt  >&5
/usr/lib64/gcc/x86_64-suse-linux/4.8/../../../../x86_64-suse-linux/bin/ld: cannot find -lboost_regex-gcc-mt
collect2: error: ld returned 1 exit status
configure:15633: $? = 1
configure:15618: re-using the existing conftest.o
configure:15624: g++ -o conftest -g -O2    -L/usr/local/lib64 conftest.o -lboost_regex-gcc-mt  >&5
/usr/lib64/gcc/x86_64-suse-linux/4.8/../../../../x86_64-suse-linux/bin/ld: cannot find -lboost_regex-gcc-mt
collect2: error: ld returned 1 exit status
configure:15633: $? = 1
configure:15618: re-using the existing conftest.o
configure:15624: g++ -o conftest -g -O2    -L/usr/lib conftest.o -lboost_regex-gcc-mt  >&5
/usr/lib64/gcc/x86_64-suse-linux/4.8/../../../../x86_64-suse-linux/bin/ld: cannot find -lboost_regex-gcc-mt
collect2: error: ld returned 1 exit status
configure:15633: $? = 1
configure:15618: re-using the existing conftest.o
configure:15624: g++ -o conftest -g -O2    -L/usr/lib64 conftest.o -lboost_regex-gcc-mt  >&5
/usr/lib64/gcc/x86_64-suse-linux/4.8/../../../../x86_64-suse-linux/bin/ld: cannot find -lboost_regex-gcc-mt
collect2: error: ld returned 1 exit status
configure:15633: $? = 1
configure:15618: re-using the existing conftest.o
configure:15624: g++ -o conftest -g -O2    -L/lib conftest.o -lboost_regex-gcc-mt  >&5
/usr/lib64/gcc/x86_64-suse-linux/4.8/../../../../x86_64-suse-linux/bin/ld: cannot find -lboost_regex-gcc-mt
collect2: error: ld returned 1 exit status
configure:15633: $? = 1
configure:15618: re-using the existing conftest.o
configure:15624: g++ -o conftest -g -O2    -L/lib64 conftest.o -lboost_regex-gcc-mt  >&5
/usr/lib64/gcc/x86_64-suse-linux/4.8/../../../../x86_64-suse-linux/bin/ld: cannot find -lboost_regex-gcc-mt
collect2: error: ld returned 1 exit status
configure:15633: $? = 1
configure:15618: re-using the existing conftest.o
configure:15624: g++ -o conftest -g -O2    -L/usr/local/lib conftest.o -lboost_regex-gcc  >&5
/usr/lib64/gcc/x86_64-suse-linux/4.8/../../../../x86_64-suse-linux/bin/ld: cannot find -lboost_regex-gcc
collect2: error: ld returned 1 exit status
configure:15633: $? = 1
configure:15618: re-using the existing conftest.o
configure:15624: g++ -o conftest -g -O2    -L/usr/local/lib64 conftest.o -lboost_regex-gcc  >&5
/usr/lib64/gcc/x86_64-suse-linux/4.8/../../../../x86_64-suse-linux/bin/ld: cannot find -lboost_regex-gcc
collect2: error: ld returned 1 exit status
configure:15633: $? = 1
configure:15618: re-using the existing conftest.o
configure:15624: g++ -o conftest -g -O2    -L/usr/lib conftest.o -lboost_regex-gcc  >&5
/usr/lib64/gcc/x86_64-suse-linux/4.8/../../../../x86_64-suse-linux/bin/ld: cannot find -lboost_regex-gcc
collect2: error: ld returned 1 exit status
configure:15633: $? = 1
configure:15618: re-using the existing conftest.o
configure:15624: g++ -o conftest -g -O2    -L/usr/lib64 conftest.o -lboost_regex-gcc  >&5
/usr/lib64/gcc/x86_64-suse-linux/4.8/../../../../x86_64-suse-linux/bin/ld: cannot find -lboost_regex-gcc
collect2: error: ld returned 1 exit status
configure:15633: $? = 1
configure:15618: re-using the existing conftest.o
configure:15624: g++ -o conftest -g -O2    -L/lib conftest.o -lboost_regex-gcc  >&5
/usr/lib64/gcc/x86_64-suse-linux/4.8/../../../../x86_64-suse-linux/bin/ld: cannot find -lboost_regex-gcc
collect2: error: ld returned 1 exit status
configure:15633: $? = 1
configure:15618: re-using the existing conftest.o
configure:15624: g++ -o conftest -g -O2    -L/lib64 conftest.o -lboost_regex-gcc  >&5
/usr/lib64/gcc/x86_64-suse-linux/4.8/../../../../x86_64-suse-linux/bin/ld: cannot find -lboost_regex-gcc
collect2: error: ld returned 1 exit status
configure:15633: $? = 1
configure:15618: re-using the existing conftest.o
configure:15624: g++ -o conftest -g -O2    -L/usr/local/lib conftest.o -lboost_regex-gcc-mt-d  >&5
/usr/lib64/gcc/x86_64-suse-linux/4.8/../../../../x86_64-suse-linux/bin/ld: cannot find -lboost_regex-gcc-mt-d
collect2: error: ld returned 1 exit status
configure:15633: $? = 1
configure:15618: re-using the existing conftest.o
configure:15624: g++ -o conftest -g -O2    -L/usr/local/lib64 conftest.o -lboost_regex-gcc-mt-d  >&5
/usr/lib64/gcc/x86_64-suse-linux/4.8/../../../../x86_64-suse-linux/bin/ld: cannot find -lboost_regex-gcc-mt-d
collect2: error: ld returned 1 exit status
configure:15633: $? = 1
configure:15618: re-using the existing conftest.o
configure:15624: g++ -o conftest -g -O2    -L/usr/lib conftest.o -lboost_regex-gcc-mt-d  >&5
/usr/lib64/gcc/x86_64-suse-linux/4.8/../../../../x86_64-suse-linux/bin/ld: cannot find -lboost_regex-gcc-mt-d
collect2: error: ld returned 1 exit status
configure:15633: $? = 1
configure:15618: re-using the existing conftest.o
configure:15624: g++ -o conftest -g -O2    -L/usr/lib64 conftest.o -lboost_regex-gcc-mt-d  >&5
/usr/lib64/gcc/x86_64-suse-linux/4.8/../../../../x86_64-suse-linux/bin/ld: cannot find -lboost_regex-gcc-mt-d
collect2: error: ld returned 1 exit status
configure:15633: $? = 1
configure:15618: re-using the existing conftest.o
configure:15624: g++ -o conftest -g -O2    -L/lib conftest.o -lboost_regex-gcc-mt-d  >&5
/usr/lib64/gcc/x86_64-suse-linux/4.8/../../../../x86_64-suse-linux/bin/ld: cannot find -lboost_regex-gcc-mt-d
collect2: error: ld returned 1 exit status
configure:15633: $? = 1
configure:15618: re-using the existing conftest.o
configure:15624: g++ -o conftest -g -O2    -L/lib64 conftest.o -lboost_regex-gcc-mt-d  >&5
/usr/lib64/gcc/x86_64-suse-linux/4.8/../../../../x86_64-suse-linux/bin/ld: cannot find -lboost_regex-gcc-mt-d
collect2: error: ld returned 1 exit status
configure:15633: $? = 1
configure:15618: re-using the existing conftest.o
configure:15624: g++ -o conftest -g -O2    -L/usr/local/lib conftest.o -lboost_regex-gcc-d  >&5
/usr/lib64/gcc/x86_64-suse-linux/4.8/../../../../x86_64-suse-linux/bin/ld: cannot find -lboost_regex-gcc-d
collect2: error: ld returned 1 exit status
configure:15633: $? = 1
configure:15618: re-using the existing conftest.o
configure:15624: g++ -o conftest -g -O2    -L/usr/local/lib64 conftest.o -lboost_regex-gcc-d  >&5
/usr/lib64/gcc/x86_64-suse-linux/4.8/../../../../x86_64-suse-linux/bin/ld: cannot find -lboost_regex-gcc-d
collect2: error: ld returned 1 exit status
configure:15633: $? = 1
configure:15618: re-using the existing conftest.o
configure:15624: g++ -o conftest -g -O2    -L/usr/lib conftest.o -lboost_regex-gcc-d  >&5
/usr/lib64/gcc/x86_64-suse-linux/4.8/../../../../x86_64-suse-linux/bin/ld: cannot find -lboost_regex-gcc-d
collect2: error: ld returned 1 exit status
configure:15633: $? = 1
configure:15618: re-using the existing conftest.o
configure:15624: g++ -o conftest -g -O2    -L/usr/lib64 conftest.o -lboost_regex-gcc-d  >&5
/usr/lib64/gcc/x86_64-suse-linux/4.8/../../../../x86_64-suse-linux/bin/ld: cannot find -lboost_regex-gcc-d
collect2: error: ld returned 1 exit status
configure:15633: $? = 1
configure:15618: re-using the existing conftest.o
configure:15624: g++ -o conftest -g -O2    -L/lib conftest.o -lboost_regex-gcc-d  >&5
/usr/lib64/gcc/x86_64-suse-linux/4.8/../../../../x86_64-suse-linux/bin/ld: cannot find -lboost_regex-gcc-d
collect2: error: ld returned 1 exit status
configure:15633: $? = 1
configure:15618: re-using the existing conftest.o
configure:15624: g++ -o conftest -g -O2    -L/lib64 conftest.o -lboost_regex-gcc-d  >&5
/usr/lib64/gcc/x86_64-suse-linux/4.8/../../../../x86_64-suse-linux/bin/ld: cannot find -lboost_regex-gcc-d
collect2: error: ld returned 1 exit status
configure:15633: $? = 1
configure:15618: re-using the existing conftest.o
configure:15624: g++ -o conftest -g -O2    -L/usr/local/lib conftest.o -lboost_regex-mt-1_54  >&5
/usr/lib64/gcc/x86_64-suse-linux/4.8/../../../../x86_64-suse-linux/bin/ld: cannot find -lboost_regex-mt-1_54
collect2: error: ld returned 1 exit status
configure:15633: $? = 1
configure:15618: re-using the existing conftest.o
configure:15624: g++ -o conftest -g -O2    -L/usr/local/lib64 conftest.o -lboost_regex-mt-1_54  >&5
/usr/lib64/gcc/x86_64-suse-linux/4.8/../../../../x86_64-suse-linux/bin/ld: cannot find -lboost_regex-mt-1_54
collect2: error: ld returned 1 exit status
configure:15633: $? = 1
configure:15618: re-using the existing conftest.o
configure:15624: g++ -o conftest -g -O2    -L/usr/lib conftest.o -lboost_regex-mt-1_54  >&5
/usr/lib64/gcc/x86_64-suse-linux/4.8/../../../../x86_64-suse-linux/bin/ld: cannot find -lboost_regex-mt-1_54
collect2: error: ld returned 1 exit status
configure:15633: $? = 1
configure:15618: re-using the existing conftest.o
configure:15624: g++ -o conftest -g -O2    -L/usr/lib64 conftest.o -lboost_regex-mt-1_54  >&5
/usr/lib64/gcc/x86_64-suse-linux/4.8/../../../../x86_64-suse-linux/bin/ld: cannot find -lboost_regex-mt-1_54
collect2: error: ld returned 1 exit status
configure:15633: $? = 1
configure:15618: re-using the existing conftest.o
configure:15624: g++ -o conftest -g -O2    -L/lib conftest.o -lboost_regex-mt-1_54  >&5
/usr/lib64/gcc/x86_64-suse-linux/4.8/../../../../x86_64-suse-linux/bin/ld: cannot find -lboost_regex-mt-1_54
collect2: error: ld returned 1 exit status
configure:15633: $? = 1
configure:15618: re-using the existing conftest.o
configure:15624: g++ -o conftest -g -O2    -L/lib64 conftest.o -lboost_regex-mt-1_54  >&5
/usr/lib64/gcc/x86_64-suse-linux/4.8/../../../../x86_64-suse-linux/bin/ld: cannot find -lboost_regex-mt-1_54
collect2: error: ld returned 1 exit status
configure:15633: $? = 1
configure:15618: re-using the existing conftest.o
configure:15624: g++ -o conftest -g -O2    -L/usr/local/lib conftest.o -lboost_regex-1_54  >&5
/usr/lib64/gcc/x86_64-suse-linux/4.8/../../../../x86_64-suse-linux/bin/ld: cannot find -lboost_regex-1_54
collect2: error: ld returned 1 exit status
configure:15633: $? = 1
configure:15618: re-using the existing conftest.o
configure:15624: g++ -o conftest -g -O2    -L/usr/local/lib64 conftest.o -lboost_regex-1_54  >&5
/usr/lib64/gcc/x86_64-suse-linux/4.8/../../../../x86_64-suse-linux/bin/ld: cannot find -lboost_regex-1_54
collect2: error: ld returned 1 exit status
configure:15633: $? = 1
configure:15618: re-using the existing conftest.o
configure:15624: g++ -o conftest -g -O2    -L/usr/lib conftest.o -lboost_regex-1_54  >&5
/usr/lib64/gcc/x86_64-suse-linux/4.8/../../../../x86_64-suse-linux/bin/ld: cannot find -lboost_regex-1_54
collect2: error: ld returned 1 exit status
configure:15633: $? = 1
configure:15618: re-using the existing conftest.o
configure:15624: g++ -o conftest -g -O2    -L/usr/lib64 conftest.o -lboost_regex-1_54  >&5
/usr/lib64/gcc/x86_64-suse-linux/4.8/../../../../x86_64-suse-linux/bin/ld: cannot find -lboost_regex-1_54
collect2: error: ld returned 1 exit status
configure:15633: $? = 1
configure:15618: re-using the existing conftest.o
configure:15624: g++ -o conftest -g -O2    -L/lib conftest.o -lboost_regex-1_54  >&5
/usr/lib64/gcc/x86_64-suse-linux/4.8/../../../../x86_64-suse-linux/bin/ld: cannot find -lboost_regex-1_54
collect2: error: ld returned 1 exit status
configure:15633: $? = 1
configure:15618: re-using the existing conftest.o
configure:15624: g++ -o conftest -g -O2    -L/lib64 conftest.o -lboost_regex-1_54  >&5
/usr/lib64/gcc/x86_64-suse-linux/4.8/../../../../x86_64-suse-linux/bin/ld: cannot find -lboost_regex-1_54
collect2: error: ld returned 1 exit status
configure:15633: $? = 1
configure:15618: re-using the existing conftest.o
configure:15624: g++ -o conftest -g -O2    -L/usr/local/lib conftest.o -lboost_regex-mt-d-1_54  >&5
/usr/lib64/gcc/x86_64-suse-linux/4.8/../../../../x86_64-suse-linux/bin/ld: cannot find -lboost_regex-mt-d-1_54
collect2: error: ld returned 1 exit status
configure:15633: $? = 1
configure:15618: re-using the existing conftest.o
configure:15624: g++ -o conftest -g -O2    -L/usr/local/lib64 conftest.o -lboost_regex-mt-d-1_54  >&5
/usr/lib64/gcc/x86_64-suse-linux/4.8/../../../../x86_64-suse-linux/bin/ld: cannot find -lboost_regex-mt-d-1_54
collect2: error: ld returned 1 exit status
configure:15633: $? = 1
configure:15618: re-using the existing conftest.o
configure:15624: g++ -o conftest -g -O2    -L/usr/lib conftest.o -lboost_regex-mt-d-1_54  >&5
/usr/lib64/gcc/x86_64-suse-linux/4.8/../../../../x86_64-suse-linux/bin/ld: cannot find -lboost_regex-mt-d-1_54
collect2: error: ld returned 1 exit status
configure:15633: $? = 1
configure:15618: re-using the existing conftest.o
configure:15624: g++ -o conftest -g -O2    -L/usr/lib64 conftest.o -lboost_regex-mt-d-1_54  >&5
/usr/lib64/gcc/x86_64-suse-linux/4.8/../../../../x86_64-suse-linux/bin/ld: cannot find -lboost_regex-mt-d-1_54
collect2: error: ld returned 1 exit status
configure:15633: $? = 1
configure:15618: re-using the existing conftest.o
configure:15624: g++ -o conftest -g -O2    -L/lib conftest.o -lboost_regex-mt-d-1_54  >&5
/usr/lib64/gcc/x86_64-suse-linux/4.8/../../../../x86_64-suse-linux/bin/ld: cannot find -lboost_regex-mt-d-1_54
collect2: error: ld returned 1 exit status
configure:15633: $? = 1
configure:15618: re-using the existing conftest.o
configure:15624: g++ -o conftest -g -O2    -L/lib64 conftest.o -lboost_regex-mt-d-1_54  >&5
/usr/lib64/gcc/x86_64-suse-linux/4.8/../../../../x86_64-suse-linux/bin/ld: cannot find -lboost_regex-mt-d-1_54
collect2: error: ld returned 1 exit status
configure:15633: $? = 1
configure:15618: re-using the existing conftest.o
configure:15624: g++ -o conftest -g -O2    -L/usr/local/lib conftest.o -lboost_regex-d-1_54  >&5
/usr/lib64/gcc/x86_64-suse-linux/4.8/../../../../x86_64-suse-linux/bin/ld: cannot find -lboost_regex-d-1_54
collect2: error: ld returned 1 exit status
configure:15633: $? = 1
configure:15618: re-using the existing conftest.o
configure:15624: g++ -o conftest -g -O2    -L/usr/local/lib64 conftest.o -lboost_regex-d-1_54  >&5
/usr/lib64/gcc/x86_64-suse-linux/4.8/../../../../x86_64-suse-linux/bin/ld: cannot find -lboost_regex-d-1_54
collect2: error: ld returned 1 exit status
configure:15633: $? = 1
configure:15618: re-using the existing conftest.o
configure:15624: g++ -o conftest -g -O2    -L/usr/lib conftest.o -lboost_regex-d-1_54  >&5
/usr/lib64/gcc/x86_64-suse-linux/4.8/../../../../x86_64-suse-linux/bin/ld: cannot find -lboost_regex-d-1_54
collect2: error: ld returned 1 exit status
configure:15633: $? = 1
configure:15618: re-using the existing conftest.o
configure:15624: g++ -o conftest -g -O2    -L/usr/lib64 conftest.o -lboost_regex-d-1_54  >&5
/usr/lib64/gcc/x86_64-suse-linux/4.8/../../../../x86_64-suse-linux/bin/ld: cannot find -lboost_regex-d-1_54
collect2: error: ld returned 1 exit status
configure:15633: $? = 1
configure:15618: re-using the existing conftest.o
configure:15624: g++ -o conftest -g -O2    -L/lib conftest.o -lboost_regex-d-1_54  >&5
/usr/lib64/gcc/x86_64-suse-linux/4.8/../../../../x86_64-suse-linux/bin/ld: cannot find -lboost_regex-d-1_54
collect2: error: ld returned 1 exit status
configure:15633: $? = 1
configure:15618: re-using the existing conftest.o
configure:15624: g++ -o conftest -g -O2    -L/lib64 conftest.o -lboost_regex-d-1_54  >&5
/usr/lib64/gcc/x86_64-suse-linux/4.8/../../../../x86_64-suse-linux/bin/ld: cannot find -lboost_regex-d-1_54
collect2: error: ld returned 1 exit status
configure:15633: $? = 1
configure:15618: re-using the existing conftest.o
configure:15624: g++ -o conftest -g -O2    -L/usr/local/lib conftest.o -lboost_regex-mt  >&5
configure:15633: $? = 0
configure:15673: result: yes
configure:15720: checking for boost/system/error_code.hpp
configure:15720: result: yes
configure:15747: checking for the Boost system library
configure:15895: result: yes
configure:15943: checking boost/filesystem/path.hpp usability
configure:15943: g++ -c -g -O2   conftest.cpp >&5
configure:15943: $? = 0
configure:15943: result: yes
configure:15943: checking boost/filesystem/path.hpp presence
configure:15943: g++ -E   conftest.cpp
configure:15943: $? = 0
configure:15943: result: yes
configure:15943: checking for boost/filesystem/path.hpp
configure:15943: result: yes
configure:15970: checking for the Boost filesystem library
configure:16012: g++ -c -g -O2   conftest.cpp >&5
configure:16012: $? = 0
configure:16063: re-using the existing conftest.o
configure:16069: g++ -o conftest -g -O2    -L/usr/local/lib -Wl,-rpath,/usr/local/lib -L/usr/local/lib conftest.o -lboost_filesystem-gcc48-mt-1_54  -lboost_system-mt >&5
/usr/lib64/gcc/x86_64-suse-linux/4.8/../../../../x86_64-suse-linux/bin/ld: cannot find -lboost_filesystem-gcc48-mt-1_54
collect2: error: ld returned 1 exit status
configure:16078: $? = 1
configure:16063: re-using the existing conftest.o
configure:16069: g++ -o conftest -g -O2    -L/usr/local/lib -Wl,-rpath,/usr/local/lib -L/usr/local/lib64 conftest.o -lboost_filesystem-gcc48-mt-1_54  -lboost_system-mt >&5
/usr/lib64/gcc/x86_64-suse-linux/4.8/../../../../x86_64-suse-linux/bin/ld: cannot find -lboost_filesystem-gcc48-mt-1_54
collect2: error: ld returned 1 exit status
configure:16078: $? = 1
configure:16063: re-using the existing conftest.o
configure:16069: g++ -o conftest -g -O2    -L/usr/local/lib -Wl,-rpath,/usr/local/lib -L/usr/lib conftest.o -lboost_filesystem-gcc48-mt-1_54  -lboost_system-mt >&5
/usr/lib64/gcc/x86_64-suse-linux/4.8/../../../../x86_64-suse-linux/bin/ld: cannot find -lboost_filesystem-gcc48-mt-1_54
collect2: error: ld returned 1 exit status
configure:16078: $? = 1
configure:16063: re-using the existing conftest.o
configure:16069: g++ -o conftest -g -O2    -L/usr/local/lib -Wl,-rpath,/usr/local/lib -L/usr/lib64 conftest.o -lboost_filesystem-gcc48-mt-1_54  -lboost_system-mt >&5
/usr/lib64/gcc/x86_64-suse-linux/4.8/../../../../x86_64-suse-linux/bin/ld: cannot find -lboost_filesystem-gcc48-mt-1_54
collect2: error: ld returned 1 exit status
configure:16078: $? = 1
configure:16063: re-using the existing conftest.o
configure:16069: g++ -o conftest -g -O2    -L/usr/local/lib -Wl,-rpath,/usr/local/lib -L/lib conftest.o -lboost_filesystem-gcc48-mt-1_54  -lboost_system-mt >&5
/usr/lib64/gcc/x86_64-suse-linux/4.8/../../../../x86_64-suse-linux/bin/ld: cannot find -lboost_filesystem-gcc48-mt-1_54
collect2: error: ld returned 1 exit status
configure:16078: $? = 1
configure:16063: re-using the existing conftest.o
configure:16069: g++ -o conftest -g -O2    -L/usr/local/lib -Wl,-rpath,/usr/local/lib -L/lib64 conftest.o -lboost_filesystem-gcc48-mt-1_54  -lboost_system-mt >&5
/usr/lib64/gcc/x86_64-suse-linux/4.8/../../../../x86_64-suse-linux/bin/ld: cannot find -lboost_filesystem-gcc48-mt-1_54
collect2: error: ld returned 1 exit status
configure:16078: $? = 1
configure:16063: re-using the existing conftest.o
configure:16069: g++ -o conftest -g -O2    -L/usr/local/lib -Wl,-rpath,/usr/local/lib -L/usr/local/lib conftest.o -lboost_filesystem-gcc48-1_54  -lboost_system-mt >&5
/usr/lib64/gcc/x86_64-suse-linux/4.8/../../../../x86_64-suse-linux/bin/ld: cannot find -lboost_filesystem-gcc48-1_54
collect2: error: ld returned 1 exit status
configure:16078: $? = 1
configure:16063: re-using the existing conftest.o
configure:16069: g++ -o conftest -g -O2    -L/usr/local/lib -Wl,-rpath,/usr/local/lib -L/usr/local/lib64 conftest.o -lboost_filesystem-gcc48-1_54  -lboost_system-mt >&5
/usr/lib64/gcc/x86_64-suse-linux/4.8/../../../../x86_64-suse-linux/bin/ld: cannot find -lboost_filesystem-gcc48-1_54
collect2: error: ld returned 1 exit status
configure:16078: $? = 1
configure:16063: re-using the existing conftest.o
configure:16069: g++ -o conftest -g -O2    -L/usr/local/lib -Wl,-rpath,/usr/local/lib -L/usr/lib conftest.o -lboost_filesystem-gcc48-1_54  -lboost_system-mt >&5
/usr/lib64/gcc/x86_64-suse-linux/4.8/../../../../x86_64-suse-linux/bin/ld: cannot find -lboost_filesystem-gcc48-1_54
collect2: error: ld returned 1 exit status
configure:16078: $? = 1
configure:16063: re-using the existing conftest.o
configure:16069: g++ -o conftest -g -O2    -L/usr/local/lib -Wl,-rpath,/usr/local/lib -L/usr/lib64 conftest.o -lboost_filesystem-gcc48-1_54  -lboost_system-mt >&5
/usr/lib64/gcc/x86_64-suse-linux/4.8/../../../../x86_64-suse-linux/bin/ld: cannot find -lboost_filesystem-gcc48-1_54
collect2: error: ld returned 1 exit status
configure:16078: $? = 1
configure:16063: re-using the existing conftest.o
configure:16069: g++ -o conftest -g -O2    -L/usr/local/lib -Wl,-rpath,/usr/local/lib -L/lib conftest.o -lboost_filesystem-gcc48-1_54  -lboost_system-mt >&5
/usr/lib64/gcc/x86_64-suse-linux/4.8/../../../../x86_64-suse-linux/bin/ld: cannot find -lboost_filesystem-gcc48-1_54
collect2: error: ld returned 1 exit status
configure:16078: $? = 1
configure:16063: re-using the existing conftest.o
configure:16069: g++ -o conftest -g -O2    -L/usr/local/lib -Wl,-rpath,/usr/local/lib -L/lib64 conftest.o -lboost_filesystem-gcc48-1_54  -lboost_system-mt >&5
/usr/lib64/gcc/x86_64-suse-linux/4.8/../../../../x86_64-suse-linux/bin/ld: cannot find -lboost_filesystem-gcc48-1_54
collect2: error: ld returned 1 exit status
configure:16078: $? = 1
configure:16063: re-using the existing conftest.o
configure:16069: g++ -o conftest -g -O2    -L/usr/local/lib -Wl,-rpath,/usr/local/lib -L/usr/local/lib conftest.o -lboost_filesystem-gcc48-mt-d-1_54  -lboost_system-mt >&5
/usr/lib64/gcc/x86_64-suse-linux/4.8/../../../../x86_64-suse-linux/bin/ld: cannot find -lboost_filesystem-gcc48-mt-d-1_54
collect2: error: ld returned 1 exit status
configure:16078: $? = 1
configure:16063: re-using the existing conftest.o
configure:16069: g++ -o conftest -g -O2    -L/usr/local/lib -Wl,-rpath,/usr/local/lib -L/usr/local/lib64 conftest.o -lboost_filesystem-gcc48-mt-d-1_54  -lboost_system-mt >&5
/usr/lib64/gcc/x86_64-suse-linux/4.8/../../../../x86_64-suse-linux/bin/ld: cannot find -lboost_filesystem-gcc48-mt-d-1_54
collect2: error: ld returned 1 exit status
configure:16078: $? = 1
configure:16063: re-using the existing conftest.o
configure:16069: g++ -o conftest -g -O2    -L/usr/local/lib -Wl,-rpath,/usr/local/lib -L/usr/lib conftest.o -lboost_filesystem-gcc48-mt-d-1_54  -lboost_system-mt >&5
/usr/lib64/gcc/x86_64-suse-linux/4.8/../../../../x86_64-suse-linux/bin/ld: cannot find -lboost_filesystem-gcc48-mt-d-1_54
collect2: error: ld returned 1 exit status
configure:16078: $? = 1
configure:16063: re-using the existing conftest.o
configure:16069: g++ -o conftest -g -O2    -L/usr/local/lib -Wl,-rpath,/usr/local/lib -L/usr/lib64 conftest.o -lboost_filesystem-gcc48-mt-d-1_54  -lboost_system-mt >&5
/usr/lib64/gcc/x86_64-suse-linux/4.8/../../../../x86_64-suse-linux/bin/ld: cannot find -lboost_filesystem-gcc48-mt-d-1_54
collect2: error: ld returned 1 exit status
configure:16078: $? = 1
configure:16063: re-using the existing conftest.o
configure:16069: g++ -o conftest -g -O2    -L/usr/local/lib -Wl,-rpath,/usr/local/lib -L/lib conftest.o -lboost_filesystem-gcc48-mt-d-1_54  -lboost_system-mt >&5
/usr/lib64/gcc/x86_64-suse-linux/4.8/../../../../x86_64-suse-linux/bin/ld: cannot find -lboost_filesystem-gcc48-mt-d-1_54
collect2: error: ld returned 1 exit status
configure:16078: $? = 1
configure:16063: re-using the existing conftest.o
configure:16069: g++ -o conftest -g -O2    -L/usr/local/lib -Wl,-rpath,/usr/local/lib -L/lib64 conftest.o -lboost_filesystem-gcc48-mt-d-1_54  -lboost_system-mt >&5
/usr/lib64/gcc/x86_64-suse-linux/4.8/../../../../x86_64-suse-linux/bin/ld: cannot find -lboost_filesystem-gcc48-mt-d-1_54
collect2: error: ld returned 1 exit status
configure:16078: $? = 1
configure:16063: re-using the existing conftest.o
configure:16069: g++ -o conftest -g -O2    -L/usr/local/lib -Wl,-rpath,/usr/local/lib -L/usr/local/lib conftest.o -lboost_filesystem-gcc48-d-1_54  -lboost_system-mt >&5
/usr/lib64/gcc/x86_64-suse-linux/4.8/../../../../x86_64-suse-linux/bin/ld: cannot find -lboost_filesystem-gcc48-d-1_54
collect2: error: ld returned 1 exit status
configure:16078: $? = 1
configure:16063: re-using the existing conftest.o
configure:16069: g++ -o conftest -g -O2    -L/usr/local/lib -Wl,-rpath,/usr/local/lib -L/usr/local/lib64 conftest.o -lboost_filesystem-gcc48-d-1_54  -lboost_system-mt >&5
/usr/lib64/gcc/x86_64-suse-linux/4.8/../../../../x86_64-suse-linux/bin/ld: cannot find -lboost_filesystem-gcc48-d-1_54
collect2: error: ld returned 1 exit status
configure:16078: $? = 1
configure:16063: re-using the existing conftest.o
configure:16069: g++ -o conftest -g -O2    -L/usr/local/lib -Wl,-rpath,/usr/local/lib -L/usr/lib conftest.o -lboost_filesystem-gcc48-d-1_54  -lboost_system-mt >&5
/usr/lib64/gcc/x86_64-suse-linux/4.8/../../../../x86_64-suse-linux/bin/ld: cannot find -lboost_filesystem-gcc48-d-1_54
collect2: error: ld returned 1 exit status
configure:16078: $? = 1
configure:16063: re-using the existing conftest.o
configure:16069: g++ -o conftest -g -O2    -L/usr/local/lib -Wl,-rpath,/usr/local/lib -L/usr/lib64 conftest.o -lboost_filesystem-gcc48-d-1_54  -lboost_system-mt >&5
/usr/lib64/gcc/x86_64-suse-linux/4.8/../../../../x86_64-suse-linux/bin/ld: cannot find -lboost_filesystem-gcc48-d-1_54
collect2: error: ld returned 1 exit status
configure:16078: $? = 1
configure:16063: re-using the existing conftest.o
configure:16069: g++ -o conftest -g -O2    -L/usr/local/lib -Wl,-rpath,/usr/local/lib -L/lib conftest.o -lboost_filesystem-gcc48-d-1_54  -lboost_system-mt >&5
/usr/lib64/gcc/x86_64-suse-linux/4.8/../../../../x86_64-suse-linux/bin/ld: cannot find -lboost_filesystem-gcc48-d-1_54
collect2: error: ld returned 1 exit status
configure:16078: $? = 1
configure:16063: re-using the existing conftest.o
configure:16069: g++ -o conftest -g -O2    -L/usr/local/lib -Wl,-rpath,/usr/local/lib -L/lib64 conftest.o -lboost_filesystem-gcc48-d-1_54  -lboost_system-mt >&5
/usr/lib64/gcc/x86_64-suse-linux/4.8/../../../../x86_64-suse-linux/bin/ld: cannot find -lboost_filesystem-gcc48-d-1_54
collect2: error: ld returned 1 exit status
configure:16078: $? = 1
configure:16063: re-using the existing conftest.o
configure:16069: g++ -o conftest -g -O2    -L/usr/local/lib -Wl,-rpath,/usr/local/lib -L/usr/local/lib conftest.o -lboost_filesystem-gcc48-mt  -lboost_system-mt >&5
/usr/lib64/gcc/x86_64-suse-linux/4.8/../../../../x86_64-suse-linux/bin/ld: cannot find -lboost_filesystem-gcc48-mt
collect2: error: ld returned 1 exit status
configure:16078: $? = 1
configure:16063: re-using the existing conftest.o
configure:16069: g++ -o conftest -g -O2    -L/usr/local/lib -Wl,-rpath,/usr/local/lib -L/usr/local/lib64 conftest.o -lboost_filesystem-gcc48-mt  -lboost_system-mt >&5
/usr/lib64/gcc/x86_64-suse-linux/4.8/../../../../x86_64-suse-linux/bin/ld: cannot find -lboost_filesystem-gcc48-mt
collect2: error: ld returned 1 exit status
configure:16078: $? = 1
configure:16063: re-using the existing conftest.o
configure:16069: g++ -o conftest -g -O2    -L/usr/local/lib -Wl,-rpath,/usr/local/lib -L/usr/lib conftest.o -lboost_filesystem-gcc48-mt  -lboost_system-mt >&5
/usr/lib64/gcc/x86_64-suse-linux/4.8/../../../../x86_64-suse-linux/bin/ld: cannot find -lboost_filesystem-gcc48-mt
collect2: error: ld returned 1 exit status
configure:16078: $? = 1
configure:16063: re-using the existing conftest.o
configure:16069: g++ -o conftest -g -O2    -L/usr/local/lib -Wl,-rpath,/usr/local/lib -L/usr/lib64 conftest.o -lboost_filesystem-gcc48-mt  -lboost_system-mt >&5
/usr/lib64/gcc/x86_64-suse-linux/4.8/../../../../x86_64-suse-linux/bin/ld: cannot find -lboost_filesystem-gcc48-mt
collect2: error: ld returned 1 exit status
configure:16078: $? = 1
configure:16063: re-using the existing conftest.o
configure:16069: g++ -o conftest -g -O2    -L/usr/local/lib -Wl,-rpath,/usr/local/lib -L/lib conftest.o -lboost_filesystem-gcc48-mt  -lboost_system-mt >&5
/usr/lib64/gcc/x86_64-suse-linux/4.8/../../../../x86_64-suse-linux/bin/ld: cannot find -lboost_filesystem-gcc48-mt
collect2: error: ld returned 1 exit status
configure:16078: $? = 1
configure:16063: re-using the existing conftest.o
configure:16069: g++ -o conftest -g -O2    -L/usr/local/lib -Wl,-rpath,/usr/local/lib -L/lib64 conftest.o -lboost_filesystem-gcc48-mt  -lboost_system-mt >&5
/usr/lib64/gcc/x86_64-suse-linux/4.8/../../../../x86_64-suse-linux/bin/ld: cannot find -lboost_filesystem-gcc48-mt
collect2: error: ld returned 1 exit status
configure:16078: $? = 1
configure:16063: re-using the existing conftest.o
configure:16069: g++ -o conftest -g -O2    -L/usr/local/lib -Wl,-rpath,/usr/local/lib -L/usr/local/lib conftest.o -lboost_filesystem-gcc48  -lboost_system-mt >&5
/usr/lib64/gcc/x86_64-suse-linux/4.8/../../../../x86_64-suse-linux/bin/ld: cannot find -lboost_filesystem-gcc48
collect2: error: ld returned 1 exit status
configure:16078: $? = 1
configure:16063: re-using the existing conftest.o
configure:16069: g++ -o conftest -g -O2    -L/usr/local/lib -Wl,-rpath,/usr/local/lib -L/usr/local/lib64 conftest.o -lboost_filesystem-gcc48  -lboost_system-mt >&5
/usr/lib64/gcc/x86_64-suse-linux/4.8/../../../../x86_64-suse-linux/bin/ld: cannot find -lboost_filesystem-gcc48
collect2: error: ld returned 1 exit status
configure:16078: $? = 1
configure:16063: re-using the existing conftest.o
configure:16069: g++ -o conftest -g -O2    -L/usr/local/lib -Wl,-rpath,/usr/local/lib -L/usr/lib conftest.o -lboost_filesystem-gcc48  -lboost_system-mt >&5
/usr/lib64/gcc/x86_64-suse-linux/4.8/../../../../x86_64-suse-linux/bin/ld: cannot find -lboost_filesystem-gcc48
collect2: error: ld returned 1 exit status
configure:16078: $? = 1
configure:16063: re-using the existing conftest.o
configure:16069: g++ -o conftest -g -O2    -L/usr/local/lib -Wl,-rpath,/usr/local/lib -L/usr/lib64 conftest.o -lboost_filesystem-gcc48  -lboost_system-mt >&5
/usr/lib64/gcc/x86_64-suse-linux/4.8/../../../../x86_64-suse-linux/bin/ld: cannot find -lboost_filesystem-gcc48
collect2: error: ld returned 1 exit status
configure:16078: $? = 1
configure:16063: re-using the existing conftest.o
configure:16069: g++ -o conftest -g -O2    -L/usr/local/lib -Wl,-rpath,/usr/local/lib -L/lib conftest.o -lboost_filesystem-gcc48  -lboost_system-mt >&5
/usr/lib64/gcc/x86_64-suse-linux/4.8/../../../../x86_64-suse-linux/bin/ld: cannot find -lboost_filesystem-gcc48
collect2: error: ld returned 1 exit status
configure:16078: $? = 1
configure:16063: re-using the existing conftest.o
configure:16069: g++ -o conftest -g -O2    -L/usr/local/lib -Wl,-rpath,/usr/local/lib -L/lib64 conftest.o -lboost_filesystem-gcc48  -lboost_system-mt >&5
/usr/lib64/gcc/x86_64-suse-linux/4.8/../../../../x86_64-suse-linux/bin/ld: cannot find -lboost_filesystem-gcc48
collect2: error: ld returned 1 exit status
configure:16078: $? = 1
configure:16063: re-using the existing conftest.o
configure:16069: g++ -o conftest -g -O2    -L/usr/local/lib -Wl,-rpath,/usr/local/lib -L/usr/local/lib conftest.o -lboost_filesystem-gcc48-mt-d  -lboost_system-mt >&5
/usr/lib64/gcc/x86_64-suse-linux/4.8/../../../../x86_64-suse-linux/bin/ld: cannot find -lboost_filesystem-gcc48-mt-d
collect2: error: ld returned 1 exit status
configure:16078: $? = 1
configure:16063: re-using the existing conftest.o
configure:16069: g++ -o conftest -g -O2    -L/usr/local/lib -Wl,-rpath,/usr/local/lib -L/usr/local/lib64 conftest.o -lboost_filesystem-gcc48-mt-d  -lboost_system-mt >&5
/usr/lib64/gcc/x86_64-suse-linux/4.8/../../../../x86_64-suse-linux/bin/ld: cannot find -lboost_filesystem-gcc48-mt-d
collect2: error: ld returned 1 exit status
configure:16078: $? = 1
configure:16063: re-using the existing conftest.o
configure:16069: g++ -o conftest -g -O2    -L/usr/local/lib -Wl,-rpath,/usr/local/lib -L/usr/lib conftest.o -lboost_filesystem-gcc48-mt-d  -lboost_system-mt >&5
/usr/lib64/gcc/x86_64-suse-linux/4.8/../../../../x86_64-suse-linux/bin/ld: cannot find -lboost_filesystem-gcc48-mt-d
collect2: error: ld returned 1 exit status
configure:16078: $? = 1
configure:16063: re-using the existing conftest.o
configure:16069: g++ -o conftest -g -O2    -L/usr/local/lib -Wl,-rpath,/usr/local/lib -L/usr/lib64 conftest.o -lboost_filesystem-gcc48-mt-d  -lboost_system-mt >&5
/usr/lib64/gcc/x86_64-suse-linux/4.8/../../../../x86_64-suse-linux/bin/ld: cannot find -lboost_filesystem-gcc48-mt-d
collect2: error: ld returned 1 exit status
configure:16078: $? = 1
configure:16063: re-using the existing conftest.o
configure:16069: g++ -o conftest -g -O2    -L/usr/local/lib -Wl,-rpath,/usr/local/lib -L/lib conftest.o -lboost_filesystem-gcc48-mt-d  -lboost_system-mt >&5
/usr/lib64/gcc/x86_64-suse-linux/4.8/../../../../x86_64-suse-linux/bin/ld: cannot find -lboost_filesystem-gcc48-mt-d
collect2: error: ld returned 1 exit status
configure:16078: $? = 1
configure:16063: re-using the existing conftest.o
configure:16069: g++ -o conftest -g -O2    -L/usr/local/lib -Wl,-rpath,/usr/local/lib -L/lib64 conftest.o -lboost_filesystem-gcc48-mt-d  -lboost_system-mt >&5
/usr/lib64/gcc/x86_64-suse-linux/4.8/../../../../x86_64-suse-linux/bin/ld: cannot find -lboost_filesystem-gcc48-mt-d
collect2: error: ld returned 1 exit status
configure:16078: $? = 1
configure:16063: re-using the existing conftest.o
configure:16069: g++ -o conftest -g -O2    -L/usr/local/lib -Wl,-rpath,/usr/local/lib -L/usr/local/lib conftest.o -lboost_filesystem-gcc48-d  -lboost_system-mt >&5
/usr/lib64/gcc/x86_64-suse-linux/4.8/../../../../x86_64-suse-linux/bin/ld: cannot find -lboost_filesystem-gcc48-d
collect2: error: ld returned 1 exit status
configure:16078: $? = 1
configure:16063: re-using the existing conftest.o
configure:16069: g++ -o conftest -g -O2    -L/usr/local/lib -Wl,-rpath,/usr/local/lib -L/usr/local/lib64 conftest.o -lboost_filesystem-gcc48-d  -lboost_system-mt >&5
/usr/lib64/gcc/x86_64-suse-linux/4.8/../../../../x86_64-suse-linux/bin/ld: cannot find -lboost_filesystem-gcc48-d
collect2: error: ld returned 1 exit status
configure:16078: $? = 1
configure:16063: re-using the existing conftest.o
configure:16069: g++ -o conftest -g -O2    -L/usr/local/lib -Wl,-rpath,/usr/local/lib -L/usr/lib conftest.o -lboost_filesystem-gcc48-d  -lboost_system-mt >&5
/usr/lib64/gcc/x86_64-suse-linux/4.8/../../../../x86_64-suse-linux/bin/ld: cannot find -lboost_filesystem-gcc48-d
collect2: error: ld returned 1 exit status
configure:16078: $? = 1
configure:16063: re-using the existing conftest.o
configure:16069: g++ -o conftest -g -O2    -L/usr/local/lib -Wl,-rpath,/usr/local/lib -L/usr/lib64 conftest.o -lboost_filesystem-gcc48-d  -lboost_system-mt >&5
/usr/lib64/gcc/x86_64-suse-linux/4.8/../../../../x86_64-suse-linux/bin/ld: cannot find -lboost_filesystem-gcc48-d
collect2: error: ld returned 1 exit status
configure:16078: $? = 1
configure:16063: re-using the existing conftest.o
configure:16069: g++ -o conftest -g -O2    -L/usr/local/lib -Wl,-rpath,/usr/local/lib -L/lib conftest.o -lboost_filesystem-gcc48-d  -lboost_system-mt >&5
/usr/lib64/gcc/x86_64-suse-linux/4.8/../../../../x86_64-suse-linux/bin/ld: cannot find -lboost_filesystem-gcc48-d
collect2: error: ld returned 1 exit status
configure:16078: $? = 1
configure:16063: re-using the existing conftest.o
configure:16069: g++ -o conftest -g -O2    -L/usr/local/lib -Wl,-rpath,/usr/local/lib -L/lib64 conftest.o -lboost_filesystem-gcc48-d  -lboost_system-mt >&5
/usr/lib64/gcc/x86_64-suse-linux/4.8/../../../../x86_64-suse-linux/bin/ld: cannot find -lboost_filesystem-gcc48-d
collect2: error: ld returned 1 exit status
configure:16078: $? = 1
configure:16063: re-using the existing conftest.o
configure:16069: g++ -o conftest -g -O2    -L/usr/local/lib -Wl,-rpath,/usr/local/lib -L/usr/local/lib conftest.o -lboost_filesystem-gcc-mt-1_54  -lboost_system-mt >&5
/usr/lib64/gcc/x86_64-suse-linux/4.8/../../../../x86_64-suse-linux/bin/ld: cannot find -lboost_filesystem-gcc-mt-1_54
collect2: error: ld returned 1 exit status
configure:16078: $? = 1
configure:16063: re-using the existing conftest.o
configure:16069: g++ -o conftest -g -O2    -L/usr/local/lib -Wl,-rpath,/usr/local/lib -L/usr/local/lib64 conftest.o -lboost_filesystem-gcc-mt-1_54  -lboost_system-mt >&5
/usr/lib64/gcc/x86_64-suse-linux/4.8/../../../../x86_64-suse-linux/bin/ld: cannot find -lboost_filesystem-gcc-mt-1_54
collect2: error: ld returned 1 exit status
configure:16078: $? = 1
configure:16063: re-using the existing conftest.o
configure:16069: g++ -o conftest -g -O2    -L/usr/local/lib -Wl,-rpath,/usr/local/lib -L/usr/lib conftest.o -lboost_filesystem-gcc-mt-1_54  -lboost_system-mt >&5
/usr/lib64/gcc/x86_64-suse-linux/4.8/../../../../x86_64-suse-linux/bin/ld: cannot find -lboost_filesystem-gcc-mt-1_54
collect2: error: ld returned 1 exit status
configure:16078: $? = 1
configure:16063: re-using the existing conftest.o
configure:16069: g++ -o conftest -g -O2    -L/usr/local/lib -Wl,-rpath,/usr/local/lib -L/usr/lib64 conftest.o -lboost_filesystem-gcc-mt-1_54  -lboost_system-mt >&5
/usr/lib64/gcc/x86_64-suse-linux/4.8/../../../../x86_64-suse-linux/bin/ld: cannot find -lboost_filesystem-gcc-mt-1_54
collect2: error: ld returned 1 exit status
configure:16078: $? = 1
configure:16063: re-using the existing conftest.o
configure:16069: g++ -o conftest -g -O2    -L/usr/local/lib -Wl,-rpath,/usr/local/lib -L/lib conftest.o -lboost_filesystem-gcc-mt-1_54  -lboost_system-mt >&5
/usr/lib64/gcc/x86_64-suse-linux/4.8/../../../../x86_64-suse-linux/bin/ld: cannot find -lboost_filesystem-gcc-mt-1_54
collect2: error: ld returned 1 exit status
configure:16078: $? = 1
configure:16063: re-using the existing conftest.o
configure:16069: g++ -o conftest -g -O2    -L/usr/local/lib -Wl,-rpath,/usr/local/lib -L/lib64 conftest.o -lboost_filesystem-gcc-mt-1_54  -lboost_system-mt >&5
/usr/lib64/gcc/x86_64-suse-linux/4.8/../../../../x86_64-suse-linux/bin/ld: cannot find -lboost_filesystem-gcc-mt-1_54
collect2: error: ld returned 1 exit status
configure:16078: $? = 1
configure:16063: re-using the existing conftest.o
configure:16069: g++ -o conftest -g -O2    -L/usr/local/lib -Wl,-rpath,/usr/local/lib -L/usr/local/lib conftest.o -lboost_filesystem-gcc-1_54  -lboost_system-mt >&5
/usr/lib64/gcc/x86_64-suse-linux/4.8/../../../../x86_64-suse-linux/bin/ld: cannot find -lboost_filesystem-gcc-1_54
collect2: error: ld returned 1 exit status
configure:16078: $? = 1
configure:16063: re-using the existing conftest.o
configure:16069: g++ -o conftest -g -O2    -L/usr/local/lib -Wl,-rpath,/usr/local/lib -L/usr/local/lib64 conftest.o -lboost_filesystem-gcc-1_54  -lboost_system-mt >&5
/usr/lib64/gcc/x86_64-suse-linux/4.8/../../../../x86_64-suse-linux/bin/ld: cannot find -lboost_filesystem-gcc-1_54
collect2: error: ld returned 1 exit status
configure:16078: $? = 1
configure:16063: re-using the existing conftest.o
configure:16069: g++ -o conftest -g -O2    -L/usr/local/lib -Wl,-rpath,/usr/local/lib -L/usr/lib conftest.o -lboost_filesystem-gcc-1_54  -lboost_system-mt >&5
/usr/lib64/gcc/x86_64-suse-linux/4.8/../../../../x86_64-suse-linux/bin/ld: cannot find -lboost_filesystem-gcc-1_54
collect2: error: ld returned 1 exit status
configure:16078: $? = 1
configure:16063: re-using the existing conftest.o
configure:16069: g++ -o conftest -g -O2    -L/usr/local/lib -Wl,-rpath,/usr/local/lib -L/usr/lib64 conftest.o -lboost_filesystem-gcc-1_54  -lboost_system-mt >&5
/usr/lib64/gcc/x86_64-suse-linux/4.8/../../../../x86_64-suse-linux/bin/ld: cannot find -lboost_filesystem-gcc-1_54
collect2: error: ld returned 1 exit status
configure:16078: $? = 1
configure:16063: re-using the existing conftest.o
configure:16069: g++ -o conftest -g -O2    -L/usr/local/lib -Wl,-rpath,/usr/local/lib -L/lib conftest.o -lboost_filesystem-gcc-1_54  -lboost_system-mt >&5
/usr/lib64/gcc/x86_64-suse-linux/4.8/../../../../x86_64-suse-linux/bin/ld: cannot find -lboost_filesystem-gcc-1_54
collect2: error: ld returned 1 exit status
configure:16078: $? = 1
configure:16063: re-using the existing conftest.o
configure:16069: g++ -o conftest -g -O2    -L/usr/local/lib -Wl,-rpath,/usr/local/lib -L/lib64 conftest.o -lboost_filesystem-gcc-1_54  -lboost_system-mt >&5
/usr/lib64/gcc/x86_64-suse-linux/4.8/../../../../x86_64-suse-linux/bin/ld: cannot find -lboost_filesystem-gcc-1_54
collect2: error: ld returned 1 exit status
configure:16078: $? = 1
configure:16063: re-using the existing conftest.o
configure:16069: g++ -o conftest -g -O2    -L/usr/local/lib -Wl,-rpath,/usr/local/lib -L/usr/local/lib conftest.o -lboost_filesystem-gcc-mt-d-1_54  -lboost_system-mt >&5
/usr/lib64/gcc/x86_64-suse-linux/4.8/../../../../x86_64-suse-linux/bin/ld: cannot find -lboost_filesystem-gcc-mt-d-1_54
collect2: error: ld returned 1 exit status
configure:16078: $? = 1
configure:16063: re-using the existing conftest.o
configure:16069: g++ -o conftest -g -O2    -L/usr/local/lib -Wl,-rpath,/usr/local/lib -L/usr/local/lib64 conftest.o -lboost_filesystem-gcc-mt-d-1_54  -lboost_system-mt >&5
/usr/lib64/gcc/x86_64-suse-linux/4.8/../../../../x86_64-suse-linux/bin/ld: cannot find -lboost_filesystem-gcc-mt-d-1_54
collect2: error: ld returned 1 exit status
configure:16078: $? = 1
configure:16063: re-using the existing conftest.o
configure:16069: g++ -o conftest -g -O2    -L/usr/local/lib -Wl,-rpath,/usr/local/lib -L/usr/lib conftest.o -lboost_filesystem-gcc-mt-d-1_54  -lboost_system-mt >&5
/usr/lib64/gcc/x86_64-suse-linux/4.8/../../../../x86_64-suse-linux/bin/ld: cannot find -lboost_filesystem-gcc-mt-d-1_54
collect2: error: ld returned 1 exit status
configure:16078: $? = 1
configure:16063: re-using the existing conftest.o
configure:16069: g++ -o conftest -g -O2    -L/usr/local/lib -Wl,-rpath,/usr/local/lib -L/usr/lib64 conftest.o -lboost_filesystem-gcc-mt-d-1_54  -lboost_system-mt >&5
/usr/lib64/gcc/x86_64-suse-linux/4.8/../../../../x86_64-suse-linux/bin/ld: cannot find -lboost_filesystem-gcc-mt-d-1_54
collect2: error: ld returned 1 exit status
configure:16078: $? = 1
configure:16063: re-using the existing conftest.o
configure:16069: g++ -o conftest -g -O2    -L/usr/local/lib -Wl,-rpath,/usr/local/lib -L/lib conftest.o -lboost_filesystem-gcc-mt-d-1_54  -lboost_system-mt >&5
/usr/lib64/gcc/x86_64-suse-linux/4.8/../../../../x86_64-suse-linux/bin/ld: cannot find -lboost_filesystem-gcc-mt-d-1_54
collect2: error: ld returned 1 exit status
configure:16078: $? = 1
configure:16063: re-using the existing conftest.o
configure:16069: g++ -o conftest -g -O2    -L/usr/local/lib -Wl,-rpath,/usr/local/lib -L/lib64 conftest.o -lboost_filesystem-gcc-mt-d-1_54  -lboost_system-mt >&5
/usr/lib64/gcc/x86_64-suse-linux/4.8/../../../../x86_64-suse-linux/bin/ld: cannot find -lboost_filesystem-gcc-mt-d-1_54
collect2: error: ld returned 1 exit status
configure:16078: $? = 1
configure:16063: re-using the existing conftest.o
configure:16069: g++ -o conftest -g -O2    -L/usr/local/lib -Wl,-rpath,/usr/local/lib -L/usr/local/lib conftest.o -lboost_filesystem-gcc-d-1_54  -lboost_system-mt >&5
/usr/lib64/gcc/x86_64-suse-linux/4.8/../../../../x86_64-suse-linux/bin/ld: cannot find -lboost_filesystem-gcc-d-1_54
collect2: error: ld returned 1 exit status
configure:16078: $? = 1
configure:16063: re-using the existing conftest.o
configure:16069: g++ -o conftest -g -O2    -L/usr/local/lib -Wl,-rpath,/usr/local/lib -L/usr/local/lib64 conftest.o -lboost_filesystem-gcc-d-1_54  -lboost_system-mt >&5
/usr/lib64/gcc/x86_64-suse-linux/4.8/../../../../x86_64-suse-linux/bin/ld: cannot find -lboost_filesystem-gcc-d-1_54
collect2: error: ld returned 1 exit status
configure:16078: $? = 1
configure:16063: re-using the existing conftest.o
configure:16069: g++ -o conftest -g -O2    -L/usr/local/lib -Wl,-rpath,/usr/local/lib -L/usr/lib conftest.o -lboost_filesystem-gcc-d-1_54  -lboost_system-mt >&5
/usr/lib64/gcc/x86_64-suse-linux/4.8/../../../../x86_64-suse-linux/bin/ld: cannot find -lboost_filesystem-gcc-d-1_54
collect2: error: ld returned 1 exit status
configure:16078: $? = 1
configure:16063: re-using the existing conftest.o
configure:16069: g++ -o conftest -g -O2    -L/usr/local/lib -Wl,-rpath,/usr/local/lib -L/usr/lib64 conftest.o -lboost_filesystem-gcc-d-1_54  -lboost_system-mt >&5
/usr/lib64/gcc/x86_64-suse-linux/4.8/../../../../x86_64-suse-linux/bin/ld: cannot find -lboost_filesystem-gcc-d-1_54
collect2: error: ld returned 1 exit status
configure:16078: $? = 1
configure:16063: re-using the existing conftest.o
configure:16069: g++ -o conftest -g -O2    -L/usr/local/lib -Wl,-rpath,/usr/local/lib -L/lib conftest.o -lboost_filesystem-gcc-d-1_54  -lboost_system-mt >&5
/usr/lib64/gcc/x86_64-suse-linux/4.8/../../../../x86_64-suse-linux/bin/ld: cannot find -lboost_filesystem-gcc-d-1_54
collect2: error: ld returned 1 exit status
configure:16078: $? = 1
configure:16063: re-using the existing conftest.o
configure:16069: g++ -o conftest -g -O2    -L/usr/local/lib -Wl,-rpath,/usr/local/lib -L/lib64 conftest.o -lboost_filesystem-gcc-d-1_54  -lboost_system-mt >&5
/usr/lib64/gcc/x86_64-suse-linux/4.8/../../../../x86_64-suse-linux/bin/ld: cannot find -lboost_filesystem-gcc-d-1_54
collect2: error: ld returned 1 exit status
configure:16078: $? = 1
configure:16063: re-using the existing conftest.o
configure:16069: g++ -o conftest -g -O2    -L/usr/local/lib -Wl,-rpath,/usr/local/lib -L/usr/local/lib conftest.o -lboost_filesystem-gcc-mt  -lboost_system-mt >&5
/usr/lib64/gcc/x86_64-suse-linux/4.8/../../../../x86_64-suse-linux/bin/ld: cannot find -lboost_filesystem-gcc-mt
collect2: error: ld returned 1 exit status
configure:16078: $? = 1
configure:16063: re-using the existing conftest.o
configure:16069: g++ -o conftest -g -O2    -L/usr/local/lib -Wl,-rpath,/usr/local/lib -L/usr/local/lib64 conftest.o -lboost_filesystem-gcc-mt  -lboost_system-mt >&5
/usr/lib64/gcc/x86_64-suse-linux/4.8/../../../../x86_64-suse-linux/bin/ld: cannot find -lboost_filesystem-gcc-mt
collect2: error: ld returned 1 exit status
configure:16078: $? = 1
configure:16063: re-using the existing conftest.o
configure:16069: g++ -o conftest -g -O2    -L/usr/local/lib -Wl,-rpath,/usr/local/lib -L/usr/lib conftest.o -lboost_filesystem-gcc-mt  -lboost_system-mt >&5
/usr/lib64/gcc/x86_64-suse-linux/4.8/../../../../x86_64-suse-linux/bin/ld: cannot find -lboost_filesystem-gcc-mt
collect2: error: ld returned 1 exit status
configure:16078: $? = 1
configure:16063: re-using the existing conftest.o
configure:16069: g++ -o conftest -g -O2    -L/usr/local/lib -Wl,-rpath,/usr/local/lib -L/usr/lib64 conftest.o -lboost_filesystem-gcc-mt  -lboost_system-mt >&5
/usr/lib64/gcc/x86_64-suse-linux/4.8/../../../../x86_64-suse-linux/bin/ld: cannot find -lboost_filesystem-gcc-mt
collect2: error: ld returned 1 exit status
configure:16078: $? = 1
configure:16063: re-using the existing conftest.o
configure:16069: g++ -o conftest -g -O2    -L/usr/local/lib -Wl,-rpath,/usr/local/lib -L/lib conftest.o -lboost_filesystem-gcc-mt  -lboost_system-mt >&5
/usr/lib64/gcc/x86_64-suse-linux/4.8/../../../../x86_64-suse-linux/bin/ld: cannot find -lboost_filesystem-gcc-mt
collect2: error: ld returned 1 exit status
configure:16078: $? = 1
configure:16063: re-using the existing conftest.o
configure:16069: g++ -o conftest -g -O2    -L/usr/local/lib -Wl,-rpath,/usr/local/lib -L/lib64 conftest.o -lboost_filesystem-gcc-mt  -lboost_system-mt >&5
/usr/lib64/gcc/x86_64-suse-linux/4.8/../../../../x86_64-suse-linux/bin/ld: cannot find -lboost_filesystem-gcc-mt
collect2: error: ld returned 1 exit status
configure:16078: $? = 1
configure:16063: re-using the existing conftest.o
configure:16069: g++ -o conftest -g -O2    -L/usr/local/lib -Wl,-rpath,/usr/local/lib -L/usr/local/lib conftest.o -lboost_filesystem-gcc  -lboost_system-mt >&5
/usr/lib64/gcc/x86_64-suse-linux/4.8/../../../../x86_64-suse-linux/bin/ld: cannot find -lboost_filesystem-gcc
collect2: error: ld returned 1 exit status
configure:16078: $? = 1
configure:16063: re-using the existing conftest.o
configure:16069: g++ -o conftest -g -O2    -L/usr/local/lib -Wl,-rpath,/usr/local/lib -L/usr/local/lib64 conftest.o -lboost_filesystem-gcc  -lboost_system-mt >&5
/usr/lib64/gcc/x86_64-suse-linux/4.8/../../../../x86_64-suse-linux/bin/ld: cannot find -lboost_filesystem-gcc
collect2: error: ld returned 1 exit status
configure:16078: $? = 1
configure:16063: re-using the existing conftest.o
configure:16069: g++ -o conftest -g -O2    -L/usr/local/lib -Wl,-rpath,/usr/local/lib -L/usr/lib conftest.o -lboost_filesystem-gcc  -lboost_system-mt >&5
/usr/lib64/gcc/x86_64-suse-linux/4.8/../../../../x86_64-suse-linux/bin/ld: cannot find -lboost_filesystem-gcc
collect2: error: ld returned 1 exit status
configure:16078: $? = 1
configure:16063: re-using the existing conftest.o
configure:16069: g++ -o conftest -g -O2    -L/usr/local/lib -Wl,-rpath,/usr/local/lib -L/usr/lib64 conftest.o -lboost_filesystem-gcc  -lboost_system-mt >&5
/usr/lib64/gcc/x86_64-suse-linux/4.8/../../../../x86_64-suse-linux/bin/ld: cannot find -lboost_filesystem-gcc
collect2: error: ld returned 1 exit status
configure:16078: $? = 1
configure:16063: re-using the existing conftest.o
configure:16069: g++ -o conftest -g -O2    -L/usr/local/lib -Wl,-rpath,/usr/local/lib -L/lib conftest.o -lboost_filesystem-gcc  -lboost_system-mt >&5
/usr/lib64/gcc/x86_64-suse-linux/4.8/../../../../x86_64-suse-linux/bin/ld: cannot find -lboost_filesystem-gcc
collect2: error: ld returned 1 exit status
configure:16078: $? = 1
configure:16063: re-using the existing conftest.o
configure:16069: g++ -o conftest -g -O2    -L/usr/local/lib -Wl,-rpath,/usr/local/lib -L/lib64 conftest.o -lboost_filesystem-gcc  -lboost_system-mt >&5
/usr/lib64/gcc/x86_64-suse-linux/4.8/../../../../x86_64-suse-linux/bin/ld: cannot find -lboost_filesystem-gcc
collect2: error: ld returned 1 exit status
configure:16078: $? = 1
configure:16063: re-using the existing conftest.o
configure:16069: g++ -o conftest -g -O2    -L/usr/local/lib -Wl,-rpath,/usr/local/lib -L/usr/local/lib conftest.o -lboost_filesystem-gcc-mt-d  -lboost_system-mt >&5
/usr/lib64/gcc/x86_64-suse-linux/4.8/../../../../x86_64-suse-linux/bin/ld: cannot find -lboost_filesystem-gcc-mt-d
collect2: error: ld returned 1 exit status
configure:16078: $? = 1
configure:16063: re-using the existing conftest.o
configure:16069: g++ -o conftest -g -O2    -L/usr/local/lib -Wl,-rpath,/usr/local/lib -L/usr/local/lib64 conftest.o -lboost_filesystem-gcc-mt-d  -lboost_system-mt >&5
/usr/lib64/gcc/x86_64-suse-linux/4.8/../../../../x86_64-suse-linux/bin/ld: cannot find -lboost_filesystem-gcc-mt-d
collect2: error: ld returned 1 exit status
configure:16078: $? = 1
configure:16063: re-using the existing conftest.o
configure:16069: g++ -o conftest -g -O2    -L/usr/local/lib -Wl,-rpath,/usr/local/lib -L/usr/lib conftest.o -lboost_filesystem-gcc-mt-d  -lboost_system-mt >&5
/usr/lib64/gcc/x86_64-suse-linux/4.8/../../../../x86_64-suse-linux/bin/ld: cannot find -lboost_filesystem-gcc-mt-d
collect2: error: ld returned 1 exit status
configure:16078: $? = 1
configure:16063: re-using the existing conftest.o
configure:16069: g++ -o conftest -g -O2    -L/usr/local/lib -Wl,-rpath,/usr/local/lib -L/usr/lib64 conftest.o -lboost_filesystem-gcc-mt-d  -lboost_system-mt >&5
/usr/lib64/gcc/x86_64-suse-linux/4.8/../../../../x86_64-suse-linux/bin/ld: cannot find -lboost_filesystem-gcc-mt-d
collect2: error: ld returned 1 exit status
configure:16078: $? = 1
configure:16063: re-using the existing conftest.o
configure:16069: g++ -o conftest -g -O2    -L/usr/local/lib -Wl,-rpath,/usr/local/lib -L/lib conftest.o -lboost_filesystem-gcc-mt-d  -lboost_system-mt >&5
/usr/lib64/gcc/x86_64-suse-linux/4.8/../../../../x86_64-suse-linux/bin/ld: cannot find -lboost_filesystem-gcc-mt-d
collect2: error: ld returned 1 exit status
configure:16078: $? = 1
configure:16063: re-using the existing conftest.o
configure:16069: g++ -o conftest -g -O2    -L/usr/local/lib -Wl,-rpath,/usr/local/lib -L/lib64 conftest.o -lboost_filesystem-gcc-mt-d  -lboost_system-mt >&5
/usr/lib64/gcc/x86_64-suse-linux/4.8/../../../../x86_64-suse-linux/bin/ld: cannot find -lboost_filesystem-gcc-mt-d
collect2: error: ld returned 1 exit status
configure:16078: $? = 1
configure:16063: re-using the existing conftest.o
configure:16069: g++ -o conftest -g -O2    -L/usr/local/lib -Wl,-rpath,/usr/local/lib -L/usr/local/lib conftest.o -lboost_filesystem-gcc-d  -lboost_system-mt >&5
/usr/lib64/gcc/x86_64-suse-linux/4.8/../../../../x86_64-suse-linux/bin/ld: cannot find -lboost_filesystem-gcc-d
collect2: error: ld returned 1 exit status
configure:16078: $? = 1
configure:16063: re-using the existing conftest.o
configure:16069: g++ -o conftest -g -O2    -L/usr/local/lib -Wl,-rpath,/usr/local/lib -L/usr/local/lib64 conftest.o -lboost_filesystem-gcc-d  -lboost_system-mt >&5
/usr/lib64/gcc/x86_64-suse-linux/4.8/../../../../x86_64-suse-linux/bin/ld: cannot find -lboost_filesystem-gcc-d
collect2: error: ld returned 1 exit status
configure:16078: $? = 1
configure:16063: re-using the existing conftest.o
configure:16069: g++ -o conftest -g -O2    -L/usr/local/lib -Wl,-rpath,/usr/local/lib -L/usr/lib conftest.o -lboost_filesystem-gcc-d  -lboost_system-mt >&5
/usr/lib64/gcc/x86_64-suse-linux/4.8/../../../../x86_64-suse-linux/bin/ld: cannot find -lboost_filesystem-gcc-d
collect2: error: ld returned 1 exit status
configure:16078: $? = 1
configure:16063: re-using the existing conftest.o
configure:16069: g++ -o conftest -g -O2    -L/usr/local/lib -Wl,-rpath,/usr/local/lib -L/usr/lib64 conftest.o -lboost_filesystem-gcc-d  -lboost_system-mt >&5
/usr/lib64/gcc/x86_64-suse-linux/4.8/../../../../x86_64-suse-linux/bin/ld: cannot find -lboost_filesystem-gcc-d
collect2: error: ld returned 1 exit status
configure:16078: $? = 1
configure:16063: re-using the existing conftest.o
configure:16069: g++ -o conftest -g -O2    -L/usr/local/lib -Wl,-rpath,/usr/local/lib -L/lib conftest.o -lboost_filesystem-gcc-d  -lboost_system-mt >&5
/usr/lib64/gcc/x86_64-suse-linux/4.8/../../../../x86_64-suse-linux/bin/ld: cannot find -lboost_filesystem-gcc-d
collect2: error: ld returned 1 exit status
configure:16078: $? = 1
configure:16063: re-using the existing conftest.o
configure:16069: g++ -o conftest -g -O2    -L/usr/local/lib -Wl,-rpath,/usr/local/lib -L/lib64 conftest.o -lboost_filesystem-gcc-d  -lboost_system-mt >&5
/usr/lib64/gcc/x86_64-suse-linux/4.8/../../../../x86_64-suse-linux/bin/ld: cannot find -lboost_filesystem-gcc-d
collect2: error: ld returned 1 exit status
configure:16078: $? = 1
configure:16063: re-using the existing conftest.o
configure:16069: g++ -o conftest -g -O2    -L/usr/local/lib -Wl,-rpath,/usr/local/lib -L/usr/local/lib conftest.o -lboost_filesystem-mt-1_54  -lboost_system-mt >&5
/usr/lib64/gcc/x86_64-suse-linux/4.8/../../../../x86_64-suse-linux/bin/ld: cannot find -lboost_filesystem-mt-1_54
collect2: error: ld returned 1 exit status
configure:16078: $? = 1
configure:16063: re-using the existing conftest.o
configure:16069: g++ -o conftest -g -O2    -L/usr/local/lib -Wl,-rpath,/usr/local/lib -L/usr/local/lib64 conftest.o -lboost_filesystem-mt-1_54  -lboost_system-mt >&5
/usr/lib64/gcc/x86_64-suse-linux/4.8/../../../../x86_64-suse-linux/bin/ld: cannot find -lboost_filesystem-mt-1_54
collect2: error: ld returned 1 exit status
configure:16078: $? = 1
configure:16063: re-using the existing conftest.o
configure:16069: g++ -o conftest -g -O2    -L/usr/local/lib -Wl,-rpath,/usr/local/lib -L/usr/lib conftest.o -lboost_filesystem-mt-1_54  -lboost_system-mt >&5
/usr/lib64/gcc/x86_64-suse-linux/4.8/../../../../x86_64-suse-linux/bin/ld: cannot find -lboost_filesystem-mt-1_54
collect2: error: ld returned 1 exit status
configure:16078: $? = 1
configure:16063: re-using the existing conftest.o
configure:16069: g++ -o conftest -g -O2    -L/usr/local/lib -Wl,-rpath,/usr/local/lib -L/usr/lib64 conftest.o -lboost_filesystem-mt-1_54  -lboost_system-mt >&5
/usr/lib64/gcc/x86_64-suse-linux/4.8/../../../../x86_64-suse-linux/bin/ld: cannot find -lboost_filesystem-mt-1_54
collect2: error: ld returned 1 exit status
configure:16078: $? = 1
configure:16063: re-using the existing conftest.o
configure:16069: g++ -o conftest -g -O2    -L/usr/local/lib -Wl,-rpath,/usr/local/lib -L/lib conftest.o -lboost_filesystem-mt-1_54  -lboost_system-mt >&5
/usr/lib64/gcc/x86_64-suse-linux/4.8/../../../../x86_64-suse-linux/bin/ld: cannot find -lboost_filesystem-mt-1_54
collect2: error: ld returned 1 exit status
configure:16078: $? = 1
configure:16063: re-using the existing conftest.o
configure:16069: g++ -o conftest -g -O2    -L/usr/local/lib -Wl,-rpath,/usr/local/lib -L/lib64 conftest.o -lboost_filesystem-mt-1_54  -lboost_system-mt >&5
/usr/lib64/gcc/x86_64-suse-linux/4.8/../../../../x86_64-suse-linux/bin/ld: cannot find -lboost_filesystem-mt-1_54
collect2: error: ld returned 1 exit status
configure:16078: $? = 1
configure:16063: re-using the existing conftest.o
configure:16069: g++ -o conftest -g -O2    -L/usr/local/lib -Wl,-rpath,/usr/local/lib -L/usr/local/lib conftest.o -lboost_filesystem-1_54  -lboost_system-mt >&5
/usr/lib64/gcc/x86_64-suse-linux/4.8/../../../../x86_64-suse-linux/bin/ld: cannot find -lboost_filesystem-1_54
collect2: error: ld returned 1 exit status
configure:16078: $? = 1
configure:16063: re-using the existing conftest.o
configure:16069: g++ -o conftest -g -O2    -L/usr/local/lib -Wl,-rpath,/usr/local/lib -L/usr/local/lib64 conftest.o -lboost_filesystem-1_54  -lboost_system-mt >&5
/usr/lib64/gcc/x86_64-suse-linux/4.8/../../../../x86_64-suse-linux/bin/ld: cannot find -lboost_filesystem-1_54
collect2: error: ld returned 1 exit status
configure:16078: $? = 1
configure:16063: re-using the existing conftest.o
configure:16069: g++ -o conftest -g -O2    -L/usr/local/lib -Wl,-rpath,/usr/local/lib -L/usr/lib conftest.o -lboost_filesystem-1_54  -lboost_system-mt >&5
/usr/lib64/gcc/x86_64-suse-linux/4.8/../../../../x86_64-suse-linux/bin/ld: cannot find -lboost_filesystem-1_54
collect2: error: ld returned 1 exit status
configure:16078: $? = 1
configure:16063: re-using the existing conftest.o
configure:16069: g++ -o conftest -g -O2    -L/usr/local/lib -Wl,-rpath,/usr/local/lib -L/usr/lib64 conftest.o -lboost_filesystem-1_54  -lboost_system-mt >&5
/usr/lib64/gcc/x86_64-suse-linux/4.8/../../../../x86_64-suse-linux/bin/ld: cannot find -lboost_filesystem-1_54
collect2: error: ld returned 1 exit status
configure:16078: $? = 1
configure:16063: re-using the existing conftest.o
configure:16069: g++ -o conftest -g -O2    -L/usr/local/lib -Wl,-rpath,/usr/local/lib -L/lib conftest.o -lboost_filesystem-1_54  -lboost_system-mt >&5
/usr/lib64/gcc/x86_64-suse-linux/4.8/../../../../x86_64-suse-linux/bin/ld: cannot find -lboost_filesystem-1_54
collect2: error: ld returned 1 exit status
configure:16078: $? = 1
configure:16063: re-using the existing conftest.o
configure:16069: g++ -o conftest -g -O2    -L/usr/local/lib -Wl,-rpath,/usr/local/lib -L/lib64 conftest.o -lboost_filesystem-1_54  -lboost_system-mt >&5
/usr/lib64/gcc/x86_64-suse-linux/4.8/../../../../x86_64-suse-linux/bin/ld: cannot find -lboost_filesystem-1_54
collect2: error: ld returned 1 exit status
configure:16078: $? = 1
configure:16063: re-using the existing conftest.o
configure:16069: g++ -o conftest -g -O2    -L/usr/local/lib -Wl,-rpath,/usr/local/lib -L/usr/local/lib conftest.o -lboost_filesystem-mt-d-1_54  -lboost_system-mt >&5
/usr/lib64/gcc/x86_64-suse-linux/4.8/../../../../x86_64-suse-linux/bin/ld: cannot find -lboost_filesystem-mt-d-1_54
collect2: error: ld returned 1 exit status
configure:16078: $? = 1
configure:16063: re-using the existing conftest.o
configure:16069: g++ -o conftest -g -O2    -L/usr/local/lib -Wl,-rpath,/usr/local/lib -L/usr/local/lib64 conftest.o -lboost_filesystem-mt-d-1_54  -lboost_system-mt >&5
/usr/lib64/gcc/x86_64-suse-linux/4.8/../../../../x86_64-suse-linux/bin/ld: cannot find -lboost_filesystem-mt-d-1_54
collect2: error: ld returned 1 exit status
configure:16078: $? = 1
configure:16063: re-using the existing conftest.o
configure:16069: g++ -o conftest -g -O2    -L/usr/local/lib -Wl,-rpath,/usr/local/lib -L/usr/lib conftest.o -lboost_filesystem-mt-d-1_54  -lboost_system-mt >&5
/usr/lib64/gcc/x86_64-suse-linux/4.8/../../../../x86_64-suse-linux/bin/ld: cannot find -lboost_filesystem-mt-d-1_54
collect2: error: ld returned 1 exit status
configure:16078: $? = 1
configure:16063: re-using the existing conftest.o
configure:16069: g++ -o conftest -g -O2    -L/usr/local/lib -Wl,-rpath,/usr/local/lib -L/usr/lib64 conftest.o -lboost_filesystem-mt-d-1_54  -lboost_system-mt >&5
/usr/lib64/gcc/x86_64-suse-linux/4.8/../../../../x86_64-suse-linux/bin/ld: cannot find -lboost_filesystem-mt-d-1_54
collect2: error: ld returned 1 exit status
configure:16078: $? = 1
configure:16063: re-using the existing conftest.o
configure:16069: g++ -o conftest -g -O2    -L/usr/local/lib -Wl,-rpath,/usr/local/lib -L/lib conftest.o -lboost_filesystem-mt-d-1_54  -lboost_system-mt >&5
/usr/lib64/gcc/x86_64-suse-linux/4.8/../../../../x86_64-suse-linux/bin/ld: cannot find -lboost_filesystem-mt-d-1_54
collect2: error: ld returned 1 exit status
configure:16078: $? = 1
configure:16063: re-using the existing conftest.o
configure:16069: g++ -o conftest -g -O2    -L/usr/local/lib -Wl,-rpath,/usr/local/lib -L/lib64 conftest.o -lboost_filesystem-mt-d-1_54  -lboost_system-mt >&5
/usr/lib64/gcc/x86_64-suse-linux/4.8/../../../../x86_64-suse-linux/bin/ld: cannot find -lboost_filesystem-mt-d-1_54
collect2: error: ld returned 1 exit status
configure:16078: $? = 1
configure:16063: re-using the existing conftest.o
configure:16069: g++ -o conftest -g -O2    -L/usr/local/lib -Wl,-rpath,/usr/local/lib -L/usr/local/lib conftest.o -lboost_filesystem-d-1_54  -lboost_system-mt >&5
/usr/lib64/gcc/x86_64-suse-linux/4.8/../../../../x86_64-suse-linux/bin/ld: cannot find -lboost_filesystem-d-1_54
collect2: error: ld returned 1 exit status
configure:16078: $? = 1
configure:16063: re-using the existing conftest.o
configure:16069: g++ -o conftest -g -O2    -L/usr/local/lib -Wl,-rpath,/usr/local/lib -L/usr/local/lib64 conftest.o -lboost_filesystem-d-1_54  -lboost_system-mt >&5
/usr/lib64/gcc/x86_64-suse-linux/4.8/../../../../x86_64-suse-linux/bin/ld: cannot find -lboost_filesystem-d-1_54
collect2: error: ld returned 1 exit status
configure:16078: $? = 1
configure:16063: re-using the existing conftest.o
configure:16069: g++ -o conftest -g -O2    -L/usr/local/lib -Wl,-rpath,/usr/local/lib -L/usr/lib conftest.o -lboost_filesystem-d-1_54  -lboost_system-mt >&5
/usr/lib64/gcc/x86_64-suse-linux/4.8/../../../../x86_64-suse-linux/bin/ld: cannot find -lboost_filesystem-d-1_54
collect2: error: ld returned 1 exit status
configure:16078: $? = 1
configure:16063: re-using the existing conftest.o
configure:16069: g++ -o conftest -g -O2    -L/usr/local/lib -Wl,-rpath,/usr/local/lib -L/usr/lib64 conftest.o -lboost_filesystem-d-1_54  -lboost_system-mt >&5
/usr/lib64/gcc/x86_64-suse-linux/4.8/../../../../x86_64-suse-linux/bin/ld: cannot find -lboost_filesystem-d-1_54
collect2: error: ld returned 1 exit status
configure:16078: $? = 1
configure:16063: re-using the existing conftest.o
configure:16069: g++ -o conftest -g -O2    -L/usr/local/lib -Wl,-rpath,/usr/local/lib -L/lib conftest.o -lboost_filesystem-d-1_54  -lboost_system-mt >&5
/usr/lib64/gcc/x86_64-suse-linux/4.8/../../../../x86_64-suse-linux/bin/ld: cannot find -lboost_filesystem-d-1_54
collect2: error: ld returned 1 exit status
configure:16078: $? = 1
configure:16063: re-using the existing conftest.o
configure:16069: g++ -o conftest -g -O2    -L/usr/local/lib -Wl,-rpath,/usr/local/lib -L/lib64 conftest.o -lboost_filesystem-d-1_54  -lboost_system-mt >&5
/usr/lib64/gcc/x86_64-suse-linux/4.8/../../../../x86_64-suse-linux/bin/ld: cannot find -lboost_filesystem-d-1_54
collect2: error: ld returned 1 exit status
configure:16078: $? = 1
configure:16063: re-using the existing conftest.o
configure:16069: g++ -o conftest -g -O2    -L/usr/local/lib -Wl,-rpath,/usr/local/lib -L/usr/local/lib conftest.o -lboost_filesystem-mt  -lboost_system-mt >&5
configure:16078: $? = 0
configure:16118: result: yes
configure:16158: checking boost/foreach.hpp usability
configure:16158: g++ -c -g -O2   conftest.cpp >&5
configure:16158: $? = 0
configure:16158: result: yes
configure:16158: checking boost/foreach.hpp presence
configure:16158: g++ -E   conftest.cpp
configure:16158: $? = 0
configure:16158: result: yes
configure:16158: checking for boost/foreach.hpp
configure:16158: result: yes
configure:16188: checking boost/scoped_ptr.hpp usability
configure:16188: g++ -c -g -O2   conftest.cpp >&5
configure:16188: $? = 0
configure:16188: result: yes
configure:16188: checking boost/scoped_ptr.hpp presence
configure:16188: g++ -E   conftest.cpp
configure:16188: $? = 0
configure:16188: result: yes
configure:16188: checking for boost/scoped_ptr.hpp
configure:16188: result: yes
configure:16217: checking boost/shared_ptr.hpp usability
configure:16217: g++ -c -g -O2   conftest.cpp >&5
configure:16217: $? = 0
configure:16217: result: yes
configure:16217: checking boost/shared_ptr.hpp presence
configure:16217: g++ -E   conftest.cpp
configure:16217: $? = 0
configure:16217: result: yes
configure:16217: checking for boost/shared_ptr.hpp
configure:16217: result: yes
configure:16248: checking boost/algorithm/string.hpp usability
configure:16248: g++ -c -g -O2   conftest.cpp >&5
configure:16248: $? = 0
configure:16248: result: yes
configure:16248: checking boost/algorithm/string.hpp presence
configure:16248: g++ -E   conftest.cpp
configure:16248: $? = 0
configure:16248: result: yes
configure:16248: checking for boost/algorithm/string.hpp
configure:16248: result: yes
configure:16279: checking boost/signals2.hpp usability
configure:16279: g++ -c -g -O2   conftest.cpp >&5
configure:16279: $? = 0
configure:16279: result: yes
configure:16279: checking boost/signals2.hpp presence
configure:16279: g++ -E   conftest.cpp
configure:16279: $? = 0
configure:16279: result: yes
configure:16279: checking for boost/signals2.hpp
configure:16279: result: yes
configure:16309: checking boost/crc.hpp usability
configure:16309: g++ -c -g -O2   conftest.cpp >&5
configure:16309: $? = 0
configure:16309: result: yes
configure:16309: checking boost/crc.hpp presence
configure:16309: g++ -E   conftest.cpp
configure:16309: $? = 0
configure:16309: result: yes
configure:16309: checking for boost/crc.hpp
configure:16309: result: yes
configure:16382: checking for pkg-config
configure:16400: found /usr/bin/pkg-config
configure:16412: result: /usr/bin/pkg-config
configure:16437: checking pkg-config is at least version 0.9.0
configure:16440: result: yes
configure:16450: checking for LIBUSB
configure:16457: $PKG_CONFIG --exists --print-errors "libusb-1.0 >= 1.0.0"
configure:16460: $? = 0
configure:16473: $PKG_CONFIG --exists --print-errors "libusb-1.0 >= 1.0.0"
configure:16476: $? = 0
configure:16535: result: yes
configure:16700: creating ./config.status

## ---------------------- ##
## Running config.status. ##
## ---------------------- ##

This file was extended by cc-tool config.status 0.26, which was
generated by GNU Autoconf 2.68.  Invocation command line was

  CONFIG_FILES    = 
  CONFIG_HEADERS  = 
  CONFIG_LINKS    = 
  CONFIG_COMMANDS = 
  $ ./config.status 

on linux-9ojj

config.status:1086: creating Makefile
config.status:1258: executing libtool commands

## ---------------- ##
## Cache variables. ##
## ---------------- ##

ac_cv_build=x86_64-unknown-linux-gnu
ac_cv_c_compiler_gnu=yes
ac_cv_cxx_compiler_gnu=yes
ac_cv_env_BOOST_ROOT_set=
ac_cv_env_BOOST_ROOT_value=
ac_cv_env_CCC_set=
ac_cv_env_CCC_value=
ac_cv_env_CC_set=
ac_cv_env_CC_value=
ac_cv_env_CFLAGS_set=
ac_cv_env_CFLAGS_value=
ac_cv_env_CPPFLAGS_set=
ac_cv_env_CPPFLAGS_value=
ac_cv_env_CPP_set=
ac_cv_env_CPP_value=
ac_cv_env_CXXCPP_set=
ac_cv_env_CXXCPP_value=
ac_cv_env_CXXFLAGS_set=
ac_cv_env_CXXFLAGS_value=
ac_cv_env_CXX_set=
ac_cv_env_CXX_value=
ac_cv_env_LDFLAGS_set=
ac_cv_env_LDFLAGS_value=
ac_cv_env_LIBS_set=
ac_cv_env_LIBS_value=
ac_cv_env_LIBUSB_CFLAGS_set=
ac_cv_env_LIBUSB_CFLAGS_value=
ac_cv_env_LIBUSB_LIBS_set=
ac_cv_env_LIBUSB_LIBS_value=
ac_cv_env_PKG_CONFIG_LIBDIR_set=
ac_cv_env_PKG_CONFIG_LIBDIR_value=
ac_cv_env_PKG_CONFIG_PATH_set=
ac_cv_env_PKG_CONFIG_PATH_value=
ac_cv_env_PKG_CONFIG_set=
ac_cv_env_PKG_CONFIG_value=
ac_cv_env_build_alias_set=
ac_cv_env_build_alias_value=
ac_cv_env_host_alias_set=
ac_cv_env_host_alias_value=
ac_cv_env_target_alias_set=
ac_cv_env_target_alias_value=
ac_cv_header_boost_algorithm_string_hpp=yes
ac_cv_header_boost_crc_hpp=yes
ac_cv_header_boost_filesystem_path_hpp=yes
ac_cv_header_boost_foreach_hpp=yes
ac_cv_header_boost_program_options_hpp=yes
ac_cv_header_boost_regex_hpp=yes
ac_cv_header_boost_scoped_ptr_hpp=yes
ac_cv_header_boost_shared_ptr_hpp=yes
ac_cv_header_boost_signals2_hpp=yes
ac_cv_header_boost_system_error_code_hpp=yes
ac_cv_header_dlfcn_h=yes
ac_cv_header_inttypes_h=yes
ac_cv_header_memory_h=yes
ac_cv_header_stdc=yes
ac_cv_header_stdint_h=yes
ac_cv_header_stdlib_h=yes
ac_cv_header_string_h=yes
ac_cv_header_strings_h=yes
ac_cv_header_sys_stat_h=yes
ac_cv_header_sys_types_h=yes
ac_cv_header_unistd_h=yes
ac_cv_host=x86_64-unknown-linux-gnu
ac_cv_objext=o
ac_cv_path_EGREP='/usr/bin/grep -E'
ac_cv_path_FGREP='/usr/bin/grep -F'
ac_cv_path_GREP=/usr/bin/grep
ac_cv_path_SED=/usr/bin/sed
ac_cv_path_ac_pt_PKG_CONFIG=/usr/bin/pkg-config
ac_cv_path_install='/usr/bin/install -c'
ac_cv_path_mkdir=/usr/bin/mkdir
ac_cv_prog_AWK=gawk
ac_cv_prog_CPP='gcc -E'
ac_cv_prog_CXXCPP='g++ -E'
ac_cv_prog_ac_ct_AR=ar
ac_cv_prog_ac_ct_CC=gcc
ac_cv_prog_ac_ct_CXX=g++
ac_cv_prog_ac_ct_MANIFEST_TOOL=mt
ac_cv_prog_ac_ct_OBJDUMP=objdump
ac_cv_prog_ac_ct_RANLIB=ranlib
ac_cv_prog_ac_ct_STRIP=strip
ac_cv_prog_cc_c89=
ac_cv_prog_cc_g=yes
ac_cv_prog_cxx_g=yes
ac_cv_prog_make_make_set=yes
am_cv_make_support_nested_variables=yes
boost_cv_inc_path=yes
boost_cv_lib_filesystem=yes
boost_cv_lib_filesystem_LDFLAGS='-L/usr/local/lib -Wl,-rpath,/usr/local/lib'
boost_cv_lib_filesystem_LDPATH=/usr/local/lib
boost_cv_lib_filesystem_LIBS=-lboost_filesystem-mt
boost_cv_lib_program_options=yes
boost_cv_lib_program_options_LDFLAGS='-L/usr/local/lib -Wl,-rpath,/usr/local/lib'
boost_cv_lib_program_options_LDPATH=/usr/local/lib
boost_cv_lib_program_options_LIBS=-lboost_program_options-mt
boost_cv_lib_regex=yes
boost_cv_lib_regex_LDFLAGS='-L/usr/local/lib -Wl,-rpath,/usr/local/lib'
boost_cv_lib_regex_LDPATH=/usr/local/lib
boost_cv_lib_regex_LIBS=-lboost_regex-mt
boost_cv_lib_system=yes
boost_cv_lib_system_LDFLAGS='-L/usr/local/lib -Wl,-rpath,/usr/local/lib'
boost_cv_lib_system_LDPATH=/usr/local/lib
boost_cv_lib_system_LIBS=-lboost_system-mt
boost_cv_lib_tag='gcc48 -gcc'
boost_cv_lib_version=1_54
lt_cv_ar_at_file=@
lt_cv_archive_cmds_need_lc=no
lt_cv_deplibs_check_method=pass_all
lt_cv_file_magic_cmd='$MAGIC_CMD'
lt_cv_file_magic_test_file=
lt_cv_ld_reload_flag=-r
lt_cv_nm_interface='BSD nm'
lt_cv_objdir=.libs
lt_cv_path_LD=/usr/x86_64-suse-linux/bin/ld
lt_cv_path_LDCXX='/usr/x86_64-suse-linux/bin/ld -m elf_x86_64'
lt_cv_path_NM='/usr/bin/nm -B'
lt_cv_path_mainfest_tool=no
lt_cv_prog_compiler_c_o=yes
lt_cv_prog_compiler_c_o_CXX=yes
lt_cv_prog_compiler_pic='-fPIC -DPIC'
lt_cv_prog_compiler_pic_CXX='-fPIC -DPIC'
lt_cv_prog_compiler_pic_works=yes
lt_cv_prog_compiler_pic_works_CXX=yes
lt_cv_prog_compiler_rtti_exceptions=no
lt_cv_prog_compiler_static_works=no
lt_cv_prog_compiler_static_works_CXX=no
lt_cv_prog_gnu_ld=yes
lt_cv_prog_gnu_ldcxx=yes
lt_cv_sharedlib_from_linklib_cmd='printf %s\n'
lt_cv_shlibpath_overrides_runpath=yes
lt_cv_sys_global_symbol_pipe='sed -n -e '\''s/^.*[	 ]\([ABCDGIRSTW][ABCDGIRSTW]*\)[	 ][	 ]*\([_A-Za-z][_A-Za-z0-9]*\)$/\1 \2 \2/p'\'' | sed '\''/ __gnu_lto/d'\'''
lt_cv_sys_global_symbol_to_c_name_address='sed -n -e '\''s/^: \([^ ]*\)[ ]*$/  {\"\1\", (void *) 0},/p'\'' -e '\''s/^[ABCDGIRSTW]* \([^ ]*\) \([^ ]*\)$/  {"\2", (void *) \&\2},/p'\'''
lt_cv_sys_global_symbol_to_c_name_address_lib_prefix='sed -n -e '\''s/^: \([^ ]*\)[ ]*$/  {\"\1\", (void *) 0},/p'\'' -e '\''s/^[ABCDGIRSTW]* \([^ ]*\) \(lib[^ ]*\)$/  {"\2", (void *) \&\2},/p'\'' -e '\''s/^[ABCDGIRSTW]* \([^ ]*\) \([^ ]*\)$/  {"lib\2", (void *) \&\2},/p'\'''
lt_cv_sys_global_symbol_to_cdecl='sed -n -e '\''s/^T .* \(.*\)$/extern int \1();/p'\'' -e '\''s/^[ABCDGIRSTW]* .* \(.*\)$/extern char \1;/p'\'''
lt_cv_sys_max_cmd_len=1572864
lt_cv_to_host_file_cmd=func_convert_file_noop
lt_cv_to_tool_file_cmd=func_convert_file_noop
pkg_cv_LIBUSB_CFLAGS='-I/usr/include/libusb-1.0 '
pkg_cv_LIBUSB_LIBS='-lusb-1.0 '

## ----------------- ##
## Output variables. ##
## ----------------- ##

ACLOCAL='${SHELL} /home/jacky/work/cc-tool/missing --run aclocal-1.11'
AMTAR='$${TAR-tar}'
AM_BACKSLASH='\'
AM_DEFAULT_V='$(AM_DEFAULT_VERBOSITY)'
AM_DEFAULT_VERBOSITY='0'
AM_V='$(V)'
AR='ar'
AUTOCONF='${SHELL} /home/jacky/work/cc-tool/missing --run autoconf'
AUTOHEADER='${SHELL} /home/jacky/work/cc-tool/missing --run autoheader'
AUTOMAKE='${SHELL} /home/jacky/work/cc-tool/missing --run automake-1.11'
AWK='gawk'
BOOST_CPPFLAGS=''
BOOST_FILESYSTEM_LDFLAGS='-L/usr/local/lib -Wl,-rpath,/usr/local/lib'
BOOST_FILESYSTEM_LDPATH='/usr/local/lib'
BOOST_FILESYSTEM_LIBS='-lboost_filesystem-mt'
BOOST_LDPATH='/usr/local/lib'
BOOST_PROGRAM_OPTIONS_LDFLAGS='-L/usr/local/lib -Wl,-rpath,/usr/local/lib'
BOOST_PROGRAM_OPTIONS_LDPATH='/usr/local/lib'
BOOST_PROGRAM_OPTIONS_LIBS='-lboost_program_options-mt'
BOOST_REGEX_LDFLAGS='-L/usr/local/lib -Wl,-rpath,/usr/local/lib'
BOOST_REGEX_LDPATH='/usr/local/lib'
BOOST_REGEX_LIBS='-lboost_regex-mt'
BOOST_ROOT=''
BOOST_SYSTEM_LDFLAGS='-L/usr/local/lib -Wl,-rpath,/usr/local/lib'
BOOST_SYSTEM_LDPATH='/usr/local/lib'
BOOST_SYSTEM_LIBS='-lboost_system-mt'
CC='gcc'
CFLAGS='-g -O2'
CPP='gcc -E'
CPPFLAGS=''
CXX='g++'
CXXCPP='g++ -E'
CXXFLAGS='-g -O2'
CYGPATH_W='echo'
DEFS='-DPACKAGE_NAME=\"cc-tool\" -DPACKAGE_TARNAME=\"cc-tool\" -DPACKAGE_VERSION=\"0.26\" -DPACKAGE_STRING=\"cc-tool\ 0.26\" -DPACKAGE_BUGREPORT=\"george-u@yandex.com\" -DPACKAGE_URL=\"\" -DPACKAGE=\"cc-tool\" -DVERSION=\"0.26\" -DSTDC_HEADERS=1 -DHAVE_SYS_TYPES_H=1 -DHAVE_SYS_STAT_H=1 -DHAVE_STDLIB_H=1 -DHAVE_STRING_H=1 -DHAVE_MEMORY_H=1 -DHAVE_STRINGS_H=1 -DHAVE_INTTYPES_H=1 -DHAVE_STDINT_H=1 -DHAVE_UNISTD_H=1 -DHAVE_DLFCN_H=1 -DLT_OBJDIR=\".libs/\" -DHAVE_BOOST=1 -DHAVE_BOOST_PROGRAM_OPTIONS_HPP=1 -DHAVE_BOOST_SYSTEM_ERROR_CODE_HPP=1 -DHAVE_BOOST_REGEX_HPP=1 -DHAVE_BOOST_SYSTEM_ERROR_CODE_HPP=1 -DHAVE_BOOST_FILESYSTEM_PATH_HPP=1 -DHAVE_BOOST_FOREACH_HPP=1 -DHAVE_BOOST_SCOPED_PTR_HPP=1 -DHAVE_BOOST_SHARED_PTR_HPP=1 -DHAVE_BOOST_ALGORITHM_STRING_HPP=1 -DHAVE_BOOST_SIGNALS2_HPP=1 -DHAVE_BOOST_CRC_HPP=1'
DISTCHECK_CONFIGURE_FLAGS=' '\''--with-boost='\'''
DLLTOOL='false'
DSYMUTIL=''
DUMPBIN=''
ECHO_C=''
ECHO_N='-n'
ECHO_T=''
EGREP='/usr/bin/grep -E'
EXEEXT=''
FGREP='/usr/bin/grep -F'
GREP='/usr/bin/grep'
INSTALL_DATA='${INSTALL} -m 644'
INSTALL_PROGRAM='${INSTALL}'
INSTALL_SCRIPT='${INSTALL}'
INSTALL_STRIP_PROGRAM='$(install_sh) -c -s'
LD='/usr/x86_64-suse-linux/bin/ld -m elf_x86_64'
LDFLAGS=''
LIBOBJS=''
LIBS=''
LIBTOOL='$(SHELL) $(top_builddir)/libtool'
LIBUSB_CFLAGS='-I/usr/include/libusb-1.0 '
LIBUSB_LIBS='-lusb-1.0 '
LIPO=''
LN_S='ln -s'
LTLIBOBJS=''
MAKEINFO='${SHELL} /home/jacky/work/cc-tool/missing --run makeinfo'
MANIFEST_TOOL=':'
MKDIR_P='/usr/bin/mkdir -p'
NM='/usr/bin/nm -B'
NMEDIT=''
OBJDUMP='objdump'
OBJEXT='o'
OTOOL64=''
OTOOL=''
PACKAGE='cc-tool'
PACKAGE_BUGREPORT='george-u@yandex.com'
PACKAGE_NAME='cc-tool'
PACKAGE_STRING='cc-tool 0.26'
PACKAGE_TARNAME='cc-tool'
PACKAGE_URL=''
PACKAGE_VERSION='0.26'
PATH_SEPARATOR=':'
PKG_CONFIG='/usr/bin/pkg-config'
PKG_CONFIG_LIBDIR=''
PKG_CONFIG_PATH=''
RANLIB='ranlib'
SED='/usr/bin/sed'
SET_MAKE=''
SHELL='/bin/sh'
STRIP='strip'
VERSION='0.26'
ac_ct_AR='ar'
ac_ct_CC='gcc'
ac_ct_CXX='g++'
ac_ct_DUMPBIN=''
am__EXEEXT_FALSE=''
am__EXEEXT_TRUE='#'
am__isrc=''
am__leading_dot='.'
am__tar='$${TAR-tar} chof - "$$tardir"'
am__untar='$${TAR-tar} xf -'
bindir='${exec_prefix}/bin'
build='x86_64-unknown-linux-gnu'
build_alias=''
build_cpu='x86_64'
build_os='linux-gnu'
build_vendor='unknown'
datadir='${datarootdir}'
datarootdir='${prefix}/share'
docdir='${datarootdir}/doc/${PACKAGE_TARNAME}'
dvidir='${docdir}'
exec_prefix='${prefix}'
host='x86_64-unknown-linux-gnu'
host_alias=''
host_cpu='x86_64'
host_os='linux-gnu'
host_vendor='unknown'
htmldir='${docdir}'
includedir='${prefix}/include'
infodir='${datarootdir}/info'
install_sh='${SHELL} /home/jacky/work/cc-tool/install-sh'
libdir='${exec_prefix}/lib64'
libexecdir='${exec_prefix}/lib'
localedir='${datarootdir}/locale'
localstatedir='${prefix}/var'
mandir='${datarootdir}/man'
mkdir_p='/usr/bin/mkdir -p'
oldincludedir='/usr/include'
pdfdir='${docdir}'
prefix='/usr/local'
program_transform_name='s,x,x,'
psdir='${docdir}'
sbindir='${exec_prefix}/sbin'
sharedstatedir='${prefix}/com'
sysconfdir='${prefix}/etc'
target_alias=''

## ----------- ##
## confdefs.h. ##
## ----------- ##

/* confdefs.h */
#define PACKAGE_NAME "cc-tool"
#define PACKAGE_TARNAME "cc-tool"
#define PACKAGE_VERSION "0.26"
#define PACKAGE_STRING "cc-tool 0.26"
#define PACKAGE_BUGREPORT "george-u@yandex.com"
#define PACKAGE_URL ""
#define PACKAGE "cc-tool"
#define VERSION "0.26"
#define STDC_HEADERS 1
#define HAVE_SYS_TYPES_H 1
#define HAVE_SYS_STAT_H 1
#define HAVE_STDLIB_H 1
#define HAVE_STRING_H 1
#define HAVE_MEMORY_H 1
#define HAVE_STRINGS_H 1
#define HAVE_INTTYPES_H 1
#define HAVE_STDINT_H 1
#define HAVE_UNISTD_H 1
#define HAVE_DLFCN_H 1
#define LT_OBJDIR ".libs/"
#define HAVE_BOOST 1
#define HAVE_BOOST_PROGRAM_OPTIONS_HPP 1
#define HAVE_BOOST_SYSTEM_ERROR_CODE_HPP 1
#define HAVE_BOOST_REGEX_HPP 1
#define HAVE_BOOST_SYSTEM_ERROR_CODE_HPP 1
#define HAVE_BOOST_FILESYSTEM_PATH_HPP 1
#define HAVE_BOOST_FOREACH_HPP 1
#define HAVE_BOOST_SCOPED_PTR_HPP 1
#define HAVE_BOOST_SHARED_PTR_HPP 1
#define HAVE_BOOST_ALGORITHM_STRING_HPP 1
#define HAVE_BOOST_SIGNALS2_HPP 1
#define HAVE_BOOST_CRC_HPP 1

configure: exit 0
